2024-05-15 16:33:31 + : Android67409672  || pb-IF4UURZdHQ== || joined server 
2024-05-15 16:34:07 + : Faiza9040  || pb-IF4lURQEPQ== || joined server 
2024-05-15 16:36:34 + : Velan105  || pb-IF4IUHomFA== || joined server 
2024-05-15 16:39:10 + : Rehant13  || pb-IF4DUGEaEw== || joined server 
2024-05-15 16:39:29 + : CrankyJac2  || None || joined server 
2024-05-15 16:39:30 + : CrankyJac2  || pb-IF4tVREBXA== || joined server 
2024-05-15 20:02:04 + : SARA0786  || pb-JiNJARFeXENAVF5FEkFQXFVBGUJWTlVH || joined server 
2024-05-15 20:02:43 + : SARA0786  || None || joined server 
2024-05-15 20:02:44 + : SARA0786  || pb-JiNJARFeXENAVF5FEkFQXFVBGUJWTlVH || joined server 
2024-05-15 20:04:37 + : SARA0786  || None || joined server 
2024-07-04 23:03:38 + : V0RT3X  || pb-IF4BUlQBJw== || joined server 
2024-07-04 23:07:36 + : NNOOOOBBSS  || pb-IF4pU2I4Pw== || joined server 
2024-07-04 23:07:53 + : V0RT3X  || None || joined server 
2024-07-04 23:07:54 + : V0RT3X  || pb-IF4BUlQBJw== || joined server 
2024-07-04 23:08:24 + : Fourte1103  || pb-IF4nUWQxHw== || joined server 
2024-07-04 23:12:27 + : V0RT3X  || pb-IF4BUlQBJw== || joined server 
2024-07-04 23:14:46 + : V0RT3X  || None || joined server 
2024-07-04 23:14:47 + : V0RT3X  || pb-IF4BUlQBJw== || joined server 
2024-07-04 23:16:14 + : V0RT3X  || None || joined server 
2024-07-04 23:16:15 + : V0RT3X  || pb-IF4BUlQBJw== || joined server 
2024-07-04 23:16:50 + : ZEUS609  || pb-IF4UU2ldEg== || joined server 
2024-07-04 23:18:59 + : PC591985  || pb-IF4KUBQFJA== || joined server 
2024-07-04 23:20:06 + : masterGG  || pb-IF4GUEFaJg== || joined server 
2024-07-04 23:22:03 + : DoBlehGreg  || None || joined server 
2024-07-04 23:22:04 + : DoBlehGreg  || pb-IF4-VXk-Mg== || joined server 
2024-07-04 23:24:58 + : Android66440089  || pb-IF5RUE0ABg== || joined server 
2024-07-04 23:25:16 + : V0RT3X  || pb-IF4BUlQBJw== || joined server 
2024-07-04 23:25:56 + : heymigs13  || pb-IF4gU1EhDQ== || joined server 
2024-07-04 23:29:40 + : RoyalAcco4  || None || joined server 
2024-07-04 23:29:41 + : RoyalAcco4  || pb-IF4oVWgMDA== || joined server 
2024-07-04 23:32:22 + : Fruitle182  || pb-IF5TUhAELw== || joined server 
2024-07-04 23:32:49 + : justalonel  || None || joined server 
2024-07-04 23:32:50 + : justalonel  || pb-IF4GUEMzLg== || joined server 
2024-07-04 23:34:16 + : NoobMas167  || pb-IF4GURNbPQ== || joined server 
2024-07-04 23:39:45 + : Companion3  || pb-IF4HU3YGBw== || joined server 
2024-07-04 23:43:41 + : Unearne423  || pb-IF4QUFgyCg== || joined server 
2024-07-05 00:07:16 + : BCS  || None || joined server 
2024-07-05 00:07:17 + : BCS  || pb-IF4iU0QaEw== || joined server 
2024-07-05 00:29:24 + : BCS  || None || joined server 
2024-07-05 00:29:25 + : BCS  || pb-IF4iU0QaEw== || joined server 
2024-07-05 00:30:10 + : TUSHAR1PUB  || pb-IF41NnYI || joined server 
2024-07-05 00:51:14 + : BCS  || None || joined server 
2024-07-05 00:51:15 + : BCS  || pb-IF4iU0QaEw== || joined server 
2024-07-05 00:58:32 + : Avalolli  || pb-IF40UEwoPA== || joined server 
2024-07-05 00:58:45 + : Avalolli  || None || joined server 
2024-07-05 00:58:46 + : Avalolli  || pb-IF40UEwoPA== || joined server 
2024-07-05 01:01:18 + : Stormster  || None || joined server 
2024-07-05 01:01:19 + : Stormster  || pb-IF4NU1lYFg== || joined server 
2024-07-05 01:01:44 + : Avalolli  || None || joined server 
2024-07-05 01:01:45 + : Avalolli  || pb-IF40UEwoPA== || joined server 
2024-07-05 01:02:06 + : TUSHAR1PUB  || None || joined server 
2024-07-05 01:02:16 + : Optimis530  || None || joined server 
2024-07-05 01:02:17 + : Optimis530  || pb-IF4wU0JbKg== || joined server 
2024-07-05 01:03:00 + : Stormster  || None || joined server 
2024-07-05 01:03:01 + : Stormster  || pb-IF4NU1lYFg== || joined server 
2024-07-05 01:03:32 + : Stormster  || pb-IF4NU1lYFg== || joined server 
2024-07-05 01:04:02 + : Stormster  || None || joined server 
2024-07-05 01:04:03 + : Stormster  || pb-IF4NU1lYFg== || joined server 
2024-07-05 01:05:36 + : Stormster  || None || joined server 
2024-07-05 01:05:37 + : Stormster  || pb-IF4NU1lYFg== || joined server 
2024-07-05 01:06:00 + : Noonme1380  || None || joined server 
2024-07-05 01:06:01 + : Noonme1380  || pb-IF4FUkIOFg== || joined server 
2024-07-05 01:06:23 + : Stormster  || pb-IF4NU1lYFg== || joined server 
2024-07-05 01:06:59 + : Stormster  || pb-IF4NU1lYFg== || joined server 
2024-07-05 01:10:41 + : Android67524495  || pb-IF4PURkRFw== || joined server 
2024-07-05 01:10:55 + : Nihal18  || pb-IF5dUnMoVQ== || joined server 
2024-07-05 01:14:02 + : BCS  || pb-IF4iU0QaEw== || joined server 
2024-07-05 01:16:23 + : Stormster  || None || joined server 
2024-07-05 01:16:24 + : Stormster  || pb-IF4NU1lYFg== || joined server 
2024-07-05 01:32:11 + : Avalolli  || None || joined server 
2024-07-05 01:32:12 + : Avalolli  || pb-IF40UEwoPA== || joined server 
2024-07-05 01:36:19 + : BCS  || None || joined server 
2024-07-05 01:36:20 + : BCS  || pb-IF4iU0QaEw== || joined server 
2024-07-05 02:20:43 + : BCS  || pb-IF4iU0QaEw== || joined server 
2024-07-05 02:42:50 + : BCS  || pb-IF4iU0QaEw== || joined server 
2024-07-05 03:04:09 + : BCS  || pb-IF4iU0QaEw== || joined server 
2024-07-05 03:25:48 + : BCS  || pb-IF4iU0QaEw== || joined server 
2024-07-05 03:41:38 + : NoName7747799  || pb-IF4MUxVTLg== || joined server 
2024-07-05 03:42:17 + : LengthyGr2  || pb-IF4WUGkzFA== || joined server 
2024-07-05 03:43:54 + : Carl3413  || None || joined server 
2024-07-05 03:43:55 + : Carl3413  || pb-IF4KUWM5KQ== || joined server 
2024-07-05 03:44:56 + : Android64022296  || None || joined server 
2024-07-05 09:10:55 + : V0RT3X  || pb-IF4BUlQBJw== || joined server 
2024-07-05 09:11:27 + : YashGabani  || None || joined server 
2024-07-05 09:11:28 + : YashGabani  || pb-IF4pU1FYDQ== || joined server 
2024-07-05 09:11:37 + : ZEUS609  || pb-IF4UU2ldEg== || joined server 
2025-04-11 11:54:42 + : atkiller  || pb-IF4BUnQ-PA== || joined server 
2025-04-11 11:56:10 + : LeadingCu2  || None || joined server 
2025-04-11 11:56:11 + : LeadingCu2  || pb-IF4qUEQpAw== || joined server 
2025-04-11 12:01:11 + : atkiller  || pb-IF4BUnQ-PA== || joined server 
2025-04-11 12:01:28 + : atkiller  || None || joined server 
2025-04-11 12:01:29 + : atkiller  || pb-IF4BUnQ-PA== || joined server 
2025-04-11 12:03:10 + : BCS  || None || joined server 
2025-04-11 12:03:11 + : BCS  || pb-IF4iU0QaEw== || joined server 
2025-04-11 12:15:12 + : LostGalaxy  || None || joined server 
2025-04-11 12:15:13 + : LostGalaxy  || pb-IF4WUUozUw== || joined server 
2025-04-11 12:16:05 + : atkiller  || pb-IF4BUnQ-PA== || joined server 
2025-04-11 12:16:50 + : ZiddiBoy21  || pb-IF4gUHAoBw== || joined server 
2025-04-11 12:18:26 + : MaximalGi2  || pb-IF4RUG1YMQ== || joined server 
2025-04-11 12:18:57 + : sherlock42  || None || joined server 
2025-04-11 12:18:58 + : sherlock42  || pb-IF40UUQAJA== || joined server 
2025-04-11 12:19:25 + : atkiller  || pb-IF4BUnQ-PA== || joined server 
2025-04-11 12:20:07 + : aditdeshpa  || pb-IF4OU3QFNQ== || joined server 
2025-04-11 12:20:48 + : FunkyOoze5  || pb-IF4WU1MsAw== || joined server 
2025-04-11 12:21:25 + : OrangeRid3  || pb-IF4MV2FeCg== || joined server 
2025-04-11 12:21:54 + : TeraBaap11  || pb-IF5dUxkqDg== || joined server 
2025-04-11 12:23:20 + : atkiller  || pb-IF4BUnQ-PA== || joined server 
2025-04-11 12:24:24 + : BCS  || pb-IF4iU0QaEw== || joined server 
2025-04-11 12:24:48 + : TeeratapMT  || pb-IF4tUloDUw== || joined server 
2025-04-11 12:25:00 + : NoNameC4266274  || pb-IF42UEY-NQ== || joined server 
2025-04-11 12:38:12 + : atkiller  || None || joined server 
2025-04-11 12:38:13 + : atkiller  || pb-IF4BUnQ-PA== || joined server 
2025-04-11 12:39:24 + : BazingasBe  || None || joined server 
2025-04-11 12:39:25 + : BazingasBe  || pb-IF4FUXcoHw== || joined server 
2025-04-11 12:40:28 + : LongQuarte  || pb-IF4zUUceEg== || joined server 
2025-04-11 12:42:10 + : BazingasBe  || pb-IF4FUXcoHw== || joined server 
2025-04-11 12:43:24 + : BazingasBe  || pb-IF4FUXcoHw== || joined server 
2025-04-11 12:43:46 + : LongQuarte  || pb-IF4zUUceEg== || joined server 
2025-04-11 12:45:07 + : Roziii  || None || joined server 
2025-04-11 12:45:08 + : Roziii  || pb-IF4MUXoKFg== || joined server 
2025-04-11 12:46:48 + : BazingasBe  || pb-IF4FUXcoHw== || joined server 
2025-04-11 12:47:04 + : AceGenera3  || None || joined server 
2025-04-11 12:47:05 + : AceGenera3  || pb-IF49VRUmFQ== || joined server 
2025-04-11 12:48:26 + : BazingasBe  || None || joined server 
2025-04-11 12:48:27 + : BazingasBe  || pb-IF4FUXcoHw== || joined server 
2025-04-11 12:48:43 + : Taj0023  || pb-IF4-UXMZDw== || joined server 
2025-04-11 12:49:06 + : Taj0023  || pb-IF4-UXMZDw== || joined server 
2025-04-11 12:49:06 + : BazingasBe  || None || joined server 
2025-04-11 12:49:06 + : atkiller  || None || joined server 
2025-04-11 12:49:18 + : BazingasBe  || pb-IF4FUXcoHw== || joined server 
2025-04-11 12:49:33 + : atkiller  || pb-IF4BUnQ-PA== || joined server 
2025-04-11 12:49:39 + : BazingasBe  || None || joined server 
2025-04-11 12:49:40 + : BazingasBe  || pb-IF4FUXcoHw== || joined server 
2025-04-11 12:51:19 + : atkiller  || pb-IF4BUnQ-PA== || joined server 
2025-04-11 12:54:02 + : atkiller  || pb-IF4BUnQ-PA== || joined server 
2025-04-11 12:54:28 + : LostGalaxy  || pb-IF4WUUozUw== || joined server 
2025-04-11 12:54:45 + : BazingasBe  || pb-IF4FUXcoHw== || joined server 
2025-04-11 12:55:20 + : atkiller  || pb-IF4BUnQ-PA== || joined server 
2025-04-11 12:58:58 + : LostGalaxy  || pb-IF4WUUozUw== || joined server 
2025-04-11 12:58:59 + : atkiller  || pb-IF4BUnQ-PA== || joined server 
2025-04-11 12:59:42 + : BazingasBe  || pb-IF4FUXcoHw== || joined server 
2025-04-11 13:00:15 + : LostGalaxy  || None || joined server 
2025-04-11 13:00:16 + : LostGalaxy  || pb-IF4WUUozUw== || joined server 
2025-04-11 13:01:30 + : BazingasBe  || pb-IF4FUXcoHw== || joined server 
2025-04-11 13:01:49 + : BazingasBe  || None || joined server 
2025-04-11 13:01:50 + : BazingasBe  || pb-IF4FUXcoHw== || joined server 
2025-04-11 13:16:06 + : LostGalaxy  || pb-IF4WUUozUw== || joined server 
2025-04-11 13:16:16 + : LostGalaxy  || None || joined server 
2025-04-11 13:16:17 + : LostGalaxy  || pb-IF4WUUozUw== || joined server 
2025-04-11 13:18:47 + : LostGalaxy  || pb-IF4WUUozUw== || joined server 
2025-04-11 13:19:05 + : LostGalaxy  || pb-IF4WUUozUw== || joined server 
2025-04-11 13:19:40 + : starbazar9  || pb-IF4IUUlZJA== || joined server 
2025-04-11 13:21:20 + : wonderofu  || pb-IF4oUXgnKg== || joined server 
2025-04-11 13:21:26 + : atkiller  || pb-IF4BUnQ-PA== || joined server 
2025-04-11 13:21:28 + : wonderofu  || pb-IF4oUXgnKg== || joined server 
2025-04-11 13:21:54 + : Vansh8790  || None || joined server 
2025-04-11 13:21:55 + : Vansh8790  || pb-IF4XUXc5Bg== || joined server 
2025-04-11 13:22:18 + : LostGalaxy  || None || joined server 
2025-04-11 13:22:19 + : LostGalaxy  || pb-IF4WUUozUw== || joined server 
2025-04-11 13:23:36 + : MarkedAest  || None || joined server 
2025-04-11 13:23:37 + : MarkedAest  || pb-IF41UFoZEA== || joined server 
2025-04-11 13:24:00 + : CoastalOra  || None || joined server 
2025-04-11 13:27:29 + : LostGalaxy  || pb-IF4WUUozUw== || joined server 
2025-04-11 13:27:29 + : atkiller  || None || joined server 
2025-04-11 13:28:07 + : atkiller  || None || joined server 
2025-04-11 13:28:08 + : starbazar9  || pb-IF4IUUlZJA== || joined server 
2025-04-11 13:36:47 + : LostGalaxy  || pb-IF4WUUozUw== || joined server 
2025-04-11 13:37:58 + : atkiller  || pb-IF4BUnQ-PA== || joined server 
2025-04-11 13:38:07 + : Hygieni206  || pb-IF4qUG5SLw== || joined server 
2025-04-11 13:39:20 + : LostGalaxy  || None || joined server 
2025-04-11 13:39:21 + : LostGalaxy  || pb-IF4WUUozUw== || joined server 
2025-04-11 13:48:48 + : CherryDeri  || None || joined server 
2025-04-11 13:48:49 + : CherryDeri  || pb-IF4CUBg9VQ== || joined server 
2025-04-11 13:56:07 + : BCS  || pb-IF4iU0QaEw== || joined server 
2025-04-11 14:03:33 + : atkiller  || pb-IF4BUnQ-PA== || joined server 
2025-04-11 14:04:02 + : Mrleoco532  || pb-IF4CUhUlFg== || joined server 
2025-04-11 14:12:22 + : WickedSq14  || pb-IF4JUUo_Fg== || joined server 
2025-04-11 14:20:06 + : BCS  || pb-IF4iU0QaEw== || joined server 
2025-04-11 14:30:41 + : Abduallah2  || None || joined server 
2025-04-11 14:30:42 + : Abduallah2  || pb-IF5cVGMGJg== || joined server 
2025-04-11 14:32:52 + : LostGalaxy  || None || joined server 
2025-04-11 14:32:53 + : LostGalaxy  || pb-IF4WUUozUw== || joined server 
2025-04-11 14:42:12 + : atkiller  || None || joined server 
2025-04-11 14:42:13 + : atkiller  || pb-IF4BUnQ-PA== || joined server 
2025-04-11 14:42:33 + : LostGalaxy  || None || joined server 
2025-04-11 14:42:34 + : LostGalaxy  || pb-IF4WUUozUw== || joined server 
2025-04-11 14:48:23 + : LostGalaxy  || None || joined server 
2025-04-11 14:48:24 + : LostGalaxy  || pb-IF4WUUozUw== || joined server 
2025-04-11 14:48:49 + : LostGalaxy  || pb-IF4WUUozUw== || joined server 
2025-04-11 14:49:04 + : vimal007  || pb-IF4cUUpeMQ== || joined server 
2025-04-11 14:52:10 + : LostGalaxy  || pb-IF4WUUozUw== || joined server 
2025-04-11 14:52:10 + : ItzYashly  || pb-IF43UGEmCw== || joined server 
2025-04-11 14:52:37 + : LostGalaxy  || None || joined server 
2025-04-11 14:52:38 + : LostGalaxy  || pb-IF4WUUozUw== || joined server 
2025-04-11 14:52:54 + : vimal007  || None || joined server 
2025-04-11 14:52:55 + : vimal007  || pb-IF4cUUpeMQ== || joined server 
2025-04-11 14:53:04 + : ItzYashly  || pb-IF43UGEmCw== || joined server 
2025-04-11 14:54:20 + : ItzYashly  || pb-IF43UGEmCw== || joined server 
2025-04-11 14:55:38 + : atkiller  || pb-IF4BUnQ-PA== || joined server 
2025-04-11 14:55:59 + : daric  || None || joined server 
2025-04-11 14:56:00 + : daric  || pb-IF4nUUg-NA== || joined server 
2025-04-11 14:56:18 + : Android67431633  || pb-IF5WURgvCQ== || joined server 
2025-04-11 15:00:04 + : LostGalaxy  || pb-IF4WUUozUw== || joined server 
2025-04-11 15:00:04 + : atkiller  || pb-IF4BUnQ-PA== || joined server 
2025-04-11 15:00:53 + : Android65835029  || None || joined server 
2025-04-11 15:00:54 + : Android65835029  || pb-IF4UUHcMDw== || joined server 
2025-04-11 15:03:03 + : BCS  || None || joined server 
2025-04-11 15:03:04 + : BCS  || pb-IF4iU0QaEw== || joined server 
2025-04-11 15:05:15 + : Voltairexd  || None || joined server 
2025-04-11 15:05:16 + : Voltairexd  || pb-IF42UUgMIQ== || joined server 
2025-04-11 15:05:34 + : Android65835029  || pb-IF4UUHcMDw== || joined server 
2025-04-11 15:05:37 + : atkiller  || None || joined server 
2025-04-11 15:05:38 + : LostGalaxy  || pb-IF4WUUozUw== || joined server 
2025-04-11 15:05:38 + : atkiller  || pb-IF4BUnQ-PA== || joined server 
2025-04-11 15:07:05 + : Android67109047  || pb-IF5UURAZBg== || joined server 
2025-04-11 15:10:35 + : CrypticLum  || None || joined server 
2025-04-11 15:10:36 + : CrypticLum  || pb-IF4OUUkOVw== || joined server 
2025-04-11 15:11:37 + : Lonesom155  || pb-IF48UWgZMQ== || joined server 
2025-04-11 15:12:16 + : Android65835029  || None || joined server 
2025-04-11 15:12:17 + : Android65835029  || pb-IF4UUHcMDw== || joined server 
2025-04-11 15:13:56 + : Wordles500  || pb-IF4oUUUPNA== || joined server 
2025-04-11 15:21:48 + : bbkaledbb2  || pb-IF4NV1kEVw== || joined server 
2025-04-11 15:22:44 + : atkiller  || None || joined server 
2025-04-11 15:22:45 + : atkiller  || pb-IF4BUnQ-PA== || joined server 
2025-04-11 15:23:11 + : Attitud166  || pb-IF4LU04tLg== || joined server 
2025-04-11 15:23:13 + : atkiller  || pb-IF4BUnQ-PA== || joined server 
2025-04-11 15:24:17 + : LuckyPill1  || pb-IF4yUXgkBA== || joined server 
2025-04-11 15:24:56 + : BazingasBe  || None || joined server 
2025-04-11 15:24:57 + : BazingasBe  || pb-IF4FUXcoHw== || joined server 
2025-04-11 15:27:25 + : BCS  || None || joined server 
2025-04-11 15:27:26 + : BCS  || pb-IF4iU0QaEw== || joined server 
2025-04-11 15:28:50 + : atkiller  || None || joined server 
2025-04-11 15:28:51 + : atkiller  || pb-IF4BUnQ-PA== || joined server 
2025-04-11 15:29:36 + : atkiller  || None || joined server 
2025-04-11 16:10:53 + : atkiller  || pb-IF4BUnQ-PA== || joined server 
2025-04-11 16:11:58 + : atkiller  || None || joined server 
2025-04-11 16:11:59 + : atkiller  || pb-IF4BUnQ-PA== || joined server 
2025-04-11 16:12:07 + : atkiller  || None || joined server 
2025-04-11 16:12:09 + : atkiller  || pb-IF4BUnQ-PA== || joined server 
2025-04-11 16:13:07 + : Insince825  || pb-IF4iUFINMw== || joined server 
2025-04-11 16:13:26 + : atkiller  || None || joined server 
2025-04-11 16:13:27 + : atkiller  || pb-IF4BUnQ-PA== || joined server 
2025-04-11 16:13:33 + : EnviableEt  || None || joined server 
2025-04-11 16:13:34 + : EnviableEt  || pb-IF4qUUYvMA== || joined server 
2025-04-11 16:16:55 + : atkiller  || pb-IF4BUnQ-PA== || joined server 
2025-04-11 16:18:55 + : Hygieni206  || None || joined server 
2025-04-11 16:18:56 + : Hygieni206  || pb-IF4qUG5SLw== || joined server 
2025-04-11 16:20:33 + : BazingasBe  || pb-IF4FUXcoHw== || joined server 
2025-04-11 16:21:39 + : SallyGamin  || pb-IF4AUmkyUw== || joined server 
2025-04-11 16:22:02 + : Android68011094  || None || joined server 
2025-04-11 16:22:02 + : TruthfulV4  || pb-IF4HUBgzAw== || joined server 
2025-04-11 16:22:03 + : Android68011094  || pb-IF4CUUoYPQ== || joined server 
2025-04-11 16:22:21 + : TruthfulV4  || None || joined server 
2025-04-11 16:22:23 + : TruthfulV4  || pb-IF4HUBgzAw== || joined server 
2025-04-11 16:23:06 + : DEEPAKSM11  || pb-IF4OUXYFUw== || joined server 
2025-04-11 16:23:08 + : DistantGr3  || pb-IF4PUmYNBA== || joined server 
2025-04-11 16:23:36 + : ProteanShe  || None || joined server 
2025-04-11 16:23:37 + : ProteanShe  || pb-IF4BUXQdLw== || joined server 
2025-04-11 16:24:07 + : Wordles500  || None || joined server 
2025-04-11 16:24:08 + : Wordles500  || pb-IF4oUUUPNA== || joined server 
2025-04-11 16:24:30 + : Adhilbee  || pb-IF5VUUs8HA== || joined server 
2025-04-11 16:24:31 + : Android68011094  || pb-IF4CUUoYPQ== || joined server 
2025-04-11 16:26:00 + : NikiAngel  || None || joined server 
2025-04-11 16:26:01 + : NikiAngel  || pb-IF43UkhbPA== || joined server 
2025-04-11 16:26:06 + : Confuse234  || None || joined server 
2025-04-11 16:26:07 + : Confuse234  || pb-IF4qURdbLg== || joined server 
2025-04-11 16:26:25 + : Android68011094  || None || joined server 
2025-04-11 16:26:26 + : Android68011094  || pb-IF4CUUoYPQ== || joined server 
2025-04-11 16:26:29 + : BCS  || pb-IF4iU0QaEw== || joined server 
2025-04-11 16:26:42 + : Reactiv554  || None || joined server 
2025-04-11 16:26:43 + : Reactiv554  || pb-IF4RUUteHw== || joined server 
2025-04-11 16:28:00 + : Choops  || None || joined server 
2025-04-11 16:28:01 + : Choops  || pb-IF4XVHBdIQ== || joined server 
2025-04-11 16:30:47 + : Thunder0  || pb-IF4AUXAaIA== || joined server 
2025-04-11 16:30:53 + : EnviableEt  || pb-IF4qUUYvMA== || joined server 
2025-04-11 16:35:06 + : ExistentC3  || pb-IF4SVWoFUw== || joined server 
2025-04-11 16:38:59 + : atkiller  || pb-IF4BUnQ-PA== || joined server 
2025-04-11 16:41:52 + : Whiz  || pb-IF4gVGISPw== || joined server 
2025-04-11 16:42:28 + : Whiz  || pb-IF4gVGISPw== || joined server 
2025-04-11 16:42:32 + : atkiller  || pb-IF4BUnQ-PA== || joined server 
2025-04-11 16:42:50 + : BazingasBe  || None || joined server 
2025-04-11 16:42:51 + : BazingasBe  || pb-IF4FUXcoHw== || joined server 
2025-04-11 16:43:24 + : BazingasBe  || None || joined server 
2025-04-11 16:43:25 + : BazingasBe  || pb-IF4FUXcoHw== || joined server 
2025-04-11 16:45:05 + : Circumsp59  || None || joined server 
2025-04-11 16:45:06 + : Circumsp59  || pb-IF4KU1QMHQ== || joined server 
2025-04-11 16:45:33 + : Niggesh69  || pb-IF43UkE6Ew== || joined server 
2025-04-11 16:46:23 + : BazingasBe  || pb-IF4FUXcoHw== || joined server 
2025-04-11 16:46:31 + : Luff1  || pb-IF5dUUwMJw== || joined server 
2025-04-11 16:47:19 + : BazingasBe  || pb-IF4FUXcoHw== || joined server 
2025-04-11 16:48:10 + : PIRATE8  || None || joined server 
2025-04-11 16:48:11 + : PIRATE8  || pb-IF4HAHUO || joined server 
2025-04-11 16:50:23 + : tawfeeq264  || None || joined server 
2025-04-11 16:50:24 + : tawfeeq264  || pb-IF4VUUozFQ== || joined server 
2025-04-11 16:50:47 + : BCS  || pb-IF4iU0QaEw== || joined server 
2025-04-11 16:50:54 + : tawfeeq264  || None || joined server 
2025-04-11 16:50:55 + : tawfeeq264  || pb-IF4VUUozFQ== || joined server 
2025-04-11 16:51:19 + : CruddyGras  || None || joined server 
2025-04-11 16:51:20 + : CruddyGras  || pb-IF4XVWkGDA== || joined server 
2025-04-11 16:55:12 + : DaddyK  || pb-IF4pUUUGCg== || joined server 
2025-04-11 16:55:35 + : WornPerso2  || None || joined server 
2025-04-11 16:55:36 + : WornPerso2  || pb-IF43UnA4Vg== || joined server 
2025-04-11 16:56:30 + : YoungerSum  || pb-IF4DVRdZEw== || joined server 
2025-04-11 16:57:24 + : Conife2318  || None || joined server 
2025-04-11 16:57:25 + : Conife2318  || pb-IF4rUUkfMw== || joined server 
2025-04-11 16:59:57 + : Conife2318  || None || joined server 
2025-04-11 16:59:58 + : Conife2318  || pb-IF4rUUkfMw== || joined server 
2025-04-11 17:00:05 + : BazingasBe  || None || joined server 
2025-04-11 17:00:06 + : BazingasBe  || pb-IF4FUXcoHw== || joined server 
2025-04-11 17:03:53 + : DaringLaym  || None || joined server 
2025-04-11 17:03:54 + : DaringLaym  || pb-IF5TUxheUw== || joined server 
2025-04-11 17:04:59 + : HarshanSur  || pb-IF41VEk4Bg== || joined server 
2025-04-11 17:05:14 + : MIGHTYZ  || pb-IF4dUko8Lg== || joined server 
2025-04-11 17:06:41 + : XDialga1  || None || joined server 
2025-04-11 17:06:42 + : XDialga1  || pb-IF49UhAHLw== || joined server 
2025-04-11 17:07:02 + : ArmoredOrc  || None || joined server 
2025-04-11 17:07:03 + : ArmoredOrc  || pb-IF40UnoJUA== || joined server 
2025-04-11 17:07:39 + : aditdeshpa  || None || joined server 
2025-04-11 17:07:40 + : aditdeshpa  || pb-IF4OU3QFNQ== || joined server 
2025-04-11 17:08:45 + : harish18rc  || pb-IF41UUkYHQ== || joined server 
2025-04-11 17:09:23 + : WornPerso2  || None || joined server 
2025-04-11 17:09:24 + : WornPerso2  || pb-IF43UnA4Vg== || joined server 
2025-04-11 17:12:21 + : MIGHTYZ  || pb-IF4dUko8Lg== || joined server 
2025-04-11 17:13:59 + : Conver1292  || pb-IF40UWtbVg== || joined server 
2025-04-11 17:14:31 + : atkiller  || None || joined server 
2025-04-11 17:14:32 + : atkiller  || pb-IF4BUnQ-PA== || joined server 
2025-04-11 17:14:54 + : BCS  || pb-IF4iU0QaEw== || joined server 
2025-04-11 17:15:50 + : hiperman90  || pb-IF4jUUs4FQ== || joined server 
2025-04-11 17:18:59 + : arunrocky5  || pb-IF4zUXUfCw== || joined server 
2025-04-11 17:21:02 + : ArtlessAp2  || pb-IF5XUFY5Vw== || joined server 
2025-04-11 17:23:23 + : atkiller  || pb-IF4BUnQ-PA== || joined server 
2025-04-11 17:23:30 + : LostGalaxy  || pb-IF4WUUozUw== || joined server 
2025-04-11 17:24:19 + : atkiller  || pb-IF4BUnQ-PA== || joined server 
2025-04-11 17:24:38 + : Yawning119  || pb-JiNJARFbV0FDXVpAF0FVV1BKGERdQVZF || joined server 
2025-04-11 17:25:16 + : LostGalaxy  || None || joined server 
2025-04-11 17:25:17 + : LostGalaxy  || pb-IF4WUUozUw== || joined server 
2025-04-11 17:25:26 + : atkiller  || None || joined server 
2025-04-11 17:25:27 + : atkiller  || pb-IF4BUnQ-PA== || joined server 
2025-04-11 17:26:45 + : HaplessHea  || None || joined server 
2025-04-11 17:26:46 + : HaplessHea  || pb-IF4uUUYxBw== || joined server 
2025-04-11 17:27:26 + : LostGalaxy  || pb-IF4WUUozUw== || joined server 
2025-04-11 17:27:36 + : Motivati21  || pb-IF5SUxcmUA== || joined server 
2025-04-11 17:28:10 + : Fearle1170  || pb-IF48UUs6VA== || joined server 
2025-04-11 17:35:04 + : Motivati21  || None || joined server 
2025-04-11 17:35:05 + : Motivati21  || pb-IF5SUxcmUA== || joined server 
2025-04-11 17:37:38 + : BCS  || None || joined server 
2025-04-11 17:37:39 + : BCS  || pb-IF4iU0QaEw== || joined server 
2025-04-11 17:49:35 + : Humanit764  || pb-IF4cUUgxLw== || joined server 
2025-04-11 18:00:51 + : BCS  || None || joined server 
2025-04-11 18:00:52 + : BCS  || pb-IF4iU0QaEw== || joined server 
2025-04-11 18:01:54 + : christer14  || pb-IF4yVVhYEw== || joined server 
2025-04-11 18:02:10 + : Orderlycl4  || None || joined server 
2025-04-11 18:02:11 + : Orderlycl4  || pb-IF4FUGIPEA== || joined server 
2025-04-11 18:23:14 + : BCS  || None || joined server 
2025-04-11 18:23:15 + : BCS  || pb-IF4iU0QaEw== || joined server 
2025-04-11 18:32:41 + : Irrepa1041  || pb-IF4iUUk4PQ== || joined server 
2025-04-11 18:46:12 + : BCS  || None || joined server 
2025-04-11 18:46:13 + : BCS  || pb-IF4iU0QaEw== || joined server 
2025-04-11 18:48:20 + : ahmadsamar  || pb-IF4-UEksIQ== || joined server 
2025-04-11 18:53:08 + : Incomin479  || None || joined server 
2025-04-11 18:53:09 + : Incomin479  || pb-IF4yUmEtLA== || joined server 
2025-04-11 19:05:32 + : Jenishmodi  || None || joined server 
2025-04-11 19:05:33 + : Jenishmodi  || pb-JiNJVxBfVENDWF1GEEFRV11HF0ZYQFRE || joined server 
2025-04-11 19:08:39 + : BCS  || None || joined server 
2025-04-11 19:08:40 + : BCS  || pb-IF4iU0QaEw== || joined server 
2025-04-11 19:31:11 + : BCS  || pb-IF4iU0QaEw== || joined server 
2025-04-11 19:54:07 + : BCS  || pb-IF4iU0QaEw== || joined server 
2025-04-11 20:16:37 + : BCS  || None || joined server 
2025-04-11 20:16:38 + : BCS  || pb-IF4iU0QaEw== || joined server 
2025-04-11 20:40:06 + : BCS  || pb-IF4iU0QaEw== || joined server 
2025-04-11 21:02:24 + : BCS  || pb-IF4iU0QaEw== || joined server 
2025-04-11 21:25:26 + : BCS  || pb-IF4iU0QaEw== || joined server 
2025-04-11 21:48:24 + : BCS  || None || joined server 
2025-04-11 21:48:25 + : BCS  || pb-IF4iU0QaEw== || joined server 
2025-04-11 21:56:50 + : BaggyInfer  || pb-IF4sUm8sNg== || joined server 
2025-04-11 22:11:37 + : BCS  || None || joined server 
2025-04-11 22:11:38 + : BCS  || pb-IF4iU0QaEw== || joined server 
2025-04-11 22:23:42 + : SixModerni  || pb-IF5cUUkILQ== || joined server 
2025-04-11 22:28:41 + : Novio  || None || joined server 
2025-04-11 22:28:42 + : Novio  || pb-IF4UUFEBHQ== || joined server 
2025-04-11 22:33:28 + : BCS  || pb-IF4iU0QaEw== || joined server 
2025-04-11 22:55:51 + : BCS  || None || joined server 
2025-04-11 22:55:52 + : BCS  || pb-IF4iU0QaEw== || joined server 
2025-04-11 23:09:32 + : BCS  || pb-IF4iU0QaEw== || joined server 
2025-04-11 23:32:11 + : BCS  || pb-IF4iU0QaEw== || joined server 
2025-04-11 23:54:52 + : BCS  || pb-IF4iU0QaEw== || joined server 
2025-04-12 00:28:52 + : LostGalaxy  || pb-IF4WUUozUw== || joined server 
2025-04-12 00:40:17 + : BCS  || pb-IF4iU0QaEw== || joined server 
2025-04-12 00:48:38 + : LostGalaxy  || pb-IF4WUUozUw== || joined server 
2025-04-12 01:02:36 + : BCS  || None || joined server 
2025-04-12 01:02:37 + : BCS  || pb-IF4iU0QaEw== || joined server 
2025-04-12 01:03:05 + : atkiller  || None || joined server 
2025-04-12 01:03:06 + : atkiller  || pb-IF4BUnQ-PA== || joined server 
2025-04-12 01:06:35 + : Android68017611  || None || joined server 
2025-04-12 01:06:36 + : Android68017611  || pb-IF4yUUoeXQ== || joined server 
2025-04-12 01:25:08 + : BCS  || None || joined server 
2025-04-12 01:25:09 + : BCS  || pb-IF4iU0QaEw== || joined server 
2025-04-12 01:48:00 + : BCS  || pb-IF4iU0QaEw== || joined server 
2025-04-12 01:51:02 + : atkiller  || None || joined server 
2025-04-12 01:51:03 + : atkiller  || pb-IF4BUnQ-PA== || joined server 
2025-04-12 01:52:31 + : atkiller  || pb-IF4BUnQ-PA== || joined server 
2025-04-12 01:56:10 + : atkiller  || pb-IF4BUnQ-PA== || joined server 
2025-04-12 01:56:28 + : atkiller  || pb-IF4BUnQ-PA== || joined server 
2025-04-12 02:10:13 + : BCS  || None || joined server 
2025-04-12 02:10:14 + : BCS  || pb-IF4iU0QaEw== || joined server 
2025-04-12 02:10:39 + : atkiller  || pb-IF4BUnQ-PA== || joined server 
2025-04-12 02:11:52 + : Android65835029  || pb-IF4UUHcMDw== || joined server 
2025-04-12 02:14:55 + : Cazhanathe  || pb-IF4MUXgJEg== || joined server 
2025-04-12 02:15:06 + : YashuGamer  || None || joined server 
2025-04-12 02:15:07 + : YashuGamer  || pb-IF4xVWQECQ== || joined server 
2025-04-12 02:28:23 + : atkiller  || None || joined server 
2025-04-12 02:28:24 + : atkiller  || pb-IF4BUnQ-PA== || joined server 
2025-04-12 02:32:54 + : BCS  || pb-IF4iU0QaEw== || joined server 
2025-04-12 02:36:51 + : Android65835029  || pb-IF4UUHcMDw== || joined server 
2025-04-12 02:41:10 + : atkiller  || None || joined server 
2025-04-12 02:41:11 + : atkiller  || pb-IF4BUnQ-PA== || joined server 
2025-04-12 02:41:43 + : Android67785689  || None || joined server 
2025-04-12 02:41:44 + : Android67785689  || pb-IF4AUXBdLA== || joined server 
2025-04-12 02:52:39 + : atkiller  || pb-IF4BUnQ-PA== || joined server 
2025-04-12 02:53:14 + : atkiller  || pb-IF4BUnQ-PA== || joined server 
2025-04-12 02:55:35 + : BCS  || None || joined server 
2025-04-12 02:59:30 + : Guybruh78  || pb-IF4DU3gSVg== || joined server 
2025-04-12 03:09:45 + : BCS  || pb-IF4iU0QaEw== || joined server 
2025-04-12 03:10:31 + : Android65835029  || None || joined server 
2025-04-12 03:10:32 + : Android65835029  || pb-IF4UUHcMDw== || joined server 
2025-04-12 03:13:24 + : Ataquefata  || pb-IF5RV1YxLQ== || joined server 
2025-04-12 03:25:12 + : LostGalaxy  || pb-IF4WUUozUw== || joined server 
2025-04-12 03:26:15 + : LostGalaxy  || None || joined server 
2025-04-12 03:26:16 + : LostGalaxy  || pb-IF4WUUozUw== || joined server 
2025-04-12 03:30:11 + : Johndavedi  || pb-IF4GVXcGAw== || joined server 
2025-04-12 03:30:14 + : LostGalaxy  || pb-IF4WUUozUw== || joined server 
2025-04-12 03:33:30 + : atkiller  || pb-IF4BUnQ-PA== || joined server 
2025-04-12 03:34:28 + : LostGalaxy  || None || joined server 
2025-04-12 03:34:29 + : LostGalaxy  || pb-IF4WUUozUw== || joined server 
2025-04-12 03:34:46 + : LostGalaxy  || pb-IF4WUUozUw== || joined server 
2025-04-12 03:35:21 + : LostGalaxy  || pb-IF4WUUozUw== || joined server 
2025-04-12 03:35:48 + : BCS  || pb-IF4iU0QaEw== || joined server 
2025-04-12 03:35:56 + : Johndavedi  || pb-IF4GVXcGAw== || joined server 
2025-04-12 03:37:01 + : LostGalaxy  || pb-IF4WUUozUw== || joined server 
2025-04-12 03:37:21 + : chinjubadb  || pb-IF4eUkUPCA== || joined server 
2025-04-12 03:40:46 + : LostGalaxy  || pb-IF4WUUozUw== || joined server 
2025-04-12 03:41:20 + : MrKiller7  || pb-IF4pUEQfLw== || joined server 
2025-04-12 03:42:54 + : LostGalaxy  || pb-IF4WUUozUw== || joined server 
2025-04-12 03:43:43 + : BazingasBe  || pb-IF4FUXcoHw== || joined server 
2025-04-12 03:45:31 + : aditdeshpa  || pb-IF4OU3QFNQ== || joined server 
2025-04-12 03:47:33 + : aditdeshpa  || None || joined server 
2025-04-12 03:47:34 + : aditdeshpa  || pb-IF4OU3QFNQ== || joined server 
2025-04-12 03:48:14 + : MammothSh2  || pb-IF4vV0g8Mw== || joined server 
2025-04-12 03:51:52 + : BazingasBe  || None || joined server 
2025-04-12 03:51:53 + : BazingasBe  || pb-IF4FUXcoHw== || joined server 
2025-04-12 04:00:35 + : BCS  || pb-IF4iU0QaEw== || joined server 
2025-04-12 04:05:10 + : Crosstalli  || pb-IF5dUlMBCQ== || joined server 
2025-04-12 04:12:22 + : BazingasBe  || pb-IF4FUXcoHw== || joined server 
2025-04-12 04:17:20 + : NoName13944384  || pb-IF5UUUM_DA== || joined server 
2025-04-12 04:18:05 + : Unprete492  || None || joined server 
2025-04-12 04:18:06 + : Unprete492  || pb-IF4TVUofIw== || joined server 
2025-04-12 04:23:31 + : BCS  || None || joined server 
2025-04-12 04:23:32 + : BCS  || pb-IF4iU0QaEw== || joined server 
2025-04-12 04:25:05 + : TipTopPad5  || pb-IF4HUW8BVA== || joined server 
2025-04-12 04:39:42 + : atkiller  || pb-IF4BUnQ-PA== || joined server 
2025-04-12 04:46:03 + : BCS  || pb-IF4iU0QaEw== || joined server 
2025-04-12 04:49:55 + : Autumnal55  || None || joined server 
2025-04-12 04:49:56 + : Autumnal55  || pb-IF4QUUk6HA== || joined server 
2025-04-12 04:50:17 + : Autumnal55  || pb-IF4QUUk6HA== || joined server 
2025-04-12 04:54:05 + : Interna962  || pb-IF4sUUoxHw== || joined server 
2025-04-12 05:01:55 + : atkiller  || pb-IF4BUnQ-PA== || joined server 
2025-04-12 05:03:40 + : LostGalaxy  || pb-IF4WUUozUw== || joined server 
2025-04-12 05:09:07 + : BCS  || None || joined server 
2025-04-12 05:09:08 + : BCS  || pb-IF4iU0QaEw== || joined server 
2025-04-12 05:21:43 + : PotentSuff  || pb-IF4mUUY4AA== || joined server 
2025-04-12 05:25:50 + : PotentSuff  || pb-IF4mUUY4AA== || joined server 
2025-04-12 05:26:20 + : Gregar2276  || None || joined server 
2025-04-12 05:26:21 + : Gregar2276  || pb-IF41UUdbLw== || joined server 
2025-04-12 05:26:54 + : Omnisc1225  || pb-IF4NUURdJw== || joined server 
2025-04-12 05:31:12 + : atkiller  || None || joined server 
2025-04-12 05:31:13 + : atkiller  || pb-IF4BUnQ-PA== || joined server 
2025-04-12 05:32:01 + : BCS  || None || joined server 
2025-04-12 05:32:01 + : BulkRout12  || pb-IF4xUFAdVw== || joined server 
2025-04-12 05:32:03 + : BCS  || pb-IF4iU0QaEw== || joined server 
2025-04-12 05:33:11 + : LostGalaxy  || pb-IF4WUUozUw== || joined server 
2025-04-12 05:36:00 + : LostGalaxy  || pb-IF4WUUozUw== || joined server 
2025-04-12 05:36:46 + : atkiller  || pb-IF4BUnQ-PA== || joined server 
2025-04-12 05:42:25 + : atkiller  || None || joined server 
2025-04-12 05:42:26 + : atkiller  || pb-IF4BUnQ-PA== || joined server 
2025-04-12 05:45:01 + : DaddyK  || None || joined server 
2025-04-12 05:45:02 + : DaddyK  || pb-IF4pUUUGCg== || joined server 
2025-04-12 05:57:29 + : LostGalaxy  || None || joined server 
2025-04-12 05:57:30 + : LostGalaxy  || pb-IF4WUUozUw== || joined server 
2025-04-12 05:58:31 + : LostGalaxy  || pb-IF4WUUozUw== || joined server 
2025-04-12 06:07:38 + : atkiller  || pb-IF4BUnQ-PA== || joined server 
2025-04-12 06:10:36 + : LostGalaxy  || None || joined server 
2025-04-12 06:10:37 + : LostGalaxy  || pb-IF4WUUozUw== || joined server 
2025-04-12 06:17:32 + : LateGuaran  || pb-IF4eUXoRNQ== || joined server 
2025-04-12 06:17:44 + : LateGuaran  || None || joined server 
2025-04-12 06:17:45 + : LateGuaran  || pb-IF4eUXoRNQ== || joined server 
2025-04-12 06:17:53 + : BCS  || None || joined server 
2025-04-12 06:17:55 + : BCS  || pb-IF4iU0QaEw== || joined server 
2025-04-12 06:29:47 + : Detesta897  || None || joined server 
2025-04-12 06:29:48 + : Detesta897  || pb-IF4-URgPVA== || joined server 
2025-04-12 06:33:00 + : EliteFurY0  || pb-IF4zVEZTBA== || joined server 
2025-04-12 06:33:24 + : BazingasBe  || None || joined server 
2025-04-12 06:33:26 + : BazingasBe  || pb-IF4FUXcoHw== || joined server 
2025-04-12 06:48:04 + : LostGalaxy  || None || joined server 
2025-04-12 06:48:05 + : LostGalaxy  || pb-IF4WUUozUw== || joined server 
2025-04-12 06:52:13 + : BazingasBe  || pb-IF4FUXcoHw== || joined server 
2025-04-12 06:52:40 + : BazingasBe  || pb-IF4FUXcoHw== || joined server 
2025-04-12 06:52:43 + : Tactica199  || pb-IF5cUGoGBg== || joined server 
2025-04-12 06:52:56 + : BazingasBe  || pb-IF4FUXcoHw== || joined server 
2025-04-12 06:53:46 + : BazingasBe  || None || joined server 
2025-04-12 06:53:47 + : BazingasBe  || pb-IF4FUXcoHw== || joined server 
2025-04-12 06:55:05 + : FunVicinit  || None || joined server 
2025-04-12 06:55:06 + : FunVicinit  || pb-IF4iUHgCKw== || joined server 
2025-04-12 06:55:19 + : WaxyAcadem  || pb-IF4XUXQvDQ== || joined server 
2025-04-12 06:56:41 + : Institu517  || None || joined server 
2025-04-12 06:56:42 + : Institu517  || pb-IF4HUXgSNQ== || joined server 
2025-04-12 06:57:13 + : Unavoid926  || None || joined server 
2025-04-12 06:57:14 + : Unavoid926  || pb-IF49UXI4FQ== || joined server 
2025-04-12 06:57:47 + : Institu517  || None || joined server 
2025-04-12 06:57:48 + : Institu517  || pb-IF4HUXgSNQ== || joined server 
2025-04-12 06:58:38 + : lavanya469  || pb-IF4eUBZYEw== || joined server 
2025-04-12 06:58:58 + : BazingasBe  || None || joined server 
2025-04-12 06:58:59 + : BazingasBe  || pb-IF4FUXcoHw== || joined server 
2025-04-12 07:00:06 + : BazingasBe  || pb-IF4FUXcoHw== || joined server 
2025-04-12 07:03:25 + : BCS  || None || joined server 
2025-04-12 07:04:01 + : lokmCreati  || pb-IF5XUkcjMQ== || joined server 
2025-04-12 07:05:00 + : BazingasBe  || pb-IF4FUXcoHw== || joined server 
2025-04-12 07:05:23 + : ArdentPop2  || pb-IF4yU3IhCw== || joined server 
2025-04-12 07:06:20 + : LEshafik  || pb-IF5XVRQqLg== || joined server 
2025-04-12 07:09:05 + : Nileshbhat  || None || joined server 
2025-04-12 07:09:06 + : Nileshbhat  || pb-JiNJARBfV0NFW1ZFGURUXFZFE0VaQlVE || joined server 
2025-04-12 07:09:20 + : BazingasBe  || None || joined server 
2025-04-12 07:09:21 + : BazingasBe  || pb-IF4FUXcoHw== || joined server 
2025-04-12 07:09:35 + : BazingasBe  || pb-IF4FUXcoHw== || joined server 
2025-04-12 07:09:58 + : BazingasBe  || None || joined server 
2025-04-12 07:09:59 + : BazingasBe  || pb-IF4FUXcoHw== || joined server 
2025-04-12 07:10:08 + : lokmCreati  || pb-IF5XUkcjMQ== || joined server 
2025-04-12 07:10:09 + : PrasyamAPr  || pb-IF5SVWFY || joined server 
2025-04-12 07:10:43 + : Institu517  || None || joined server 
2025-04-12 07:14:58 + : BazingasBe  || pb-IF4FUXcoHw== || joined server 
2025-04-12 07:14:58 + : Tactica199  || None || joined server 
2025-04-12 07:15:19 + : Tactica199  || pb-IF5cUGoGBg== || joined server 
2025-04-12 07:18:21 + : LostGalaxy  || None || joined server 
2025-04-12 07:18:40 + : Tactica199  || pb-IF5cUGoGBg== || joined server 
2025-04-12 07:19:14 + : LostGalaxy  || pb-IF4WUUozUw== || joined server 
2025-04-12 07:20:34 + : PointedCro  || pb-IF4IUE0-UQ== || joined server 
2025-04-12 07:20:36 + : LostGalaxy  || pb-IF4WUUozUw== || joined server 
2025-04-12 07:21:27 + : dakshakamb  || None || joined server 
2025-04-12 07:21:28 + : dakshakamb  || pb-IF5SUUwGIA== || joined server 
2025-04-12 07:22:12 + : LostGalaxy  || None || joined server 
2025-04-12 07:22:13 + : LostGalaxy  || pb-IF4WUUozUw== || joined server 
2025-04-12 07:22:28 + : LostGalaxy  || pb-IF4WUUozUw== || joined server 
2025-04-12 07:22:28 + : Tactica199  || pb-IF5cUGoGBg== || joined server 
2025-04-12 07:23:01 + : SilentShoo  || None || joined server 
2025-04-12 07:23:02 + : SilentShoo  || pb-IF4eVE8JDA== || joined server 
2025-04-12 07:24:44 + : CrunchyLo5  || None || joined server 
2025-04-12 07:24:45 + : CrunchyLo5  || pb-IF4ND2I_ || joined server 
2025-04-12 07:26:02 + : BCS  || pb-IF4iU0QaEw== || joined server 
2025-04-12 07:26:15 + : blacksoutf  || None || joined server 
2025-04-12 07:26:16 + : blacksoutf  || pb-IF4JV1VZVA== || joined server 
2025-04-12 07:28:01 + : atkiller  || pb-IF4BUnQ-PA== || joined server 
2025-04-12 07:28:43 + : MRHACKER2  || None || joined server 
2025-04-12 07:28:44 + : MRHACKER2  || pb-IF4pUWFZXQ== || joined server 
2025-04-12 07:33:25 + : FunVicinit  || None || joined server 
2025-04-12 07:33:26 + : FunVicinit  || pb-IF4iUHgCKw== || joined server 
2025-04-12 07:40:27 + : WontJoint7  || pb-IF4hUXc9MA== || joined server 
2025-04-12 07:40:44 + : HuskyInte7  || pb-IF4MUFENXQ== || joined server 
2025-04-12 07:41:08 + : atkiller  || pb-IF4BUnQ-PA== || joined server 
2025-04-12 07:41:14 + : atkiller  || pb-IF4BUnQ-PA== || joined server 
2025-04-12 07:41:15 + : Android65835029  || pb-IF4UUHcMDw== || joined server 
2025-04-12 07:41:36 + : Android65835029  || pb-IF4UUHcMDw== || joined server 
2025-04-12 07:42:34 + : Ak0077  || None || joined server 
2025-04-12 07:42:35 + : Ak0077  || pb-IF4GU1MkDQ== || joined server 
2025-04-12 07:46:19 + : BazingasBe  || None || joined server 
2025-04-12 07:46:20 + : BazingasBe  || pb-IF4FUXcoHw== || joined server 
2025-04-12 07:46:46 + : atkiller  || None || joined server 
2025-04-12 07:46:47 + : atkiller  || pb-IF4BUnQ-PA== || joined server 
2025-04-12 07:48:08 + : HoloneFenx  || pb-IF4GUHovLQ== || joined server 
2025-04-12 07:49:03 + : PluralAbol  || pb-IF4RU1ckVg== || joined server 
2025-04-12 07:49:05 + : BCS  || pb-IF4iU0QaEw== || joined server 
2025-04-12 07:49:23 + : LostGalaxy  || pb-IF4WUUozUw== || joined server 
2025-04-12 07:49:32 + : BazingasBe  || pb-IF4FUXcoHw== || joined server 
2025-04-12 07:53:56 + : PluralAbol  || pb-IF4RU1ckVg== || joined server 
2025-04-12 07:55:24 + : BazingasBe  || pb-IF4FUXcoHw== || joined server 
2025-04-12 07:56:43 + : Android65835029  || pb-IF4UUHcMDw== || joined server 
2025-04-12 07:58:50 + : BazingasBe  || pb-IF4FUXcoHw== || joined server 
2025-04-12 07:58:59 + : BazingasBe  || None || joined server 
2025-04-12 07:59:00 + : BazingasBe  || pb-IF4FUXcoHw== || joined server 
2025-04-12 07:59:42 + : AhmadLG000  || None || joined server 
2025-04-12 07:59:43 + : AhmadLG000  || pb-IF42UXoFLg== || joined server 
2025-04-12 08:01:34 + : shetulpate  || None || joined server 
2025-04-12 08:01:35 + : shetulpate  || pb-IF4gUUYeUg== || joined server 
2025-04-12 08:01:51 + : shetulpate  || None || joined server 
2025-04-12 08:01:52 + : shetulpate  || pb-IF4gUUYeUg== || joined server 
2025-04-12 08:03:29 + : Bhavya1830  || None || joined server 
2025-04-12 08:03:30 + : Bhavya1830  || pb-IF40U0kGIA== || joined server 
2025-04-12 08:03:40 + : chandgamer  || pb-IF4tL1IR || joined server 
2025-04-12 08:04:20 + : Desulto837  || pb-IF4yUFoSDw== || joined server 
2025-04-12 08:05:38 + : Android65835029  || pb-IF4UUHcMDw== || joined server 
2025-04-12 08:06:06 + : ProPlay136  || pb-IF5WUHVYDQ== || joined server 
2025-04-12 08:06:08 + : BazingasBe  || pb-IF4FUXcoHw== || joined server 
2025-04-12 08:06:36 + : BazingasBe  || pb-IF4FUXcoHw== || joined server 
2025-04-12 08:06:42 + : BazingasBe  || pb-IF4FUXcoHw== || joined server 
2025-04-12 08:08:26 + : rizqullahg  || pb-IF4zUUk4EA== || joined server 
2025-04-12 08:11:16 + : BCS  || None || joined server 
2025-04-12 08:12:42 + : BazingasBe  || None || joined server 
2025-04-12 08:12:43 + : BazingasBe  || pb-IF4FUXcoHw== || joined server 
2025-04-12 08:20:53 + : ZeninAMIT  || pb-IF4cUXAuAg== || joined server 
2025-04-12 08:21:01 + : BuffCarpen  || pb-IF5WU1QxEA== || joined server 
2025-04-12 08:21:49 + : LostGalaxy  || None || joined server 
2025-04-12 08:21:50 + : LostGalaxy  || pb-IF4WUUozUw== || joined server 
2025-04-12 08:21:55 + : LostGalaxy  || None || joined server 
2025-04-12 08:21:56 + : LostGalaxy  || pb-IF4WUUozUw== || joined server 
2025-04-12 08:22:52 + : BazingasBe  || pb-IF4FUXcoHw== || joined server 
2025-04-12 08:23:58 + : rizqullahg  || pb-IF4zUUk4EA== || joined server 
2025-04-12 08:24:07 + : BazingasBe  || None || joined server 
2025-04-12 08:24:08 + : BazingasBe  || pb-IF4FUXcoHw== || joined server 
2025-04-12 08:28:32 + : atkiller  || None || joined server 
2025-04-12 08:28:33 + : atkiller  || pb-IF4BUnQ-PA== || joined server 
2025-04-12 08:29:59 + : Intens1006  || None || joined server 
2025-04-12 08:30:00 + : Intens1006  || pb-IF4dUUocJw== || joined server 
2025-04-12 08:30:26 + : Tactica199  || pb-IF5cUGoGBg== || joined server 
2025-04-12 08:31:52 + : RunningH32  || None || joined server 
2025-04-12 08:31:53 + : RunningH32  || pb-IF4dURMOHA== || joined server 
2025-04-12 08:32:05 + : BazingasBe  || pb-IF4FUXcoHw== || joined server 
2025-04-12 08:32:10 + : LostGalaxy  || pb-IF4WUUozUw== || joined server 
2025-04-12 08:32:56 + : BazingasBe  || None || joined server 
2025-04-12 08:32:57 + : BazingasBe  || pb-IF4FUXcoHw== || joined server 
2025-04-12 08:33:08 + : VeteranC91  || None || joined server 
2025-04-12 08:33:09 + : VeteranC91  || pb-IF4nVUgnJg== || joined server 
2025-04-12 08:33:17 + : BCS  || None || joined server 
2025-04-12 08:34:04 + : Determ1141  || pb-IF4IHGo5 || joined server 
2025-04-12 08:35:13 + : NoNameB14774190  || None || joined server 
2025-04-12 08:35:14 + : NoNameB14774190  || pb-IF4PUUgmAA== || joined server 
2025-04-12 08:36:13 + : Determ1141  || None || joined server 
2025-04-12 08:36:14 + : Determ1141  || pb-IF4IHGo5 || joined server 
2025-04-12 08:37:23 + : Determ1141  || None || joined server 
2025-04-12 08:37:24 + : Determ1141  || pb-IF4IHGo5 || joined server 
2025-04-12 08:37:55 + : CrypticLum  || pb-IF4OUUkOVw== || joined server 
2025-04-12 08:37:58 + : OrangeRid3  || None || joined server 
2025-04-12 08:37:59 + : OrangeRid3  || pb-IF4MV2FeCg== || joined server 
2025-04-12 08:40:48 + : OrangeRid3  || pb-IF4MV2FeCg== || joined server 
2025-04-12 08:40:49 + : YoungerSum  || pb-IF4DVRdZEw== || joined server 
2025-04-12 08:41:02 + : OrangeRid3  || None || joined server 
2025-04-12 08:41:03 + : OrangeRid3  || pb-IF4MV2FeCg== || joined server 
2025-04-12 08:41:10 + : CrypticLum  || pb-IF4OUUkOVw== || joined server 
2025-04-12 08:41:25 + : CrypticLum  || None || joined server 
2025-04-12 08:41:26 + : CrypticLum  || pb-IF4OUUkOVw== || joined server 
2025-04-12 08:41:28 + : CrankyGoon  || pb-IF4RUXMsNw== || joined server 
2025-04-12 08:42:19 + : BazingasBe  || pb-IF4FUXcoHw== || joined server 
2025-04-12 08:42:33 + : NoNameB14774190  || None || joined server 
2025-04-12 08:42:34 + : NoNameB14774190  || pb-IF4PUUgmAA== || joined server 
2025-04-12 08:42:46 + : BazingasBe  || pb-IF4FUXcoHw== || joined server 
2025-04-12 08:43:24 + : BazingasBe  || None || joined server 
2025-04-12 08:43:25 + : BazingasBe  || pb-IF4FUXcoHw== || joined server 
2025-04-12 08:43:47 + : BazingasBe  || None || joined server 
2025-04-12 08:43:48 + : BazingasBe  || pb-IF4FUXcoHw== || joined server 
2025-04-12 08:44:01 + : BazingasBe  || pb-IF4FUXcoHw== || joined server 
2025-04-12 08:44:29 + : BazingasBe  || pb-IF4FUXcoHw== || joined server 
2025-04-12 08:44:34 + : BazingasBe  || pb-IF4FUXcoHw== || joined server 
2025-04-12 08:44:36 + : BazingasBe  || None || joined server 
2025-04-12 08:44:37 + : BazingasBe  || pb-IF4FUXcoHw== || joined server 
2025-04-12 08:45:10 + : Gusthavo  || pb-IF4pU3oqVQ== || joined server 
2025-04-12 08:45:25 + : OPtanishq  || None || joined server 
2025-04-12 08:45:26 + : OPtanishq  || pb-IF41VUMJXA== || joined server 
2025-04-12 08:45:36 + : Fantas1045  || pb-IF4oUxIP || joined server 
2025-04-12 08:46:03 + : LostGalaxy  || pb-IF4WUUozUw== || joined server 
2025-04-12 08:48:00 + : GaurangM  || None || joined server 
2025-04-12 08:48:01 + : GaurangM  || pb-IF4QUhBaEw== || joined server 
2025-04-12 08:51:31 + : BazingasBe  || None || joined server 
2025-04-12 08:51:32 + : BazingasBe  || pb-IF4FUXcoHw== || joined server 
2025-04-12 08:51:44 + : FiscalKick  || pb-IF4wUUksCQ== || joined server 
2025-04-12 08:51:53 + : BazingasBe  || pb-IF4FUXcoHw== || joined server 
2025-04-12 08:51:59 + : BazingasBe  || pb-IF4FUXcoHw== || joined server 
2025-04-12 08:52:13 + : BazingasBe  || pb-IF4FUXcoHw== || joined server 
2025-04-12 08:52:38 + : BazingasBe  || pb-IF4FUXcoHw== || joined server 
2025-04-12 08:53:17 + : BazingasBe  || pb-IF4FUXcoHw== || joined server 
2025-04-12 08:55:30 + : Chetankhud  || pb-IF4sUUgaXQ== || joined server 
2025-04-12 08:55:40 + : BCS  || pb-IF4iU0QaEw== || joined server 
2025-04-12 08:55:52 + : Shlokfr03  || pb-IF49UUcPIg== || joined server 
2025-04-12 08:56:18 + : Shlokfr03  || pb-IF49UUcPIg== || joined server 
2025-04-12 08:56:33 + : Shlokfr03  || pb-IF49UUcPIg== || joined server 
2025-04-12 08:57:08 + : Tactica199  || pb-IF5cUGoGBg== || joined server 
2025-04-12 08:57:27 + : kimandrea8  || pb-IF42UUIhJw== || joined server 
2025-04-12 08:57:31 + : Tactica199  || pb-IF5cUGoGBg== || joined server 
2025-04-12 08:58:06 + : atkiller  || pb-IF4BUnQ-PA== || joined server 
2025-04-12 08:58:44 + : NotBLAZE  || None || joined server 
2025-04-12 08:58:45 + : NotBLAZE  || pb-IF4nUEYONg== || joined server 
2025-04-12 08:58:53 + : Rightha940  || None || joined server 
2025-04-12 08:58:54 + : Rightha940  || pb-IF40UFQjEw== || joined server 
2025-04-12 08:59:00 + : Anish2  || pb-IF5QUFkZUw== || joined server 
2025-04-12 08:59:23 + : MonstrousO  || None || joined server 
2025-04-12 08:59:24 + : MonstrousO  || pb-IF4mUFpZCQ== || joined server 
2025-04-12 09:00:20 + : YoungerSum  || pb-IF4DVRdZEw== || joined server 
2025-04-12 09:03:47 + : Mohitsoman  || pb-IF4wUUUfJw== || joined server 
2025-04-12 09:06:08 + : GreenHomel  || pb-IF4BUUdfDA== || joined server 
2025-04-12 09:06:39 + : atkiller  || pb-IF4BUnQ-PA== || joined server 
2025-04-12 09:07:29 + : MetalJugge  || pb-JiNJARBfV0RFXV1GGUBVUVxGE0hdTlBK || joined server 
2025-04-12 09:08:09 + : atkiller  || None || joined server 
2025-04-12 09:08:10 + : atkiller  || pb-IF4BUnQ-PA== || joined server 
2025-04-12 09:09:02 + : atkiller  || pb-IF4BUnQ-PA== || joined server 
2025-04-12 09:09:47 + : BCS  || pb-IF4iU0QaEw== || joined server 
2025-04-12 09:09:49 + : RaggedOut2  || None || joined server 
2025-04-12 09:09:50 + : RaggedOut2  || pb-IF4WUXAJVA== || joined server 
2025-04-12 09:11:11 + : Android65835029  || pb-IF4UUHcMDw== || joined server 
2025-04-12 09:14:01 + : Gregari316  || None || joined server 
2025-04-12 09:14:02 + : Gregari316  || pb-IF4CU0QnPA== || joined server 
2025-04-12 09:14:55 + : Tactica199  || None || joined server 
2025-04-12 09:14:56 + : Tactica199  || pb-IF5cUGoGBg== || joined server 
2025-04-12 09:15:24 + : atkiller  || pb-IF4BUnQ-PA== || joined server 
2025-04-12 09:15:29 + : PresetOpen  || pb-IF5QUE8HKQ== || joined server 
2025-04-12 09:17:07 + : LiberalWea  || pb-IF4uURgmNg== || joined server 
2025-04-12 09:18:30 + : Rambunct20  || pb-JiNJARBeUUJHVFlBEENSU1ZAE0FZT1RG || joined server 
2025-04-12 09:19:28 + : POLAYADIM3  || None || joined server 
2025-04-12 09:19:29 + : POLAYADIM3  || pb-IF4eUUkjIA== || joined server 
2025-04-12 09:19:30 + : LostGalaxy  || pb-IF4WUUozUw== || joined server 
2025-04-12 09:22:05 + : LostGalaxy  || pb-IF4WUUozUw== || joined server 
2025-04-12 09:22:46 + : SANU07  || pb-IF40UWtbVg== || joined server 
2025-04-12 09:24:01 + : Obdurat327  || pb-IF4JUEZaKQ== || joined server 
2025-04-12 09:26:43 + : Categor936  || pb-IF4jUXEPDA== || joined server 
2025-04-12 09:28:36 + : Matchle158  || pb-IF4JUBEGVw== || joined server 
2025-04-12 09:28:46 + : LatterArea  || pb-IF4SU08EIg== || joined server 
2025-04-12 09:29:21 + : OpalLoon46  || None || joined server 
2025-04-12 09:29:21 + : Choops  || pb-IF4XVHBdIQ== || joined server 
2025-04-12 09:29:22 + : OpalLoon46  || pb-IF43VGgfPQ== || joined server 
2025-04-12 09:29:54 + : Djhawk1927  || None || joined server 
2025-04-12 09:29:55 + : Djhawk1927  || pb-IF4lV1UmUw== || joined server 
2025-04-12 09:30:54 + : LatterArea  || pb-IF4SU08EIg== || joined server 
2025-04-12 09:31:07 + : Android65835029  || None || joined server 
2025-04-12 09:31:08 + : Android65835029  || pb-IF4UUHcMDw== || joined server 
2025-04-12 09:31:55 + : teang32  || pb-IF40UUYNPQ== || joined server 
2025-04-12 09:47:00 + : BCS  || None || joined server 
2025-04-12 09:47:01 + : BCS  || pb-IF4iU0QaEw== || joined server 
2025-04-12 09:48:55 + : ZEVITICUS  || None || joined server 
2025-04-12 09:48:56 + : ZEVITICUS  || pb-IF49LhMN || joined server 
2025-04-12 09:50:24 + : LostGalaxy  || pb-IF4WUUozUw== || joined server 
2025-04-12 09:50:28 + : HoloneFenx  || pb-IF4GUHovLQ== || joined server 
2025-04-12 09:52:31 + : atkiller  || pb-IF4BUnQ-PA== || joined server 
2025-04-12 09:53:55 + : DragnealEo  || pb-IF4dUXY_JA== || joined server 
2025-04-12 09:55:32 + : Peerles215  || pb-IF4SUG0GLw== || joined server 
2025-04-12 09:57:19 + : ProBaller1  || None || joined server 
2025-04-12 09:57:20 + : ProBaller1  || pb-IF5TUUwRLQ== || joined server 
2025-04-12 09:59:45 + : atkiller  || pb-IF4BUnQ-PA== || joined server 
2025-04-12 10:02:16 + : DragnealEo  || pb-IF4dUXY_JA== || joined server 
2025-04-12 10:03:34 + : Proble2290  || None || joined server 
2025-04-12 10:03:35 + : Proble2290  || pb-IF4FUUYYBA== || joined server 
2025-04-12 10:04:53 + : sethoumadh  || pb-IF4QUW1YIA== || joined server 
2025-04-12 10:10:04 + : viKsVapor7  || None || joined server 
2025-04-12 10:10:05 + : viKsVapor7  || pb-IF4TUUoDNA== || joined server 
2025-04-12 10:13:18 + : BCS  || None || joined server 
2025-04-12 10:13:19 + : BCS  || pb-IF4iU0QaEw== || joined server 
2025-04-12 10:18:07 + : jandilou  || None || joined server 
2025-04-12 10:18:08 + : LostGalaxy  || pb-IF4WUUozUw== || joined server 
2025-04-12 10:18:08 + : jandilou  || pb-IF43UUsoEA== || joined server 
2025-04-12 10:18:17 + : LostGalaxy  || pb-IF4WUUozUw== || joined server 
2025-04-12 10:18:27 + : LostGalaxy  || pb-IF4WUUozUw== || joined server 
2025-04-12 10:20:24 + : Leisure982  || None || joined server 
2025-04-12 10:20:25 + : Leisure982  || pb-IF4GUUhdPw== || joined server 
2025-04-12 10:21:27 + : NhTho  || None || joined server 
2025-04-12 10:28:43 + : LostGalaxy  || None || joined server 
2025-04-12 10:29:08 + : LostGalaxy  || pb-IF4WUUozUw== || joined server 
2025-04-12 10:29:14 + : LostGalaxy  || pb-IF4WUUozUw== || joined server 
2025-04-12 10:31:55 + : Unstop1807  || pb-IF4-UUtaDg== || joined server 
2025-04-12 10:33:46 + : LostGalaxy  || pb-IF4WUUozUw== || joined server 
2025-04-12 10:35:39 + : Tactica199  || pb-IF5cUGoGBg== || joined server 
2025-04-12 10:36:58 + : Cosmeti490  || None || joined server 
2025-04-12 10:36:59 + : Cosmeti490  || pb-IF4CURkeIg== || joined server 
2025-04-12 10:37:45 + : BCS  || pb-IF4iU0QaEw== || joined server 
2025-04-12 10:42:14 + : LostGalaxy  || pb-IF4WUUozUw== || joined server 
2025-04-12 10:42:59 + : atkiller  || None || joined server 
2025-04-12 10:43:00 + : atkiller  || pb-IF4BUnQ-PA== || joined server 
2025-04-12 10:44:09 + : Vidhur  || pb-IF4HUUgmAg== || joined server 
2025-04-12 10:44:32 + : Underw2328  || pb-IF4KUUsOAw== || joined server 
2025-04-12 10:44:38 + : Tactica199  || pb-IF5cUGoGBg== || joined server 
2025-04-12 10:46:57 + : BazingasBe  || pb-IF4FUXcoHw== || joined server 
2025-04-12 10:47:08 + : DizzyEngra  || None || joined server 
2025-04-12 10:47:09 + : DizzyEngra  || pb-IF4NUHMaVA== || joined server 
2025-04-12 10:47:21 + : Pramoda544  || None || joined server 
2025-04-12 10:47:22 + : Pramoda544  || pb-IF4wU0leFQ== || joined server 
2025-04-12 10:48:50 + : Smartass  || None || joined server 
2025-04-12 10:48:51 + : Smartass  || pb-IF42UXEAUg== || joined server 
2025-04-12 10:49:12 + : Tactica199  || None || joined server 
2025-04-12 10:49:13 + : Tactica199  || pb-IF5cUGoGBg== || joined server 
2025-04-12 10:49:53 + : rizqullahg  || pb-IF4zUUk4EA== || joined server 
2025-04-12 10:51:22 + : Android67931133  || pb-IF4XUUMPJw== || joined server 
2025-04-12 10:51:47 + : SixModerni  || pb-IF5cUUkILQ== || joined server 
2025-04-12 10:52:56 + : BazingasBe  || None || joined server 
2025-04-12 10:52:57 + : BazingasBe  || pb-IF4FUXcoHw== || joined server 
2025-04-12 10:53:09 + : rizqullahg  || pb-IF4zUUk4EA== || joined server 
2025-04-12 10:54:56 + : rizqullahg  || None || joined server 
2025-04-12 10:54:57 + : rizqullahg  || pb-IF4zUUk4EA== || joined server 
2025-04-12 10:55:54 + : atkiller  || pb-IF4BUnQ-PA== || joined server 
2025-04-12 10:56:24 + : zMoonPlays  || None || joined server 
2025-04-12 10:56:25 + : zMoonPlays  || pb-IF4LU0sEMA== || joined server 
2025-04-12 10:57:17 + : Relucta791  || pb-IF4NUUo6UA== || joined server 
2025-04-12 10:58:27 + : atkiller  || None || joined server 
2025-04-12 10:58:28 + : atkiller  || pb-IF4BUnQ-PA== || joined server 
2025-04-12 10:59:18 + : atkiller  || pb-IF4BUnQ-PA== || joined server 
2025-04-12 10:59:53 + : laudalele1  || pb-IF4zAEYS || joined server 
2025-04-12 11:00:34 + : BCS  || pb-IF4iU0QaEw== || joined server 
2025-04-12 11:01:00 + : Intens1006  || None || joined server 
2025-04-12 11:01:01 + : Intens1006  || pb-IF4dUUocJw== || joined server 
2025-04-12 11:01:30 + : BazingasBe  || None || joined server 
2025-04-12 11:01:30 + : Tactica199  || None || joined server 
2025-04-12 11:01:31 + : BazingasBe  || pb-IF4FUXcoHw== || joined server 
2025-04-12 11:01:31 + : Tactica199  || pb-IF5cUGoGBg== || joined server 
2025-04-12 11:02:32 + : rizqullahg  || None || joined server 
2025-04-12 11:02:33 + : rizqullahg  || pb-IF4zUUk4EA== || joined server 
2025-04-12 11:02:39 + : BazingasBe  || pb-IF4FUXcoHw== || joined server 
2025-04-12 11:03:35 + : LostGalaxy  || pb-IF4WUUozUw== || joined server 
2025-04-12 11:04:23 + : Superna727  || pb-IF48UXERVA== || joined server 
2025-04-12 11:08:43 + : IronMedusa  || None || joined server 
2025-04-12 11:08:44 + : IronMedusa  || pb-IF5RURQ6NQ== || joined server 
2025-04-12 11:09:13 + : atkiller  || None || joined server 
2025-04-12 11:09:14 + : atkiller  || pb-IF4BUnQ-PA== || joined server 
2025-04-12 11:12:18 + : BazingasBe  || None || joined server 
2025-04-12 11:12:19 + : BazingasBe  || pb-IF4FUXcoHw== || joined server 
2025-04-12 11:12:35 + : BazingasBe  || None || joined server 
2025-04-12 11:12:36 + : BazingasBe  || pb-IF4FUXcoHw== || joined server 
2025-04-12 11:13:25 + : rizqullahg  || pb-IF4zUUk4EA== || joined server 
2025-04-12 11:15:08 + : Reserve192  || pb-IF4LU0VSBg== || joined server 
2025-04-12 11:15:36 + : BazingasBe  || pb-IF4FUXcoHw== || joined server 
2025-04-12 11:16:44 + : rizqullahg  || None || joined server 
2025-04-12 11:16:45 + : rizqullahg  || pb-IF4zUUk4EA== || joined server 
2025-04-12 11:18:35 + : rizqullahg  || None || joined server 
2025-04-12 11:18:36 + : rizqullahg  || pb-IF4zUUk4EA== || joined server 
2025-04-12 11:18:44 + : rizqullahg  || None || joined server 
2025-04-12 11:18:45 + : rizqullahg  || pb-IF4zUUk4EA== || joined server 
2025-04-12 11:19:23 + : YDJ  || pb-IF4VMWoJ || joined server 
2025-04-12 11:20:23 + : atkiller  || pb-IF4BUnQ-PA== || joined server 
2025-04-12 11:20:29 + : IronMedusa  || None || joined server 
2025-04-12 11:20:30 + : IronMedusa  || pb-IF5RURQ6NQ== || joined server 
2025-04-12 11:20:47 + : nedstark50  || pb-IF4BVGUmHw== || joined server 
2025-04-12 11:21:04 + : BazingasBe  || pb-IF4FUXcoHw== || joined server 
2025-04-12 11:21:11 + : rizqullahg  || pb-IF4zUUk4EA== || joined server 
2025-04-12 11:22:22 + : mrAnmolv1  || None || joined server 
2025-04-12 11:22:23 + : mrAnmolv1  || pb-IF4vUmZdVQ== || joined server 
2025-04-12 11:23:03 + : BazingasBe  || pb-IF4FUXcoHw== || joined server 
2025-04-12 11:23:42 + : Potenti831  || None || joined server 
2025-04-12 11:23:43 + : Potenti831  || pb-IF4pURgILw== || joined server 
2025-04-12 11:23:44 + : BCS  || None || joined server 
2025-04-12 11:31:01 + : DragonDFla  || pb-IF4AUhIJDg== || joined server 
2025-04-12 11:31:22 + : Android67467999  || None || joined server 
2025-04-12 11:31:23 + : Android67467999  || pb-IF4-URc9KA== || joined server 
2025-04-12 11:32:50 + : BazingasBe  || pb-IF4FUXcoHw== || joined server 
2025-04-12 11:34:07 + : BazingasBe  || pb-IF4FUXcoHw== || joined server 
2025-04-12 11:35:26 + : madyRoy1  || None || joined server 
2025-04-12 11:35:27 + : madyRoy1  || pb-IF4zUhYAUA== || joined server 
2025-04-12 11:37:00 + : BazingasBe  || pb-IF4FUXcoHw== || joined server 
2025-04-12 11:37:21 + : atkiller  || None || joined server 
2025-04-12 11:37:22 + : atkiller  || pb-IF4BUnQ-PA== || joined server 
2025-04-12 11:38:38 + : BazingasBe  || None || joined server 
2025-04-12 11:38:39 + : BazingasBe  || pb-IF4FUXcoHw== || joined server 
2025-04-12 11:39:14 + : atkiller  || None || joined server 
2025-04-12 11:39:15 + : atkiller  || pb-IF4BUnQ-PA== || joined server 
2025-04-12 11:40:27 + : BazingasBe  || pb-IF4FUXcoHw== || joined server 
2025-04-12 11:40:32 + : BazingasBe  || pb-IF4FUXcoHw== || joined server 
2025-04-12 11:40:35 + : atkiller  || pb-IF4BUnQ-PA== || joined server 
2025-04-12 11:40:52 + : GoingMast3  || pb-IF5cUxVaHw== || joined server 
2025-04-12 11:41:12 + : TonicCalm2  || pb-IF4hUFRYBA== || joined server 
2025-04-12 11:42:14 + : LostGalaxy  || pb-IF4WUUozUw== || joined server 
2025-04-12 11:43:12 + : TactileTr8  || pb-IF4HU2YSHA== || joined server 
2025-04-12 11:43:42 + : atkiller  || pb-IF4BUnQ-PA== || joined server 
2025-04-12 11:43:55 + : BazingasBe  || None || joined server 
2025-04-12 11:43:56 + : BazingasBe  || pb-IF4FUXcoHw== || joined server 
2025-04-12 11:45:57 + : ShobanMaX8  || None || joined server 
2025-04-12 11:45:58 + : ShobanMaX8  || pb-JiNJARFYXERGXFtDGEJUUFJBE0JZQ1NL || joined server 
2025-04-12 11:46:31 + : BCS  || None || joined server 
2025-04-12 11:48:50 + : BazingasBe  || pb-IF4FUXcoHw== || joined server 
2025-04-12 11:49:30 + : BazingasBe  || None || joined server 
2025-04-12 11:49:31 + : BazingasBe  || pb-IF4FUXcoHw== || joined server 
2025-04-12 11:49:32 + : TonicCalm2  || pb-IF4hUFRYBA== || joined server 
2025-04-12 11:49:40 + : rizqullahg  || pb-IF4zUUk4EA== || joined server 
2025-04-12 11:50:06 + : atkiller  || pb-IF4BUnQ-PA== || joined server 
2025-04-12 11:50:35 + : LIFEHUNTER  || pb-IF4hU04GDg== || joined server 
2025-04-12 11:50:48 + : BazingasBe  || pb-IF4FUXcoHw== || joined server 
2025-04-12 11:52:04 + : BazingasBe  || pb-IF4FUXcoHw== || joined server 
2025-04-12 11:54:57 + : CantBeatMe  || pb-IF4pURUgDQ== || joined server 
2025-04-12 11:59:09 + : Contrar586  || None || joined server 
2025-04-12 11:59:10 + : Contrar586  || pb-IF4qUUoxLQ== || joined server 
2025-04-12 12:02:35 + : atkiller  || None || joined server 
2025-04-12 12:02:36 + : atkiller  || pb-IF4BUnQ-PA== || joined server 
2025-04-12 12:03:47 + : BazingasBe  || pb-IF4FUXcoHw== || joined server 
2025-04-12 12:06:17 + : BazingasBe  || pb-IF4FUXcoHw== || joined server 
2025-04-12 12:06:29 + : atkiller  || pb-IF4BUnQ-PA== || joined server 
2025-04-12 12:08:48 + : atkiller  || pb-IF4BUnQ-PA== || joined server 
2025-04-12 12:09:14 + : BCS  || None || joined server 
2025-04-12 12:09:15 + : BCS  || pb-IF4iU0QaEw== || joined server 
2025-04-12 12:11:51 + : CoastalOra  || pb-IF5VUUI-MQ== || joined server 
2025-04-12 12:13:59 + : BazingasBe  || pb-IF4FUXcoHw== || joined server 
2025-04-12 12:15:02 + : Android65835029  || pb-IF4UUHcMDw== || joined server 
2025-04-12 12:16:14 + : DarkerSea2  || pb-IF4VVFYOAA== || joined server 
2025-04-12 12:17:10 + : gourav2005  || pb-IF4nUHMlAA== || joined server 
2025-04-12 12:17:24 + : Irresis679  || None || joined server 
2025-04-12 12:17:25 + : Irresis679  || pb-IF41UW8RDg== || joined server 
2025-04-12 12:19:03 + : rizqullahg  || None || joined server 
2025-04-12 12:19:04 + : rizqullahg  || pb-IF4zUUk4EA== || joined server 
2025-04-12 12:22:23 + : DuckLonely  || None || joined server 
2025-04-12 12:22:24 + : DuckLonely  || pb-IF5VUUwFLA== || joined server 
2025-04-12 12:23:16 + : FurryHunge  || pb-IF5SUUwiNw== || joined server 
2025-04-12 12:25:25 + : ZiddiBoy21  || pb-IF4gUHAoBw== || joined server 
2025-04-12 12:31:49 + : atkiller  || pb-IF4BUnQ-PA== || joined server 
2025-04-12 12:31:49 + : DizzyTrait  || pb-IF4gUFoqEA== || joined server 
2025-04-12 12:32:26 + : nedstark50  || None || joined server 
2025-04-12 12:32:27 + : nedstark50  || pb-IF4BVGUmHw== || joined server 
2025-04-12 12:40:28 + : MightierAs  || pb-IF4sUWs-Jw== || joined server 
2025-04-12 12:42:29 + : Imminen553  || pb-IF4mUUkDIw== || joined server 
2025-04-12 12:55:05 + : BCS  || pb-IF4iU0QaEw== || joined server 
2025-04-12 12:59:59 + : XxGAMERNAK  || None || joined server 
2025-04-12 13:00:00 + : XxGAMERNAK  || pb-IF42VRMqMQ== || joined server 
2025-04-12 13:00:19 + : XxGAMERNAK  || pb-IF42VRMqMQ== || joined server 
2025-04-12 13:01:02 + : Tactica199  || pb-IF5cUGoGBg== || joined server 
2025-04-12 13:01:43 + : Tactica199  || None || joined server 
2025-04-12 13:01:44 + : Tactica199  || pb-IF5cUGoGBg== || joined server 
2025-04-12 13:02:08 + : Tactica199  || None || joined server 
2025-04-12 13:02:09 + : Tactica199  || pb-IF5cUGoGBg== || joined server 
2025-04-12 13:02:16 + : Tactica199  || pb-IF5cUGoGBg== || joined server 
2025-04-12 13:03:07 + : SurgicalEp  || pb-IF5XUUpSAA== || joined server 
2025-04-12 13:03:45 + : Tactica199  || pb-IF5cUGoGBg== || joined server 
2025-04-12 13:13:12 + : rizqullahg  || None || joined server 
2025-04-12 13:13:13 + : rizqullahg  || pb-IF4zUUk4EA== || joined server 
2025-04-12 13:15:12 + : TanNecessi  || pb-IF4PVRICIg== || joined server 
2025-04-12 13:17:43 + : BCS  || pb-IF4iU0QaEw== || joined server 
2025-04-12 13:23:06 + : atkiller  || None || joined server 
2025-04-12 13:23:07 + : atkiller  || pb-IF4BUnQ-PA== || joined server 
2025-04-12 13:24:21 + : atkiller  || pb-IF4BUnQ-PA== || joined server 
2025-04-12 13:24:56 + : Tactica199  || pb-IF5cUGoGBg== || joined server 
2025-04-12 13:26:28 + : tacovuks87  || None || joined server 
2025-04-12 13:26:29 + : tacovuks87  || pb-IF4dURRfCw== || joined server 
2025-04-12 13:29:35 + : ThermalPul  || pb-IF4FUWUsMA== || joined server 
2025-04-12 13:30:36 + : BuffCarpen  || pb-IF5WU1QxEA== || joined server 
2025-04-12 13:32:52 + : ShobanMaX8  || pb-JiNJARFYXERGXFtDGEJUUFJBE0JZQ1NL || joined server 
2025-04-12 13:33:59 + : PiousGarb2  || None || joined server 
2025-04-12 13:34:00 + : PiousGarb2  || pb-IF4TUWgNBA== || joined server 
2025-04-12 13:38:12 + : ItzDumNub7  || pb-IF4SURRYIQ== || joined server 
2025-04-12 13:38:45 + : KINGVARAD  || None || joined server 
2025-04-12 13:38:46 + : KINGVARAD  || pb-IF4OVGw6XQ== || joined server 
2025-04-12 13:39:08 + : FearfulFea  || pb-IF43UXoBIQ== || joined server 
2025-04-12 13:40:12 + : BCS  || pb-IF4iU0QaEw== || joined server 
2025-04-12 13:40:14 + : gourav2005  || None || joined server 
2025-04-12 13:40:15 + : gourav2005  || pb-IF4nUHMlAA== || joined server 
2025-04-12 13:42:34 + : PoliceBoss  || pb-IF5SUUgIKA== || joined server 
2025-04-12 13:50:36 + : gourav2005  || None || joined server 
2025-04-12 13:50:37 + : gourav2005  || pb-IF4nUHMlAA== || joined server 
2025-04-12 13:52:06 + : Devil2007h  || pb-IF5cUUkDAA== || joined server 
2025-04-12 13:52:54 + : HauntedNit  || pb-IF4zU2wtDg== || joined server 
2025-04-12 13:57:54 + : Violencee  || pb-IF4jUWtYFA== || joined server 
2025-04-12 14:02:36 + : IronPlane2  || pb-IF4wU28zAA== || joined server 
2025-04-12 14:03:03 + : BCS  || pb-IF4iU0QaEw== || joined server 
2025-04-12 14:03:12 + : PC223406  || None || joined server 
2025-04-12 14:03:13 + : PC223406  || pb-ND0oS0RTUkYVWA5DDRJXBQNfEUEKQExLUFIZRlwUFA9bQkUQWFJTFg== || joined server 
2025-04-12 14:05:00 + : Commod1207  || pb-IF4QUXYEVA== || joined server 
2025-04-12 14:05:03 + : ProteanSq3  || pb-IF43VFg8Vg== || joined server 
2025-04-12 14:05:41 + : ProteanSq3  || pb-IF43VFg8Vg== || joined server 
2025-04-12 14:06:48 + : TR4  || pb-IF5XUU0jCw== || joined server 
2025-04-12 14:08:43 + : FlimsyCame  || pb-IF4IUUYDVg== || joined server 
2025-04-12 14:10:39 + : ProteanSq3  || pb-IF43VFg8Vg== || joined server 
2025-04-12 14:12:32 + : MRoutriger  || pb-IF4LUFAgCA== || joined server 
2025-04-12 14:12:53 + : ProteanSq3  || pb-IF43VFg8Vg== || joined server 
2025-04-12 14:18:08 + : Eloquen181  || None || joined server 
2025-04-12 14:18:09 + : Eloquen181  || pb-IF4TVVRfLA== || joined server 
2025-04-12 14:23:56 + : LostGalaxy  || pb-IF4WUUozUw== || joined server 
2025-04-12 14:25:53 + : BCS  || pb-IF4iU0QaEw== || joined server 
2025-04-12 14:36:28 + : NoNameB14774190  || pb-IF4PUUgmAA== || joined server 
2025-04-12 14:48:59 + : BCS  || pb-IF4iU0QaEw== || joined server 
2025-04-12 15:11:36 + : BCS  || None || joined server 
2025-04-12 15:11:37 + : BCS  || pb-IF4iU0QaEw== || joined server 
2025-04-12 15:21:36 + : Tactica199  || None || joined server 
2025-04-12 15:21:37 + : Tactica199  || pb-IF5cUGoGBg== || joined server 
2025-04-12 15:25:29 + : Smartass  || None || joined server 
2025-04-12 15:25:30 + : Smartass  || pb-IF42UXEAUg== || joined server 
2025-04-12 15:31:09 + : BazingasBe  || pb-IF4FUXcoHw== || joined server 
2025-04-12 15:31:54 + : atkiller  || None || joined server 
2025-04-12 15:31:55 + : atkiller  || pb-IF4BUnQ-PA== || joined server 
2025-04-12 15:34:06 + : BCS  || pb-IF4iU0QaEw== || joined server 
2025-04-12 15:54:52 + : RedScath  || pb-IF4QUxkOIw== || joined server 
2025-04-12 15:56:59 + : BCS  || pb-IF4iU0QaEw== || joined server 
2025-04-12 15:57:12 + : Pulmona464  || pb-IF4VUxQ7EA== || joined server 
2025-04-12 16:10:22 + : BCS  || pb-IF4iU0QaEw== || joined server 
2025-04-12 16:19:39 + : IgnobleRe9  || pb-IF4dUUVYNQ== || joined server 
2025-04-12 16:21:55 + : lavanya469  || pb-IF4eUBZYEw== || joined server 
2025-04-12 16:24:02 + : Android67938444  || None || joined server 
2025-04-12 16:24:03 + : Android67938444  || pb-IF4mUUITKQ== || joined server 
2025-04-12 16:24:22 + : StaleHunti  || pb-IF4UUXozIg== || joined server 
2025-04-12 16:26:18 + : LostGalaxy  || None || joined server 
2025-04-12 16:26:19 + : LostGalaxy  || pb-IF4WUUozUw== || joined server 
2025-04-12 16:32:40 + : BCS  || pb-IF4iU0QaEw== || joined server 
2025-04-12 16:38:32 + : laudalele1  || pb-IF4zAEYS || joined server 
2025-04-12 16:45:07 + : JodOrWotxD  || pb-IF4IUlclIw== || joined server 
2025-04-12 16:52:04 + : atkiller  || pb-IF4BUnQ-PA== || joined server 
2025-04-12 16:52:39 + : atkiller  || pb-IF4BUnQ-PA== || joined server 
2025-04-12 16:54:50 + : HeavyJoint  || pb-IF4HUUstJw== || joined server 
2025-04-12 16:56:13 + : BCS  || pb-IF4iU0QaEw== || joined server 
2025-04-12 17:01:59 + : System73  || None || joined server 
2025-04-12 17:02:00 + : System73  || pb-IF4dU3omNA== || joined server 
2025-04-12 17:19:23 + : BCS  || pb-IF4iU0QaEw== || joined server 
2025-04-12 17:22:14 + : JoshilaRan  || pb-IF5WUXgTEQ== || joined server 
2025-04-12 17:35:30 + : Inspire979  || None || joined server 
2025-04-12 17:35:31 + : Inspire979  || pb-IF4XUREnPA== || joined server 
2025-04-12 17:38:55 + : Android67785689  || None || joined server 
2025-04-12 17:38:56 + : Android67785689  || pb-IF4AUXBdLA== || joined server 
2025-04-12 17:42:37 + : BCS  || pb-IF4iU0QaEw== || joined server 
2025-04-12 17:44:17 + : System73  || pb-IF4dU3omNA== || joined server 
2025-04-12 17:55:23 + : Tabyretka4  || pb-IF4VUUg_EQ== || joined server 
2025-04-12 18:23:41 + : knockout14  || None || joined server 
2025-04-12 18:23:42 + : knockout14  || pb-IF5TU3UpDg== || joined server 
2025-04-12 18:28:36 + : BCS  || pb-IF4iU0QaEw== || joined server 
2025-04-12 18:47:15 + : OverNout5  || pb-JiNJARFYXEpBVFlJFERRVlNEEkFcRlhL || joined server 
2025-04-12 18:51:00 + : BCS  || pb-IF4iU0QaEw== || joined server 
2025-04-12 19:00:59 + : tacovuks87  || pb-IF4dURRfCw== || joined server 
2025-04-12 19:14:12 + : BCS  || None || joined server 
2025-04-12 19:14:13 + : BCS  || pb-IF4iU0QaEw== || joined server 
2025-04-12 19:37:22 + : Android50730309  || pb-IF4PVHU8DA== || joined server 
2025-04-12 19:37:43 + : BCS  || None || joined server 
2025-04-12 19:37:44 + : BCS  || pb-IF4iU0QaEw== || joined server 
2025-04-12 19:57:12 + : Inelig1319  || pb-IF4lUlEZPw== || joined server 
2025-04-12 20:00:04 + : BCS  || pb-IF4iU0QaEw== || joined server 
2025-04-12 20:22:12 + : BCS  || pb-IF4iU0QaEw== || joined server 
2025-04-12 20:39:43 + : rizqullahg  || pb-IF4zUUk4EA== || joined server 
2025-04-12 20:42:23 + : rizqullahg  || pb-IF4zUUk4EA== || joined server 
2025-04-12 20:43:35 + : rizqullahg  || None || joined server 
2025-04-12 20:43:36 + : rizqullahg  || pb-IF4zUUk4EA== || joined server 
2025-04-12 20:44:17 + : BCS  || pb-IF4iU0QaEw== || joined server 
2025-04-12 20:47:50 + : Android50730309  || pb-IF4PVHU8DA== || joined server 
2025-04-12 20:48:43 + : aspeckofdi  || pb-IF49UEQTMQ== || joined server 
2025-04-12 20:48:56 + : HyperCatal  || pb-IF5XVU8GDg== || joined server 
2025-04-12 20:49:51 + : blastprime  || pb-IF4vUXAEFg== || joined server 
2025-04-12 20:51:30 + : Gourav304  || None || joined server 
2025-04-12 20:51:31 + : Gourav304  || pb-IF5QUUsFCw== || joined server 
2025-04-12 20:52:26 + : TheOne15  || pb-JiNJARBTXEJEXV9BGENRXFVGGUNfQ1FA || joined server 
2025-04-12 20:55:24 + : SecondCoas  || pb-IF5cVUlePQ== || joined server 
2025-04-12 20:59:15 + : anasrm  || pb-IF4RVEtfCQ== || joined server 
2025-04-12 20:59:53 + : TheOne15  || pb-JiNJARBTXEJEXV9BGENRXFVGGUNfQ1FA || joined server 
2025-04-12 21:01:28 + : blastprime  || None || joined server 
2025-04-12 21:01:29 + : blastprime  || pb-IF4vUXAEFg== || joined server 
2025-04-12 21:02:06 + : HaplessHea  || pb-IF4uUUYxBw== || joined server 
2025-04-12 21:02:13 + : HaplessHea  || None || joined server 
2025-04-12 21:02:14 + : HaplessHea  || pb-IF4uUUYxBw== || joined server 
2025-04-12 21:02:16 + : TheOne15  || pb-JiNJARBTXEJEXV9BGENRXFVGGUNfQ1FA || joined server 
2025-04-12 21:02:58 + : srithark20  || None || joined server 
2025-04-12 21:02:59 + : srithark20  || pb-IF4sURVYVA== || joined server 
2025-04-12 21:03:22 + : shadiqmgr  || None || joined server 
2025-04-12 21:03:23 + : shadiqmgr  || pb-IF4xVVQpLg== || joined server 
2025-04-12 21:03:29 + : ShivamT071  || None || joined server 
2025-04-12 21:03:30 + : ShivamT071  || pb-IF5SU1gvHQ== || joined server 
2025-04-12 21:05:11 + : Nileshbhat  || pb-JiNJARBfV0NFW1ZFGURUXFZFE0VaQlVE || joined server 
2025-04-12 21:06:38 + : BCS  || None || joined server 
2025-04-12 21:06:39 + : BCS  || pb-IF4iU0QaEw== || joined server 
2025-04-12 21:08:21 + : sbappi  || pb-JiNJARBfVkZCX19EFEdVUVBHF0VcQFRB || joined server 
2025-04-12 21:13:40 + : P4IN  || pb-IF5UDG8I || joined server 
2025-04-12 21:13:49 + : chadwikbos  || pb-IF4gUW44Fg== || joined server 
2025-04-12 21:21:54 + : rizqullahg  || None || joined server 
2025-04-12 21:21:55 + : rizqullahg  || pb-IF4zUUk4EA== || joined server 
2025-04-12 21:22:28 + : shadiqmgr  || pb-IF4xVVQpLg== || joined server 
2025-04-12 21:27:03 + : Android67524495  || pb-IF4PURkRFw== || joined server 
2025-04-12 21:29:15 + : BCS  || pb-IF4iU0QaEw== || joined server 
2025-04-12 21:35:47 + : Firefist01  || None || joined server 
2025-04-12 21:35:48 + : Firefist01  || pb-IF5TUxktCw== || joined server 
2025-04-12 21:35:58 + : P4IN  || pb-IF5UDG8I || joined server 
2025-04-12 21:51:23 + : BCS  || pb-IF4iU0QaEw== || joined server 
2025-04-12 22:26:28 + : rizqullahg  || None || joined server 
2025-04-12 22:26:29 + : rizqullahg  || pb-IF4zUUk4EA== || joined server 
2025-04-12 22:33:26 + : Eliascorte  || None || joined server 
2025-04-12 22:33:27 + : Eliascorte  || pb-IF4GUUkRMw== || joined server 
2025-04-12 22:34:32 + : rizqullahg  || pb-IF4zUUk4EA== || joined server 
2025-04-12 22:38:10 + : Affectio72  || pb-IF4iVEgCHA== || joined server 
2025-04-12 22:38:50 + : RezkElAdaw  || None || joined server 
2025-04-12 22:38:51 + : RezkElAdaw  || pb-IF4eHxJf || joined server 
2025-04-12 22:40:45 + : JoshilaRan  || pb-IF5WUXgTEQ== || joined server 
2025-04-12 22:44:08 + : WornPerso2  || pb-IF43UnA4Vg== || joined server 
2025-04-12 22:57:35 + : BCS  || pb-IF4iU0QaEw== || joined server 
2025-04-12 23:11:54 + : BCS  || None || joined server 
2025-04-12 23:11:55 + : BCS  || pb-IF4iU0QaEw== || joined server 
2025-04-12 23:23:54 + : rizqullahg  || pb-IF4zUUk4EA== || joined server 
2025-04-12 23:25:18 + : SpazyTheKn  || pb-IF5cUhg_UQ== || joined server 
2025-04-12 23:33:37 + : BCS  || None || joined server 
2025-04-12 23:33:38 + : BCS  || pb-IF4iU0QaEw== || joined server 
2025-04-12 23:55:44 + : BCS  || None || joined server 
2025-04-12 23:55:45 + : BCS  || pb-IF4iU0QaEw== || joined server 
2025-04-13 00:16:20 + : BCS  || pb-IF4iU0QaEw== || joined server 
2025-04-13 00:39:19 + : BCS  || pb-IF4iU0QaEw== || joined server 
2025-04-13 01:01:01 + : BCS  || pb-IF4iU0QaEw== || joined server 
2025-04-13 01:15:21 + : BazingasBe  || None || joined server 
2025-04-13 01:15:22 + : BazingasBe  || pb-IF4FUXcoHw== || joined server 
2025-04-13 01:22:21 + : BCS  || None || joined server 
2025-04-13 01:22:22 + : BCS  || pb-IF4iU0QaEw== || joined server 
2025-04-13 01:44:18 + : BCS  || pb-IF4iU0QaEw== || joined server 
2025-04-13 01:47:59 + : Conver1754  || pb-IF4PUUssIw== || joined server 
2025-04-13 01:52:10 + : NineLodge2  || pb-IF48UXkDMg== || joined server 
2025-04-13 01:57:21 + : NineLodge2  || pb-IF48UXkDMg== || joined server 
2025-04-13 02:02:51 + : Tactica199  || None || joined server 
2025-04-13 02:02:52 + : Tactica199  || pb-IF5cUGoGBg== || joined server 
2025-04-13 02:12:19 + : BCS  || None || joined server 
2025-04-13 02:12:20 + : BCS  || pb-IF4iU0QaEw== || joined server 
2025-04-13 02:12:21 + : Untreat890  || None || joined server 
2025-04-13 02:22:18 + : Fragran859  || pb-IF48UUoFVw== || joined server 
2025-04-13 02:23:54 + : BCS  || pb-IF4iU0QaEw== || joined server 
2025-04-13 02:26:08 + : Tactica199  || pb-IF5cUGoGBg== || joined server 
2025-04-13 02:27:34 + : Thunder0  || pb-IF4AUXAaIA== || joined server 
2025-04-13 02:27:41 + : atkiller  || None || joined server 
2025-04-13 02:27:42 + : atkiller  || pb-IF4BUnQ-PA== || joined server 
2025-04-13 02:28:00 + : atkiller  || pb-IF4BUnQ-PA== || joined server 
2025-04-13 02:28:12 + : LongQuarte  || pb-IF4zUUceEg== || joined server 
2025-04-13 02:31:14 + : LostGalaxy  || pb-IF4WUUozUw== || joined server 
2025-04-13 02:32:02 + : PrivyBreed  || None || joined server 
2025-04-13 02:32:03 + : PrivyBreed  || pb-IF4LUXIOUw== || joined server 
2025-04-13 02:32:06 + : PrivyBreed  || pb-IF4LUXIOUw== || joined server 
2025-04-13 02:55:33 + : RobustCle3  || None || joined server 
2025-04-13 02:55:34 + : RobustCle3  || pb-IF4lUUgjNQ== || joined server 
2025-04-13 02:55:50 + : Wordles351  || pb-IF4LVXgeIA== || joined server 
2025-04-13 02:59:28 + : NoNameC7917196  || None || joined server 
2025-04-13 02:59:29 + : NoNameC7917196  || pb-IF4jUFAgMA== || joined server 
2025-04-13 02:59:58 + : RifeDropbe  || None || joined server 
2025-04-13 02:59:59 + : RifeDropbe  || pb-IF4qUXNYNg== || joined server 
2025-04-13 03:02:58 + : L33tWraith  || pb-IF4wVHIGDQ== || joined server 
2025-04-13 03:03:46 + : Unflatte12  || None || joined server 
2025-04-13 03:03:47 + : Unflatte12  || pb-IF43UxYHVw== || joined server 
2025-04-13 03:06:02 + : wonderofu  || pb-IF4oUXgnKg== || joined server 
2025-04-13 03:07:49 + : Ramsankar6  || None || joined server 
2025-04-13 03:07:50 + : Ramsankar6  || pb-IF40UXQqNg== || joined server 
2025-04-13 03:08:03 + : Ramsankar6  || None || joined server 
2025-04-13 03:08:04 + : Ramsankar6  || pb-IF40UXQqNg== || joined server 
2025-04-13 03:10:15 + : BCS  || pb-IF4iU0QaEw== || joined server 
2025-04-13 03:16:24 + : Indispu826  || pb-IF5cUUwcPA== || joined server 
2025-04-13 03:20:31 + : Pervas1090  || None || joined server 
2025-04-13 03:20:32 + : Pervas1090  || pb-IF4JUUtaNw== || joined server 
2025-04-13 03:33:15 + : BCS  || None || joined server 
2025-04-13 04:33:56 + : BazingasBe  || None || joined server 
2025-04-13 04:33:57 + : BazingasBe  || pb-IF4FUXcoHw== || joined server 
2025-04-13 04:34:28 + : atkiller  || pb-IF4BUnQ-PA== || joined server 
2025-04-13 04:37:44 + : BCS  || pb-IF4iU0QaEw== || joined server 
2025-04-13 04:47:36 + : atkiller  || pb-IF4BUnQ-PA== || joined server 
2025-04-13 05:01:07 + : BCS  || pb-IF4iU0QaEw== || joined server 
2025-04-13 05:03:06 + : atkiller  || pb-IF4BUnQ-PA== || joined server 
2025-04-13 05:04:44 + : FactualUnd  || None || joined server 
2025-04-13 05:04:45 + : FactualUnd  || pb-IF48UmUbUg== || joined server 
2025-04-13 05:05:00 + : Cashmer173  || pb-IF4xUXk4IQ== || joined server 
2025-04-13 05:05:22 + : atkiller  || None || joined server 
2025-04-13 05:05:23 + : atkiller  || pb-IF4BUnQ-PA== || joined server 
2025-04-13 05:13:08 + : atkiller  || pb-IF4BUnQ-PA== || joined server 
2025-04-13 05:18:35 + : DeepestR10  || pb-IF5TUHcpIg== || joined server 
2025-04-13 05:18:38 + : LostGalaxy  || pb-IF4WUUozUw== || joined server 
2025-04-13 05:18:53 + : atkiller  || pb-IF4BUnQ-PA== || joined server 
2025-04-13 05:23:56 + : BCS  || pb-IF4iU0QaEw== || joined server 
2025-04-13 05:24:28 + : LostGalaxy  || None || joined server 
2025-04-13 05:24:29 + : LostGalaxy  || pb-IF4WUUozUw== || joined server 
2025-04-13 05:24:34 + : atkiller  || pb-IF4BUnQ-PA== || joined server 
2025-04-13 05:27:26 + : shishirsha  || None || joined server 
2025-04-13 05:27:27 + : shishirsha  || pb-IF4RV007CQ== || joined server 
2025-04-13 05:29:35 + : IronPlane2  || pb-IF4wU28zAA== || joined server 
2025-04-13 05:29:58 + : InfiniteCe  || pb-IF49VxkBKw== || joined server 
2025-04-13 05:30:02 + : InfiniteCe  || None || joined server 
2025-04-13 05:30:03 + : InfiniteCe  || pb-IF49VxkBKw== || joined server 
2025-04-13 05:42:52 + : CheWy  || pb-IF4wUUgHAg== || joined server 
2025-04-13 05:46:05 + : BCS  || pb-IF4iU0QaEw== || joined server 
2025-04-13 06:04:22 + : FactualUnd  || None || joined server 
2025-04-13 06:04:23 + : FactualUnd  || pb-IF48UmUbUg== || joined server 
2025-04-13 06:04:42 + : Prototy568  || pb-IF4NURcAKA== || joined server 
2025-04-13 06:08:23 + : BCS  || pb-IF4iU0QaEw== || joined server 
2025-04-13 06:09:05 + : FactualUnd  || None || joined server 
2025-04-13 06:09:06 + : FactualUnd  || pb-IF48UmUbUg== || joined server 
2025-04-13 06:12:58 + : PotentSuff  || None || joined server 
2025-04-13 06:12:59 + : PotentSuff  || pb-IF4mUUY4AA== || joined server 
2025-04-13 06:16:04 + : PotentSuff  || pb-IF4mUUY4AA== || joined server 
2025-04-13 06:17:25 + : UnopenedRi  || None || joined server 
2025-04-13 06:17:26 + : UnopenedRi  || pb-IF5SUUtdFg== || joined server 
2025-04-13 06:18:32 + : NetLocatio  || pb-IF5QUWs6UQ== || joined server 
2025-04-13 06:21:22 + : Wordles500  || pb-IF4oUUUPNA== || joined server 
2025-04-13 06:24:12 + : ProteanShe  || pb-IF4BUXQdLw== || joined server 
2025-04-13 06:24:22 + : SurplusCr2  || pb-IF4NU1MOMw== || joined server 
2025-04-13 06:29:16 + : reuto11  || pb-IF5TV1dcDg== || joined server 
2025-04-13 06:29:22 + : partikgame  || pb-IF4GUUsBUQ== || joined server 
2025-04-13 06:30:52 + : BCS  || None || joined server 
2025-04-13 06:30:53 + : BCS  || pb-IF4iU0QaEw== || joined server 
2025-04-13 06:33:52 + : Wordles500  || None || joined server 
2025-04-13 06:33:53 + : Wordles500  || pb-IF4oUUUPNA== || joined server 
2025-04-13 06:35:59 + : aryan8434  || pb-IF4lI08x || joined server 
2025-04-13 06:36:04 + : SmoothAppr  || None || joined server 
2025-04-13 06:36:05 + : SmoothAppr  || pb-IF5RUlEBCA== || joined server 
2025-04-13 06:38:43 + : WeakChapte  || None || joined server 
2025-04-13 06:38:44 + : WeakChapte  || pb-IF4TUUodFg== || joined server 
2025-04-13 06:45:17 + : Bright1028  || pb-IF42UUo_DQ== || joined server 
2025-04-13 06:45:22 + : ZAPTUBE202  || None || joined server 
2025-04-13 06:53:32 + : Android67748901  || None || joined server 
2025-04-13 06:53:33 + : Android67748901  || pb-IF4GUW0ILA== || joined server 
2025-04-13 06:53:59 + : GrimSolidi  || None || joined server 
2025-04-13 06:54:00 + : GrimSolidi  || pb-IF4XUXYuIA== || joined server 
2025-04-13 07:01:18 + : LostGalaxy  || None || joined server 
2025-04-13 07:01:22 + : LostGalaxy  || pb-IF4WUUozUw== || joined server 
2025-04-13 07:04:36 + : Forgiv1066  || None || joined server 
2025-04-13 07:04:37 + : Forgiv1066  || pb-IF5VUU0JPQ== || joined server 
2025-04-13 07:06:32 + : UphillTick  || None || joined server 
2025-04-13 07:06:33 + : UphillTick  || pb-IF4HUW4PIw== || joined server 
2025-04-13 07:07:03 + : BazingasBe  || pb-IF4FUXcoHw== || joined server 
2025-04-13 07:08:08 + : LoyalVapor  || None || joined server 
2025-04-13 07:08:09 + : LoyalVapor  || pb-IF4jU1QhEw== || joined server 
2025-04-13 07:11:56 + : BCS  || pb-IF4iU0QaEw== || joined server 
2025-04-13 07:13:03 + : bitwRR07  || pb-JiNJVxBZV0ZAXFZAEUFYXVxBGENZT1VG || joined server 
2025-04-13 07:13:17 + : bitwRR07  || pb-JiNJVxBZV0ZAXFZAEUFYXVxBGENZT1VG || joined server 
