2024-05-14 00:11:12 + : pb-IF4HUE4OVw== ip: a|o~vo~~jdajcv , Device id: 471ab83860f81467e285daeb75c701957cbbb2a7 
2024-05-14 00:18:04 + : pb-IF4rURJSPA== ip: dvvd|vaaiey , Device id: 903cd3f58f4c64ff0313b2d8fc23df208f716b8f 
2024-05-14 00:20:50 + : pb-IF5WURQmFQ== ip: dvvcyvan~~hc , Device id: d8749bd7b4ae99da826545ba920ee8a07c1b96f9 
2024-05-14 00:21:17 + : pb-IF5WURQmFQ== ip: dvvcyvan~~hc , Device id: d8749bd7b4ae99da826545ba920ee8a07c1b96f9 
2024-05-14 00:23:55 + : pb-IF4xUhUoLQ== ip: azj~zo~vj~ya , Device id: cc521e4b421344c76ddeb7804e175be0e5cc2864 
2024-07-04 23:02:47 + : Server started 
2024-07-04 23:07:54 + : pb-IF4BUlQBJw== ip: azj~zo~}jeaia , Device id: ef86bb93ac5bf094c4332107ed4101624fe3f5d6 
2024-07-04 23:08:26 + : pb-IF4nUWQxHw==|| kicked > new account 
2024-07-04 23:12:27 + : pb-IF4BUlQBJw== ip: azj~zo~}jeaia , Device id: ef86bb93ac5bf094c4332107ed4101624fe3f5d6 
2024-07-04 23:14:47 + : pb-IF4BUlQBJw== ip: azj~zo~}jeaia , Device id: ef86bb93ac5bf094c4332107ed4101624fe3f5d6 
2024-07-04 23:16:15 + : pb-IF4BUlQBJw== ip: azj~zo~}jeaia , Device id: ef86bb93ac5bf094c4332107ed4101624fe3f5d6 
2024-07-04 23:25:16 + : pb-IF4BUlQBJw== ip: azj~zo~}jeaia , Device id: ef86bb93ac5bf094c4332107ed4101624fe3f5d6 
2024-07-05 00:07:17 + : pb-IF4iU0QaEw== ip: a{i~~lgajdaif} , Device id: 4da63e77c8e855d8d121f66e6efdb706c65f6e05 
2024-07-05 00:29:25 + : pb-IF4iU0QaEw== ip: a{i~~lgajdaif} , Device id: 4da63e77c8e855d8d121f66e6efdb706c65f6e05 
2024-07-05 00:30:10 + : pb-IF41NnYI ip: dvvd}vczvdy , Device id: d9e5990909030fcb7b0740de3398a0716edd6181 
2024-07-05 00:51:15 + : pb-IF4iU0QaEw== ip: a{i~~lgajdaif} , Device id: 4da63e77c8e855d8d121f66e6efdb706c65f6e05 
2024-07-05 00:58:46 + : pb-IF40UEwoPA== ip: a}h~}a~~hiaib{ , Device id: 4cb3ad722d24cc1fbb9d9e3103d1a7cbf7fd19ce 
2024-07-05 01:01:45 + : pb-IF40UEwoPA== ip: a}h~}a~~hiaib{ , Device id: 4cb3ad722d24cc1fbb9d9e3103d1a7cbf7fd19ce 
2024-07-05 01:03:01 + : pb-IF4NU1lYFg== ip: aakiaofaj`z , Device id: 259df46fae12aeae243cb8fe58c2607f7465dafe 
2024-07-05 01:03:32 + : pb-IF4NU1lYFg== ip: aakiaofaj`z , Device id: 259df46fae12aeae243cb8fe58c2607f7465dafe 
2024-07-05 01:04:03 + : pb-IF4NU1lYFg== ip: aakiaofaj`z , Device id: 259df46fae12aeae243cb8fe58c2607f7465dafe 
2024-07-05 01:05:37 + : pb-IF4NU1lYFg== ip: aakiaofaj`z , Device id: 259df46fae12aeae243cb8fe58c2607f7465dafe 
2024-07-05 01:06:23 + : pb-IF4NU1lYFg== ip: aakiaofaj`z , Device id: 259df46fae12aeae243cb8fe58c2607f7465dafe 
2024-07-05 01:06:59 + : pb-IF4NU1lYFg== ip: aakiaofaj`z , Device id: 259df46fae12aeae243cb8fe58c2607f7465dafe 
2024-07-05 01:14:02 + : pb-IF4iU0QaEw== ip: a{i~~lgajdaif} , Device id: 4da63e77c8e855d8d121f66e6efdb706c65f6e05 
2024-07-05 01:16:24 + : pb-IF4NU1lYFg== ip: aakiaofaj`z , Device id: 259df46fae12aeae243cb8fe58c2607f7465dafe 
2024-07-05 01:32:12 + : pb-IF40UEwoPA== ip: a}h~}a~~hiaib{ , Device id: 4cb3ad722d24cc1fbb9d9e3103d1a7cbf7fd19ce 
2024-07-05 01:36:20 + : pb-IF4iU0QaEw== ip: a{i~~lgajdaif} , Device id: 4da63e77c8e855d8d121f66e6efdb706c65f6e05 
2024-07-05 02:20:43 + : pb-IF4iU0QaEw== ip: a{i~~lgajdaif} , Device id: 4da63e77c8e855d8d121f66e6efdb706c65f6e05 
2025-04-11 12:14:49 + : Server started 
2025-04-11 12:16:05 + : pb-IF4BUnQ-PA== ip: a~o~}kdaig~vbh , Device id: 0ff6abc9b630a9833d3dac50af5feee551364d84 
2025-04-11 12:19:25 + : pb-IF4BUnQ-PA== ip: a~o~}kdaig~vbh , Device id: 0ff6abc9b630a9833d3dac50af5feee551364d84 
2025-04-11 12:23:20 + : pb-IF4BUnQ-PA== ip: a~o~}kdaig~vbh , Device id: 0ff6abc9b630a9833d3dac50af5feee551364d84 
2025-04-11 12:24:24 + : pb-IF4iU0QaEw== kicked > reason: Banned account from discord 
2025-04-11 12:28:56 + : pb-IF4BUnQ-PA== ip: a~o~}kdaig~vbh , Device id: 0ff6abc9b630a9833d3dac50af5feee551364d84 
2025-04-11 12:38:04 + : Server started 
2025-04-11 12:38:13 + : pb-IF4BUnQ-PA== ip: a~o~}kdaig~vbh , Device id: 0ff6abc9b630a9833d3dac50af5feee551364d84 
2025-04-11 12:42:10 + : pb-IF4FUXcoHw== ip: d|vb|i~}a~~`d , Device id: f7aa721ca8d176a006008fb9bd5f56bfb75517d3 
2025-04-11 12:43:24 + : pb-IF4FUXcoHw== ip: d|vb|i~}a~~`d , Device id: f7aa721ca8d176a006008fb9bd5f56bfb75517d3 
2025-04-11 12:43:46 + : pb-IF4zUUceEg== ip: azj~z`~}ieajdw , Device id: 57751982c7bf6abdd0c337baac17ad328a1936d5 
2025-04-11 12:46:48 + : pb-IF4FUXcoHw== ip: d|vb|i~}a~~`d , Device id: f7aa721ca8d176a006008fb9bd5f56bfb75517d3 
2025-04-11 12:54:01 + : Server started 
2025-04-11 12:54:02 + : pb-IF4BUnQ-PA== ip: a~o~}kdaig~vbh , Device id: 0ff6abc9b630a9833d3dac50af5feee551364d84 
2025-04-11 12:54:28 + : pb-IF4WUUozUw== ip: an~}jaaadaicz , Device id: b174710afe1d4d185236ab37d1180663ad353ec5 
2025-04-11 12:54:45 + : pb-IF4FUXcoHw== ip: d|vb|i~}a~~`d , Device id: f7aa721ca8d176a006008fb9bd5f56bfb75517d3 
2025-04-11 12:55:20 + : pb-IF4BUnQ-PA== ip: a~o~}kdaig~vbh , Device id: 0ff6abc9b630a9833d3dac50af5feee551364d84 
2025-04-11 12:58:43 + : pb-IF4WUUozUw== ip: an~}jaaadaicz , Device id: b174710afe1d4d185236ab37d1180663ad353ec5 
2025-04-11 12:58:57 + : Server started 
2025-04-11 12:58:58 + : pb-IF4WUUozUw== ip: an~}jaaadaicz , Device id: b174710afe1d4d185236ab37d1180663ad353ec5 
2025-04-11 12:58:59 + : pb-IF4BUnQ-PA== ip: a~o~}kdaig~vbh , Device id: 0ff6abc9b630a9833d3dac50af5feee551364d84 
2025-04-11 12:59:42 + : pb-IF4FUXcoHw== ip: d|vb|i~}a~~`d , Device id: f7aa721ca8d176a006008fb9bd5f56bfb75517d3 
2025-04-11 13:00:16 + : pb-IF4WUUozUw== ip: an~}jaaadaicz , Device id: b174710afe1d4d185236ab37d1180663ad353ec5 
2025-04-11 13:01:30 + : pb-IF4FUXcoHw== ip: d|vb|i~}a~~`d , Device id: f7aa721ca8d176a006008fb9bd5f56bfb75517d3 
2025-04-11 13:19:04 + : Server started 
2025-04-11 13:19:05 + : pb-IF4WUUozUw== ip: an~}jaaadaicz , Device id: b174710afe1d4d185236ab37d1180663ad353ec5 
2025-04-11 13:21:26 + : pb-IF4BUnQ-PA== ip: a~o~}kdaigwve , Device id: 0ff6abc9b630a9833d3dac50af5feee551364d84 
2025-04-11 13:21:28 + : pb-IF4oUXgnKg== ip: an~xn~vj~vk , Device id: 47a1dd94de6352049b14216cbe4ce3b16bd4c3d5 
2025-04-11 13:22:19 + : pb-IF4WUUozUw== ip: an~}jaaadaicz , Device id: b174710afe1d4d185236ab37d1180663ad353ec5 
2025-04-11 13:25:25 + : pb-IF41UFoZEA== ip: aa~wj~ya~~nc , Device id: 691280fd24c0dc9947b59c8c920bdd029a6f94dd 
2025-04-11 13:33:57 + : Server started 
2025-04-11 13:36:47 + : pb-IF4WUUozUw== ip: an~}jaaadaicz , Device id: b174710afe1d4d185236ab37d1180663ad353ec5 
2025-04-11 13:37:58 + : pb-IF4BUnQ-PA== ip: a~o~}kdaigwve , Device id: 0ff6abc9b630a9833d3dac50af5feee551364d84 
2025-04-11 13:39:21 + : pb-IF4WUUozUw== ip: an~}jaaadaicz , Device id: b174710afe1d4d185236ab37d1180663ad353ec5 
2025-04-11 13:42:09 + : pb-IF4WUUozUw== | kicked for betraying 
2025-04-11 13:56:07 + : pb-IF4iU0QaEw== kicked > reason: Banned account from discord 
2025-04-11 14:03:33 + : pb-IF4BUnQ-PA== ip: a~o~}kdaj`~vaxo , Device id: 0ff6abc9b630a9833d3dac50af5feee551364d84 
2025-04-11 14:12:24 + : pb-IF4JUUo_Fg==|| kicked > new account 
2025-04-11 14:20:06 + : pb-IF4iU0QaEw== kicked > reason: Banned account from discord 
2025-04-11 14:32:53 + : pb-IF4WUUozUw== ip: an~}jaaadaicz , Device id: b174710afe1d4d185236ab37d1180663ad353ec5 
2025-04-11 14:34:26 + : pb-IF4BUnQ-PA== ip: a~o~}kdaj`~vaxo , Device id: 0ff6abc9b630a9833d3dac50af5feee551364d84 
2025-04-11 14:37:47 + : pb-IF4BUnQ-PA== ip: a~o~}kdaj`~vaxo , Device id: 0ff6abc9b630a9833d3dac50af5feee551364d84 
2025-04-11 14:52:09 + : Server started 
2025-04-11 14:52:10 + : pb-IF4WUUozUw== ip: an~}jaaadaicz , Device id: b174710afe1d4d185236ab37d1180663ad353ec5 
2025-04-11 14:52:10 + : pb-IF43UGEmCw== ip: a~h~}jgai~}jb , Device id: 9b76fc1aa05ef0013685ab6d7f101747790466d8 
2025-04-11 14:52:38 + : pb-IF4WUUozUw== ip: an~}jaaadaicz , Device id: b174710afe1d4d185236ab37d1180663ad353ec5 
2025-04-11 14:52:55 + : pb-IF4cUUpeMQ== ip: ak~}jhaidzvc{ , Device id: a5f89506b2070f2f72d8e672c7fd731de7efb202 
2025-04-11 14:53:04 + : pb-IF43UGEmCw== ip: a~h~}jgai~}jb , Device id: 9b76fc1aa05ef0013685ab6d7f101747790466d8 
2025-04-11 15:00:03 + : Server started 
2025-04-11 15:00:04 + : pb-IF4WUUozUw== ip: an~}jaaadaicz , Device id: b174710afe1d4d185236ab37d1180663ad353ec5 
2025-04-11 15:00:04 + : pb-IF4BUnQ-PA== ip: a~o~}kdaj`yva{i , Device id: 0ff6abc9b630a9833d3dac50af5feee551364d84 
2025-04-11 15:03:04 + : pb-IF4iU0QaEw== kicked > reason: Banned account from discord 
2025-04-11 15:05:34 + : pb-IF4UUHcMDw== ip: axi~{`~{l~x` , Device id: 4eae98f2a9791efc4c6f1fdbddb7b08b168fa212 
2025-04-11 15:05:38 + : pb-IF4WUUozUw== ip: an~}jaaadaicz , Device id: b174710afe1d4d185236ab37d1180663ad353ec5 
2025-04-11 15:05:38 + : pb-IF4BUnQ-PA== ip: a~o~}kdaj`yva{i , Device id: 0ff6abc9b630a9833d3dac50af5feee551364d84 
2025-04-11 15:12:17 + : pb-IF4UUHcMDw== ip: axi~{`~{l~x` , Device id: 4eae98f2a9791efc4c6f1fdbddb7b08b168fa212 
2025-04-11 15:22:45 + : pb-IF4BUnQ-PA== ip: a~o~}kdaj`yva{i , Device id: 0ff6abc9b630a9833d3dac50af5feee551364d84 
2025-04-11 15:23:13 + : pb-IF4BUnQ-PA== ip: a~o~}kdaj`yva{i , Device id: 0ff6abc9b630a9833d3dac50af5feee551364d84 
2025-04-11 15:24:57 + : pb-IF4FUXcoHw== ip: d|vb|i~}a~~`d , Device id: f7aa721ca8d176a006008fb9bd5f56bfb75517d3 
2025-04-11 15:27:26 + : pb-IF4iU0QaEw== kicked > reason: Banned account from discord 
2025-04-11 16:09:37 + : Server started 
2025-04-11 16:10:53 + : pb-IF4BUnQ-PA== ip: a~o~}kdaj`yva{i , Device id: 0ff6abc9b630a9833d3dac50af5feee551364d84 
2025-04-11 16:11:59 + : pb-IF4BUnQ-PA== ip: a~o~}kdaj`yva{i , Device id: 0ff6abc9b630a9833d3dac50af5feee551364d84 
2025-04-11 16:12:09 + : pb-IF4BUnQ-PA== ip: a~o~}kdaj`yva{i , Device id: 0ff6abc9b630a9833d3dac50af5feee551364d84 
2025-04-11 16:13:27 + : pb-IF4BUnQ-PA== ip: a~o~}kdaj`yva{i , Device id: 0ff6abc9b630a9833d3dac50af5feee551364d84 
2025-04-11 16:16:55 + : pb-IF4BUnQ-PA== ip: a~o~}kdaj`yva{i , Device id: 0ff6abc9b630a9833d3dac50af5feee551364d84 
2025-04-11 16:18:56 + : pb-IF4qUG5SLw== ip: cvvdyva{l~~mc , Device id: 09506a26930f0bf6505033841d7b06543ac2eba1 
2025-04-11 16:20:33 + : pb-IF4FUXcoHw== ip: d|vb|i~}a~~`d , Device id: f7aa721ca8d176a006008fb9bd5f56bfb75517d3 
2025-04-11 16:22:23 + : pb-IF4HUBgzAw== ip: dvva{vayn~~hh , Device id: 67035f7e0a22ee5370ea433a9b0c62e824d3eb5d 
2025-04-11 16:24:08 + : pb-IF4oUUUPNA== ip: aakiaia{vaxj , Device id: 717eb316e6ba2d94aae42bbc78962d39b699470c 
2025-04-11 16:24:31 + : pb-IF4CUUoYPQ== ip: cxvb|a~~abaibw , Device id: 30e8eb121fb564b2c82e06b3751e0069a9eff607 
2025-04-11 16:26:26 + : pb-IF4CUUoYPQ== ip: cxvb|a~~abaibw , Device id: 30e8eb121fb564b2c82e06b3751e0069a9eff607 
2025-04-11 16:26:29 + : pb-IF4iU0QaEw== kicked > reason: Banned account from discord 
2025-04-11 16:26:45 + : pb-IF4RUUteHw==|| kicked > new account 
2025-04-11 16:28:49 + : pb-IF43UkhbPA== started kick vote for pb-IF4BUXQdLw==. 
2025-04-11 16:29:19 + : Kick vote End 
2025-04-11 16:30:53 + : pb-IF4qUUYvMA== ip: an~}ieaig}vb}i , Device id: 249ff4b36302892f68a9341fdc3e41f0bb32943b 
2025-04-11 16:38:59 + : pb-IF4BUnQ-PA== ip: a~o~}jeaaaah , Device id: 0ff6abc9b630a9833d3dac50af5feee551364d84 
2025-04-11 16:42:28 + : pb-IF4gVGISPw== ip: azj~z`~}lgajd| , Device id: 22e6b6f723c87891043cfae78fc9cb216e2fab4c 
2025-04-11 16:42:32 + : pb-IF4BUnQ-PA== ip: a~o~}jeaaaah , Device id: 0ff6abc9b630a9833d3dac50af5feee551364d84 
2025-04-11 16:42:51 + : pb-IF4FUXcoHw== ip: d|vb|i~}a~~`d , Device id: f7aa721ca8d176a006008fb9bd5f56bfb75517d3 
2025-04-11 16:43:25 + : pb-IF4FUXcoHw== ip: d|vb|i~}a~~`d , Device id: f7aa721ca8d176a006008fb9bd5f56bfb75517d3 
2025-04-11 16:46:23 + : pb-IF4FUXcoHw== ip: d|vb|i~}a~~`d , Device id: f7aa721ca8d176a006008fb9bd5f56bfb75517d3 
2025-04-11 16:46:34 + : pb-IF5dUUwMJw==|| kicked > new account 
2025-04-11 16:47:19 + : pb-IF4FUXcoHw== ip: d|vb|i~}a~~`d , Device id: f7aa721ca8d176a006008fb9bd5f56bfb75517d3 
2025-04-11 16:50:26 + : pb-IF4VUUozFQ==|| kicked > new account 
2025-04-11 16:50:47 + : pb-IF4iU0QaEw== kicked > reason: Banned account from discord 
2025-04-11 16:50:55 + : pb-IF4VUUozFQ== | kicked > reason:Banned account 
2025-04-11 16:56:14 + : pb-IF4XVWkGDA== started kick vote for pb-IF43UkE6Ew==. 
2025-04-11 16:56:44 + : Kick vote End 
2025-04-11 16:59:58 + : pb-IF4rUUkfMw== ip: dvvd}ve{vb|k , Device id: 1837edfc2198a0a81d26296915de910b2542d702 
2025-04-11 17:00:06 + : pb-IF4FUXcoHw== ip: d|vb|i~}a~~`d , Device id: f7aa721ca8d176a006008fb9bd5f56bfb75517d3 
2025-04-11 17:07:40 + : pb-IF4OU3QFNQ== ip: an~}iaaibvai , Device id: e3ae7e1a5c6638b4c7ad68ebe4098f30f03f877b 
2025-04-11 17:09:24 + : pb-IF43UnA4Vg== ip: azo~{j~}mbak , Device id: 780cd4cd4177771430dc680c124f6e1f98a863ba 
2025-04-11 17:09:30 + : pb-IF4dUko8Lg== started kick vote for pb-IF41UUkYHQ==. 
2025-04-11 17:10:00 + : Kick vote End 
2025-04-11 17:12:21 + : pb-IF4dUko8Lg== ip: ak~wo~vl~~hc , Device id: ec93dc72eb2fa940900503c421ee34e23b7ea9d8 
2025-04-11 17:13:41 + : pb-IF4dUko8Lg== started kick vote for pb-IF41UUkYHQ==. 
2025-04-11 17:14:11 + : Kick vote End 
2025-04-11 17:14:32 + : pb-IF4BUnQ-PA== ip: a~o~}jeaaaah , Device id: 0ff6abc9b630a9833d3dac50af5feee551364d84 
2025-04-11 17:14:54 + : pb-IF4iU0QaEw== kicked > reason: Banned account from discord 
2025-04-11 17:15:28 + : pb-IF41VEk4Bg== started kick vote for pb-IF4BUnQ-PA==. 
2025-04-11 17:23:22 + : Server started 
2025-04-11 17:23:23 + : pb-IF4BUnQ-PA== ip: a~o~}jeaaaah , Device id: 0ff6abc9b630a9833d3dac50af5feee551364d84 
2025-04-11 17:23:30 + : pb-IF4WUUozUw== ip: an~}jaaadaicz , Device id: b174710afe1d4d185236ab37d1180663ad353ec5 
2025-04-11 17:24:19 + : pb-IF4BUnQ-PA== ip: a~o~}jeaaaah , Device id: 0ff6abc9b630a9833d3dac50af5feee551364d84 
2025-04-11 17:24:58 + : pb-IF4WUUozUw== ip: an~}jaaadaicz , Device id: b174710afe1d4d185236ab37d1180663ad353ec5 
2025-04-11 17:25:03 + : Server Restarting, Please Join in a moment ! 
2025-04-11 17:25:13 + : Server started 
2025-04-11 17:25:17 + : pb-IF4WUUozUw== ip: an~}jaaadaicz , Device id: b174710afe1d4d185236ab37d1180663ad353ec5 
2025-04-11 17:25:27 + : pb-IF4BUnQ-PA== ip: a~o~}jeaaaah , Device id: 0ff6abc9b630a9833d3dac50af5feee551364d84 
2025-04-11 17:27:26 + : pb-IF4WUUozUw== ip: an~}jaaadaicz , Device id: b174710afe1d4d185236ab37d1180663ad353ec5 
2025-04-11 17:28:13 + : pb-IF48UUs6VA==|| kicked > new account 
2025-04-11 17:35:05 + : pb-IF5SUxcmUA== ip: dvvcxvb~a~}le , Device id: 44ef8008e9b909ac469ac205c5df46fc0abc512a 
2025-04-11 17:37:39 + : pb-IF4iU0QaEw== kicked > reason: Banned account from discord 
2025-04-11 18:00:52 + : pb-IF4iU0QaEw== kicked > reason: Banned account from discord 
2025-04-11 18:23:15 + : pb-IF4iU0QaEw== kicked > reason: Banned account from discord 
2025-04-11 18:46:13 + : pb-IF4iU0QaEw== kicked > reason: Banned account from discord 
2025-04-11 19:08:40 + : pb-IF4iU0QaEw== kicked > reason: Banned account from discord 
2025-04-11 19:31:11 + : pb-IF4iU0QaEw== kicked > reason: Banned account from discord 
2025-04-11 19:54:07 + : pb-IF4iU0QaEw== kicked > reason: Banned account from discord 
2025-04-11 20:16:38 + : pb-IF4iU0QaEw== kicked > reason: Banned account from discord 
2025-04-11 20:40:06 + : pb-IF4iU0QaEw== kicked > reason: Banned account from discord 
2025-04-11 21:02:24 + : pb-IF4iU0QaEw== kicked > reason: Banned account from discord 
2025-04-11 21:25:26 + : pb-IF4iU0QaEw== kicked > reason: Banned account from discord 
2025-04-11 21:48:25 + : pb-IF4iU0QaEw== kicked > reason: Banned account from discord 
2025-04-11 22:11:38 + : pb-IF4iU0QaEw== kicked > reason: Banned account from discord 
2025-04-11 22:33:28 + : pb-IF4iU0QaEw== kicked > reason: Banned account from discord 
2025-04-11 22:55:52 + : pb-IF4iU0QaEw== kicked > reason: Banned account from discord 
2025-04-11 23:09:32 + : pb-IF4iU0QaEw== kicked > reason: Banned account from discord 
2025-04-11 23:32:11 + : pb-IF4iU0QaEw== kicked > reason: Banned account from discord 
2025-04-11 23:54:52 + : pb-IF4iU0QaEw== kicked > reason: Banned account from discord 
2025-04-12 00:25:17 + : Server started 
2025-04-12 00:28:52 + : pb-IF4WUUozUw== ip: an~}j`ai`yvc| , Device id: b174710afe1d4d185236ab37d1180663ad353ec5 
2025-04-12 00:40:17 + : pb-IF4iU0QaEw== kicked > reason: Banned account from discord 
2025-04-12 00:48:38 + : pb-IF4WUUozUw== ip: an~}j`ai`yvc| , Device id: b174710afe1d4d185236ab37d1180663ad353ec5 
2025-04-12 01:02:37 + : pb-IF4iU0QaEw== kicked > reason: Banned account from discord 
2025-04-12 01:03:06 + : pb-IF4BUnQ-PA== ip: a~o~}kdaigve , Device id: 0ff6abc9b630a9833d3dac50af5feee551364d84 
2025-04-12 01:06:38 + : pb-IF4yUUoeXQ==|| kicked > new account 
2025-04-12 01:25:09 + : pb-IF4iU0QaEw== kicked > reason: Banned account from discord 
2025-04-12 01:48:00 + : pb-IF4iU0QaEw== kicked > reason: Banned account from discord 
2025-04-12 01:51:03 + : pb-IF4BUnQ-PA== ip: a~o~}kdaigve , Device id: 0ff6abc9b630a9833d3dac50af5feee551364d84 
2025-04-12 01:52:31 + : pb-IF4BUnQ-PA== ip: a~o~}kdaigve , Device id: 0ff6abc9b630a9833d3dac50af5feee551364d84 
2025-04-12 01:56:10 + : pb-IF4BUnQ-PA== ip: a~o~}kdaigve , Device id: 0ff6abc9b630a9833d3dac50af5feee551364d84 
2025-04-12 01:56:28 + : pb-IF4BUnQ-PA== ip: a~o~}kdaigve , Device id: 0ff6abc9b630a9833d3dac50af5feee551364d84 
2025-04-12 02:10:14 + : pb-IF4iU0QaEw== kicked > reason: Banned account from discord 
2025-04-12 02:10:39 + : pb-IF4BUnQ-PA== ip: a~o~}kdaigve , Device id: 0ff6abc9b630a9833d3dac50af5feee551364d84 
2025-04-12 02:11:52 + : pb-IF4UUHcMDw== ip: axi~{`~{l~x` , Device id: 4eae98f2a9791efc4c6f1fdbddb7b08b168fa212 
2025-04-12 02:20:23 + : pb-IF4xVWQECQ== ip: dvvbn~}vb|j , Device id: c4571a0adf9a3647b0106a2fd56aa3d59f2ecc28 
2025-04-12 02:27:31 + : pb-IF4BUnQ-PA== ip: a~o~}kdaigve , Device id: 0ff6abc9b630a9833d3dac50af5feee551364d84 
2025-04-12 02:27:45 + : Server started 
2025-04-12 02:28:24 + : pb-IF4BUnQ-PA== ip: a~o~}kdaigve , Device id: 0ff6abc9b630a9833d3dac50af5feee551364d84 
2025-04-12 02:32:54 + : pb-IF4iU0QaEw== kicked > reason: Banned account from discord 
2025-04-12 02:36:51 + : pb-IF4UUHcMDw== ip: axi~{`~{l~x` , Device id: 4eae98f2a9791efc4c6f1fdbddb7b08b168fa212 
2025-04-12 02:38:05 + : pb-IF4BUnQ-PA== ip: a~o~}kdaigve , Device id: 0ff6abc9b630a9833d3dac50af5feee551364d84 
2025-04-12 02:40:50 + : pb-IF4BUnQ-PA== ip: a~o~}kdaigve , Device id: 0ff6abc9b630a9833d3dac50af5feee551364d84 
2025-04-12 02:41:06 + : Server started 
2025-04-12 02:41:11 + : pb-IF4BUnQ-PA== ip: a~o~}kdaigve , Device id: 0ff6abc9b630a9833d3dac50af5feee551364d84 
2025-04-12 02:52:39 + : pb-IF4BUnQ-PA== ip: a~o~}kdaigve , Device id: 0ff6abc9b630a9833d3dac50af5feee551364d84 
2025-04-12 02:53:14 + : pb-IF4BUnQ-PA== ip: a~o~}kdaigve , Device id: 0ff6abc9b630a9833d3dac50af5feee551364d84 
2025-04-12 03:05:02 + : pb-IF4BUnQ-PA== ip: a~o~}kdaigve , Device id: 0ff6abc9b630a9833d3dac50af5feee551364d84 
2025-04-12 03:05:06 + : Server Restarting, Please Join in a moment ! 
2025-04-12 03:08:59 + : Server started 
2025-04-12 03:09:45 + : pb-IF4iU0QaEw== kicked > reason: Banned account from discord 
2025-04-12 03:10:32 + : pb-IF4UUHcMDw== ip: axi~{`~{l~x` , Device id: 4eae98f2a9791efc4c6f1fdbddb7b08b168fa212 
2025-04-12 03:17:43 + : pb-IF4BUnQ-PA== ip: a~o~}jeaiazviv , Device id: 0ff6abc9b630a9833d3dac50af5feee551364d84 
2025-04-12 03:23:54 + : pb-IF4BUnQ-PA== ip: a~o~}jeaiazviv , Device id: 0ff6abc9b630a9833d3dac50af5feee551364d84 
2025-04-12 03:24:00 + : Server Restarting, Please Join in a moment ! 
2025-04-12 03:24:09 + : Server started 
2025-04-12 03:25:12 + : pb-IF4WUUozUw== ip: an~}j`ai`yvc| , Device id: b174710afe1d4d185236ab37d1180663ad353ec5 
2025-04-12 03:26:16 + : pb-IF4WUUozUw== ip: an~}j`ai`yvc| , Device id: b174710afe1d4d185236ab37d1180663ad353ec5 
2025-04-12 03:30:14 + : pb-IF4WUUozUw== ip: an~}j`ai`yvc| , Device id: b174710afe1d4d185236ab37d1180663ad353ec5 
2025-04-12 03:33:30 + : pb-IF4BUnQ-PA== ip: a~o~}jeaiazviv , Device id: 0ff6abc9b630a9833d3dac50af5feee551364d84 
2025-04-12 03:34:29 + : pb-IF4WUUozUw== ip: an~}j`ai`yvc| , Device id: b174710afe1d4d185236ab37d1180663ad353ec5 
2025-04-12 03:34:45 + : Server started 
2025-04-12 03:34:46 + : pb-IF4WUUozUw== ip: an~}j`ai`yvc| , Device id: b174710afe1d4d185236ab37d1180663ad353ec5 
2025-04-12 03:35:21 + : pb-IF4WUUozUw== ip: an~}j`ai`yvc| , Device id: b174710afe1d4d185236ab37d1180663ad353ec5 
2025-04-12 03:35:48 + : pb-IF4iU0QaEw== kicked > reason: Banned account from discord 
2025-04-12 03:35:56 + : pb-IF4GVXcGAw== ip: axm~~ofajhaie , Device id: 3aa0aff982d6a35d1019fd8cec03a4a3483e6747 
2025-04-12 03:36:47 + : pb-IF4WUUozUw== ip: an~}j`ai`yvc| , Device id: b174710afe1d4d185236ab37d1180663ad353ec5 
2025-04-12 03:37:00 + : Server started 
2025-04-12 03:37:01 + : pb-IF4WUUozUw== ip: an~}j`ai`yvc| , Device id: b174710afe1d4d185236ab37d1180663ad353ec5 
2025-04-12 03:40:46 + : pb-IF4WUUozUw== ip: an~}j`ai`yvc| , Device id: b174710afe1d4d185236ab37d1180663ad353ec5 
2025-04-12 03:42:54 + : pb-IF4WUUozUw== ip: an~}j`ai`yvc| , Device id: b174710afe1d4d185236ab37d1180663ad353ec5 
2025-04-12 03:43:43 + : pb-IF4FUXcoHw== ip: d|vb|i~}a~~`d , Device id: f7aa721ca8d176a006008fb9bd5f56bfb75517d3 
2025-04-12 03:45:31 + : pb-IF4OU3QFNQ== ip: an~}iaaibvai , Device id: e3ae7e1a5c6638b4c7ad68ebe4098f30f03f877b 
2025-04-12 03:47:34 + : pb-IF4OU3QFNQ== ip: an~}iaaibvai , Device id: e3ae7e1a5c6638b4c7ad68ebe4098f30f03f877b 
2025-04-12 03:51:53 + : pb-IF4FUXcoHw== ip: d|vb|i~}a~~`d , Device id: f7aa721ca8d176a006008fb9bd5f56bfb75517d3 
2025-04-12 04:00:35 + : pb-IF4iU0QaEw== kicked > reason: Banned account from discord 
2025-04-12 04:12:22 + : pb-IF4FUXcoHw== ip: d|vb|i~}a~~`d , Device id: f7aa721ca8d176a006008fb9bd5f56bfb75517d3 
2025-04-12 04:23:32 + : pb-IF4iU0QaEw== kicked > reason: Banned account from discord 
2025-04-12 04:39:42 + : pb-IF4BUnQ-PA== ip: a~o~}jeaiazviv , Device id: 0ff6abc9b630a9833d3dac50af5feee551364d84 
2025-04-12 04:46:03 + : pb-IF4iU0QaEw== kicked > reason: Banned account from discord 
2025-04-12 04:50:17 + : pb-IF4QUUk6HA== ip: aakiakdaid} , Device id: 85ec31a98e3fcea567621dc70f3043da77c9d3b1 
2025-04-12 04:54:08 + : pb-IF4sUUoxHw==|| kicked > new account 
2025-04-12 05:01:55 + : pb-IF4BUnQ-PA== ip: a~o~}jeaiazviv , Device id: 0ff6abc9b630a9833d3dac50af5feee551364d84 
2025-04-12 05:03:40 + : pb-IF4WUUozUw== ip: an~}j`ai`yvc| , Device id: b174710afe1d4d185236ab37d1180663ad353ec5 
2025-04-12 05:09:08 + : pb-IF4iU0QaEw== kicked > reason: Banned account from discord 
2025-04-12 05:25:50 + : pb-IF4mUUY4AA== ip: aaihxvb|n~~ig , Device id: ee63ee709265d604b28470f7ba0b05e574fe1a08 
2025-04-12 05:31:13 + : pb-IF4BUnQ-PA== ip: a~o~}jeaiazviv , Device id: 0ff6abc9b630a9833d3dac50af5feee551364d84 
2025-04-12 05:32:03 + : pb-IF4iU0QaEw== kicked > reason: Banned account from discord 
2025-04-12 05:33:11 + : pb-IF4WUUozUw== ip: an~}j`ai`yvc| , Device id: b174710afe1d4d185236ab37d1180663ad353ec5 
2025-04-12 05:36:00 + : pb-IF4WUUozUw== ip: an~}j`ai`yvc| , Device id: b174710afe1d4d185236ab37d1180663ad353ec5 
2025-04-12 05:36:46 + : pb-IF4BUnQ-PA== ip: a~o~}kdaie{ve , Device id: 0ff6abc9b630a9833d3dac50af5feee551364d84 
2025-04-12 05:42:26 + : pb-IF4BUnQ-PA== ip: a~o~}kdaie{ve , Device id: 0ff6abc9b630a9833d3dac50af5feee551364d84 
2025-04-12 05:45:02 + : pb-IF4pUUUGCg== ip: a~h~}jdaa`akg , Device id: dbc03badc33bd4d0a3e728a5def65d6f867912c8 
2025-04-12 05:57:30 + : pb-IF4WUUozUw== ip: an~}j`ai`yvc| , Device id: b174710afe1d4d185236ab37d1180663ad353ec5 
2025-04-12 05:58:31 + : pb-IF4WUUozUw== ip: an~}j`ai`yvc| , Device id: b174710afe1d4d185236ab37d1180663ad353ec5 
2025-04-12 06:07:38 + : pb-IF4BUnQ-PA== ip: a~o~}kdajdwvi , Device id: 0ff6abc9b630a9833d3dac50af5feee551364d84 
2025-04-12 06:10:37 + : pb-IF4WUUozUw== ip: an~}j`ai`yvc| , Device id: b174710afe1d4d185236ab37d1180663ad353ec5 
2025-04-12 06:17:45 + : pb-IF4eUXoRNQ== ip: azo~|m~}m~z` , Device id: c78f7acdad1d7c2ee82d7d39c6f556d19ca556c3 
2025-04-12 06:17:55 + : pb-IF4iU0QaEw== kicked > reason: Banned account from discord 
2025-04-12 06:33:26 + : pb-IF4FUXcoHw== ip: d|vb|i~}a~~`d , Device id: f7aa721ca8d176a006008fb9bd5f56bfb75517d3 
2025-04-12 06:40:25 + : pb-IF4pUUsMPw==|| kicked > new account 
2025-04-12 06:40:46 + : pb-IF4iU0QaEw== kicked > reason: Banned account from discord 
2025-04-12 06:47:15 + : pb-IF4WUUozUw== ip: an~}j`ai`yvc| , Device id: b174710afe1d4d185236ab37d1180663ad353ec5 
2025-04-12 06:47:31 + : Server started 
2025-04-12 06:48:05 + : pb-IF4WUUozUw== ip: an~}j`ai`yvc| , Device id: b174710afe1d4d185236ab37d1180663ad353ec5 
2025-04-12 06:52:13 + : pb-IF4FUXcoHw== ip: d|vb|i~}a~~`d , Device id: f7aa721ca8d176a006008fb9bd5f56bfb75517d3 
2025-04-12 06:52:40 + : pb-IF4FUXcoHw== ip: d|vb|i~}a~~`d , Device id: f7aa721ca8d176a006008fb9bd5f56bfb75517d3 
2025-04-12 06:52:56 + : pb-IF4FUXcoHw== ip: d|vb|i~}a~~`d , Device id: f7aa721ca8d176a006008fb9bd5f56bfb75517d3 
2025-04-12 06:53:47 + : pb-IF4FUXcoHw== ip: d|vb|i~}a~~`d , Device id: f7aa721ca8d176a006008fb9bd5f56bfb75517d3 
2025-04-12 06:57:02 + : pb-IF4iUHgCKw== started kick vote for pb-IF4HUXgSNQ==. 
2025-04-12 06:57:32 + : Kick vote End 
2025-04-12 06:57:48 + : pb-IF4HUXgSNQ== ip: dvvc{va}o~}ie , Device id: 84382192d456f4e930a83edeed2335c5a9a0b257 
2025-04-12 06:58:59 + : pb-IF4FUXcoHw== ip: d|vb|i~}a~~`d , Device id: f7aa721ca8d176a006008fb9bd5f56bfb75517d3 
2025-04-12 07:00:06 + : pb-IF4FUXcoHw== ip: d|vb|i~}a~~`d , Device id: f7aa721ca8d176a006008fb9bd5f56bfb75517d3 
2025-04-12 07:05:00 + : pb-IF4FUXcoHw== ip: d|vb|i~}a~~`d , Device id: f7aa721ca8d176a006008fb9bd5f56bfb75517d3 
2025-04-12 07:08:46 + : pb-IF5XVRQqLg== started kick vote for pb-IF4XUXQvDQ==. 
2025-04-12 07:09:16 + : Kick vote End 
2025-04-12 07:09:21 + : pb-IF4FUXcoHw== ip: d|vb|i~}a~~`d , Device id: f7aa721ca8d176a006008fb9bd5f56bfb75517d3 
2025-04-12 07:09:35 + : pb-IF4FUXcoHw== ip: d|vb|i~}a~~`d , Device id: f7aa721ca8d176a006008fb9bd5f56bfb75517d3 
2025-04-12 07:09:59 + : pb-IF4FUXcoHw== ip: d|vb|i~}a~~`d , Device id: f7aa721ca8d176a006008fb9bd5f56bfb75517d3 
2025-04-12 07:10:08 + : pb-IF5XUkcjMQ== ip: d}vam~}jeak , Device id: d743804b341816cc7633f23c0c1308ef63f4d075 
2025-04-12 07:18:39 + : Server started 
2025-04-12 07:18:40 + : pb-IF5cUGoGBg== ip: bxveyvewva , Device id: 17cc115a61371f6516c2189dc255a69f7bd3b47f 
2025-04-12 07:19:14 + : pb-IF4WUUozUw== ip: an~}j`ai`yvc| , Device id: b174710afe1d4d185236ab37d1180663ad353ec5 
2025-04-12 07:20:36 + : pb-IF4WUUozUw== ip: an~}j`ai`yvc| , Device id: b174710afe1d4d185236ab37d1180663ad353ec5 
2025-04-12 07:21:31 + : pb-IF5SUUwGIA==|| kicked > new account 
2025-04-12 07:22:13 + : pb-IF4WUUozUw== ip: an~}j`ai`yvc| , Device id: b174710afe1d4d185236ab37d1180663ad353ec5 
2025-04-12 07:22:27 + : Server started 
2025-04-12 07:22:28 + : pb-IF4WUUozUw== ip: an~}j`ai`yvc| , Device id: b174710afe1d4d185236ab37d1180663ad353ec5 
2025-04-12 07:22:28 + : pb-IF5cUGoGBg== ip: bxveyvewva , Device id: 17cc115a61371f6516c2189dc255a69f7bd3b47f 
2025-04-12 07:26:02 + : pb-IF4iU0QaEw== kicked > reason: Banned account from discord 
2025-04-12 07:28:01 + : pb-IF4BUnQ-PA== ip: a~o~}kdajdwvi , Device id: 0ff6abc9b630a9833d3dac50af5feee551364d84 
2025-04-12 07:33:26 + : pb-IF4iUHgCKw== ip: azo~|`~|n~~kb , Device id: 80d9594f3415cd28f1b7d99a60fd216e2a6933f5 
2025-04-12 07:41:08 + : pb-IF4BUnQ-PA== ip: a~o~}kdajdwvi , Device id: 0ff6abc9b630a9833d3dac50af5feee551364d84 
2025-04-12 07:41:14 + : pb-IF4BUnQ-PA== ip: a~o~}kdajdwvi , Device id: 0ff6abc9b630a9833d3dac50af5feee551364d84 
2025-04-12 07:41:15 + : pb-IF4UUHcMDw== ip: axi~{a~~kdao` , Device id: 4eae98f2a9791efc4c6f1fdbddb7b08b168fa212 
2025-04-12 07:41:27 + : pb-IF4iUHgCKw== started kick vote for pb-IF4UUHcMDw==. 
2025-04-12 07:41:33 + : Kick vote End 
2025-04-12 07:41:36 + : pb-IF4UUHcMDw== ip: axi~{a~~kdao` , Device id: 4eae98f2a9791efc4c6f1fdbddb7b08b168fa212 
2025-04-12 07:42:45 + : pb-IF4iUHgCKw== started kick vote for pb-IF4GU1MkDQ==. 
2025-04-12 07:42:49 + : pb-IF4GU1MkDQ== kicked by kickvotes. 
2025-04-12 07:46:20 + : pb-IF4FUXcoHw== ip: d|vb|i~}a~~`d , Device id: f7aa721ca8d176a006008fb9bd5f56bfb75517d3 
2025-04-12 07:46:25 + : pb-IF4iUHgCKw== started kick vote for pb-IF5cUGoGBg==. 
2025-04-12 07:46:31 + : Kick vote End 
2025-04-12 07:46:47 + : pb-IF4BUnQ-PA== ip: a~o~}kdajdwvi , Device id: 0ff6abc9b630a9833d3dac50af5feee551364d84 
2025-04-12 07:49:05 + : pb-IF4iU0QaEw== kicked > reason: Banned account from discord 
2025-04-12 07:49:23 + : pb-IF4WUUozUw== ip: an~}j`ai`yvc| , Device id: b174710afe1d4d185236ab37d1180663ad353ec5 
2025-04-12 07:49:32 + : pb-IF4FUXcoHw== ip: d|vb|i~}a~~`d , Device id: f7aa721ca8d176a006008fb9bd5f56bfb75517d3 
2025-04-12 07:53:56 + : pb-IF4RU1ckVg== ip: azj~z`~~vcv , Device id: d95413c0dd8057e8fdf640653522acf38fff1fa6 
2025-04-12 07:55:24 + : pb-IF4FUXcoHw== ip: d|vb|i~}a~~`d , Device id: f7aa721ca8d176a006008fb9bd5f56bfb75517d3 
2025-04-12 07:56:43 + : pb-IF4UUHcMDw== ip: axi~{a~~kdao` , Device id: 4eae98f2a9791efc4c6f1fdbddb7b08b168fa212 
2025-04-12 07:58:50 + : pb-IF4FUXcoHw== ip: d|vb|i~}a~~`d , Device id: f7aa721ca8d176a006008fb9bd5f56bfb75517d3 
2025-04-12 07:59:00 + : pb-IF4FUXcoHw== ip: d|vb|i~}a~~`d , Device id: f7aa721ca8d176a006008fb9bd5f56bfb75517d3 
2025-04-12 08:01:06 + : pb-IF4FUXcoHw== | kicked for chat spam 
2025-04-12 08:01:52 + : pb-IF4gUUYeUg== ip: bxvf~vayl~w , Device id: 525e1f1079c052be71e7e55bfdb4847fffd408a6 
2025-04-12 08:05:38 + : pb-IF4UUHcMDw== ip: axi~{a~~kdao` , Device id: 4eae98f2a9791efc4c6f1fdbddb7b08b168fa212 
2025-04-12 08:06:08 + : pb-IF4FUXcoHw== ip: d|vb|i~}a~~`d , Device id: f7aa721ca8d176a006008fb9bd5f56bfb75517d3 
2025-04-12 08:06:36 + : pb-IF4FUXcoHw== ip: d|vb|i~}a~~`d , Device id: f7aa721ca8d176a006008fb9bd5f56bfb75517d3 
2025-04-12 08:06:42 + : pb-IF4FUXcoHw== ip: d|vb|i~}a~~`d , Device id: f7aa721ca8d176a006008fb9bd5f56bfb75517d3 
2025-04-12 08:12:43 + : pb-IF4FUXcoHw== ip: d|vb|i~}a~~`d , Device id: f7aa721ca8d176a006008fb9bd5f56bfb75517d3 
2025-04-12 08:21:50 + : pb-IF4WUUozUw== ip: an~}j`ai`yvc| , Device id: b174710afe1d4d185236ab37d1180663ad353ec5 
2025-04-12 08:21:56 + : pb-IF4WUUozUw== ip: an~}j`ai`yvc| , Device id: b174710afe1d4d185236ab37d1180663ad353ec5 
2025-04-12 08:22:02 + : pb-IF5WU1QxEA== started kick vote for pb-IF4tL1IR. 
2025-04-12 08:22:32 + : Kick vote End 
2025-04-12 08:22:52 + : pb-IF4FUXcoHw== ip: d|vb|i~}a~~`d , Device id: f7aa721ca8d176a006008fb9bd5f56bfb75517d3 
2025-04-12 08:23:58 + : pb-IF4zUUk4EA== ip: cyvhzvcxvaw` , Device id: 3e96abd6bb2c0ae84b38e4358b97a2d2960fede7 
2025-04-12 08:24:08 + : pb-IF4FUXcoHw== ip: d|vb|i~}a~~`d , Device id: f7aa721ca8d176a006008fb9bd5f56bfb75517d3 
2025-04-12 08:28:33 + : pb-IF4BUnQ-PA== ip: a~o~}jeaofalc , Device id: 0ff6abc9b630a9833d3dac50af5feee551364d84 
2025-04-12 08:30:02 + : pb-IF4dUUocJw==|| kicked > new account 
2025-04-12 08:30:26 + : pb-IF5cUGoGBg== ip: b}k~~oiaj`vva| , Device id: 17cc115a61371f6516c2189dc255a69f7bd3b47f 
2025-04-12 08:32:05 + : pb-IF4FUXcoHw== ip: d|vb|i~}a~~`d , Device id: f7aa721ca8d176a006008fb9bd5f56bfb75517d3 
2025-04-12 08:32:10 + : pb-IF4WUUozUw== ip: an~}j`ai`yvc| , Device id: b174710afe1d4d185236ab37d1180663ad353ec5 
2025-04-12 08:32:57 + : pb-IF4FUXcoHw== ip: d|vb|i~}a~~`d , Device id: f7aa721ca8d176a006008fb9bd5f56bfb75517d3 
2025-04-12 08:36:14 + : pb-IF4IHGo5 ip: dvvcyvb~k~}ic , Device id: 0c3a1a28d8a096deb54a8ef723a6754005a64994 
2025-04-12 08:37:24 + : pb-IF4IHGo5 ip: dvvcyvb~k~}ic , Device id: 0c3a1a28d8a096deb54a8ef723a6754005a64994 
2025-04-12 08:37:55 + : pb-IF4OUUkOVw== ip: an~}j`ajd{vh| , Device id: 446c4245e4ca49be8e4d1b9ca1d6dcc8c295314d 
2025-04-12 08:37:59 + : pb-IF4MV2FeCg== ip: azo~{`~~idaja} , Device id: 792a7e1fbcd5238ad44783e3ab3ba14fc5ce24f4 
2025-04-12 08:38:56 + : pb-IF4IHGo5 started kick vote for pb-IF4OUUkOVw==. 
2025-04-12 08:39:26 + : Kick vote End 
2025-04-12 08:40:48 + : pb-IF4MV2FeCg== ip: azo~{`~~idaja} , Device id: 792a7e1fbcd5238ad44783e3ab3ba14fc5ce24f4 
2025-04-12 08:40:49 + : pb-IF4DVRdZEw== ip: azj~z`~wj~~lh , Device id: d032306a65a9e0d90df04df1d4b7bc5e205b75ae 
2025-04-12 08:41:03 + : pb-IF4MV2FeCg== ip: azo~{`~~idaja} , Device id: 792a7e1fbcd5238ad44783e3ab3ba14fc5ce24f4 
2025-04-12 08:41:10 + : pb-IF4OUUkOVw== ip: an~}j`ajd{vh| , Device id: 446c4245e4ca49be8e4d1b9ca1d6dcc8c295314d 
2025-04-12 08:41:26 + : pb-IF4OUUkOVw== ip: an~}j`ajd{vh| , Device id: 446c4245e4ca49be8e4d1b9ca1d6dcc8c295314d 
2025-04-12 08:42:19 + : pb-IF4FUXcoHw== ip: d|vb|i~}a~~`d , Device id: f7aa721ca8d176a006008fb9bd5f56bfb75517d3 
2025-04-12 08:42:34 + : pb-IF4PUUgmAA== ip: i}viwva|h~~lc , Device id: 8d222b3a70b1585702ddb249175860989fa636da 
2025-04-12 08:42:46 + : pb-IF4FUXcoHw== ip: d|vb|i~}a~~`d , Device id: f7aa721ca8d176a006008fb9bd5f56bfb75517d3 
2025-04-12 08:43:25 + : pb-IF4FUXcoHw== ip: d|vb|i~}a~~`d , Device id: f7aa721ca8d176a006008fb9bd5f56bfb75517d3 
2025-04-12 08:43:48 + : pb-IF4FUXcoHw== ip: d|vb|i~}a~~`d , Device id: f7aa721ca8d176a006008fb9bd5f56bfb75517d3 
2025-04-12 08:44:01 + : pb-IF4FUXcoHw== ip: d|vb|i~}a~~`d , Device id: f7aa721ca8d176a006008fb9bd5f56bfb75517d3 
2025-04-12 08:44:29 + : pb-IF4FUXcoHw== ip: d|vb|i~}a~~`d , Device id: f7aa721ca8d176a006008fb9bd5f56bfb75517d3 
2025-04-12 08:44:34 + : pb-IF4FUXcoHw== ip: d|vb|i~}a~~`d , Device id: f7aa721ca8d176a006008fb9bd5f56bfb75517d3 
2025-04-12 08:44:37 + : pb-IF4FUXcoHw== ip: d|vb|i~}a~~`d , Device id: f7aa721ca8d176a006008fb9bd5f56bfb75517d3 
2025-04-12 08:46:03 + : pb-IF4WUUozUw== ip: an~}j`ai`yvc| , Device id: b174710afe1d4d185236ab37d1180663ad353ec5 
2025-04-12 08:51:32 + : pb-IF4FUXcoHw== ip: d|vb|i~}a~~`d , Device id: f7aa721ca8d176a006008fb9bd5f56bfb75517d3 
2025-04-12 08:51:53 + : pb-IF4FUXcoHw== ip: d|vb|i~}a~~`d , Device id: f7aa721ca8d176a006008fb9bd5f56bfb75517d3 
2025-04-12 08:51:59 + : pb-IF4FUXcoHw== ip: d|vb|i~}a~~`d , Device id: f7aa721ca8d176a006008fb9bd5f56bfb75517d3 
2025-04-12 08:52:13 + : pb-IF4FUXcoHw== ip: d|vb|i~}a~~`d , Device id: f7aa721ca8d176a006008fb9bd5f56bfb75517d3 
2025-04-12 08:52:38 + : pb-IF4FUXcoHw== ip: d|vb|i~}a~~`d , Device id: f7aa721ca8d176a006008fb9bd5f56bfb75517d3 
2025-04-12 08:53:17 + : pb-IF4FUXcoHw== ip: d|vb|i~}a~~`d , Device id: f7aa721ca8d176a006008fb9bd5f56bfb75517d3 
2025-04-12 08:55:40 + : pb-IF4iU0QaEw== kicked > reason: Banned account from discord 
2025-04-12 08:56:18 + : pb-IF49UUcPIg== ip: azo~|k~~iiakd , Device id: 8aa40ecf8d37241bd9e49888be1e0f6c6ff8a4f8 
2025-04-12 08:56:33 + : pb-IF49UUcPIg== ip: azo~|k~~iiakd , Device id: 8aa40ecf8d37241bd9e49888be1e0f6c6ff8a4f8 
2025-04-12 08:57:08 + : pb-IF5cUGoGBg== ip: b}k~~oiaj`vva| , Device id: 17cc115a61371f6516c2189dc255a69f7bd3b47f 
2025-04-12 08:57:31 + : pb-IF5cUGoGBg== ip: b}k~~oiaj`vva| , Device id: 17cc115a61371f6516c2189dc255a69f7bd3b47f 
2025-04-12 08:58:06 + : pb-IF4BUnQ-PA== ip: a~o~}kdajb}vavn , Device id: 0ff6abc9b630a9833d3dac50af5feee551364d84 
2025-04-12 09:00:20 + : pb-IF4DVRdZEw== ip: azj~z`~wj~~lh , Device id: d032306a65a9e0d90df04df1d4b7bc5e205b75ae 
2025-04-12 09:06:11 + : pb-IF5cUGoGBg== started kick vote for pb-IF5QUFkZUw==. 
2025-04-12 09:06:24 + : Kick vote End 
2025-04-12 09:06:39 + : pb-IF4BUnQ-PA== ip: a~o~}kdajb}vavn , Device id: 0ff6abc9b630a9833d3dac50af5feee551364d84 
2025-04-12 09:08:10 + : pb-IF4BUnQ-PA== ip: a~o~}kdajb}vavn , Device id: 0ff6abc9b630a9833d3dac50af5feee551364d84 
2025-04-12 09:09:02 + : pb-IF4BUnQ-PA== ip: a~o~}kdaibwva{k , Device id: 0ff6abc9b630a9833d3dac50af5feee551364d84 
2025-04-12 09:09:47 + : pb-IF4iU0QaEw== kicked > reason: Banned account from discord 
2025-04-12 09:11:11 + : pb-IF4UUHcMDw== ip: axi~{a~~kdao` , Device id: 4eae98f2a9791efc4c6f1fdbddb7b08b168fa212 
2025-04-12 09:14:56 + : pb-IF5cUGoGBg== ip: b}k~~oiaj`vva| , Device id: 17cc115a61371f6516c2189dc255a69f7bd3b47f 
2025-04-12 09:15:24 + : pb-IF4BUnQ-PA== ip: a~o~}kdaibwva{k , Device id: 0ff6abc9b630a9833d3dac50af5feee551364d84 
2025-04-12 09:19:30 + : pb-IF4WUUozUw== ip: an~}j`ai`yvc| , Device id: b174710afe1d4d185236ab37d1180663ad353ec5 
2025-04-12 09:22:05 + : pb-IF4WUUozUw== ip: an~}j`ai`yvc| , Device id: b174710afe1d4d185236ab37d1180663ad353ec5 
2025-04-12 09:22:46 + : pb-IF40UWtbVg== ip: b}k~~aaalaaig , Device id: 1af4e8b321561da2f124fe63d168bc4422028434 
2025-04-12 09:29:21 + : pb-IF4XVHBdIQ== ip: a}j~~nda`bamd , Device id: df06c8414bbb23569a9458eb3e06dea3e72576da 
2025-04-12 09:30:54 + : pb-IF4SU08EIg== ip: ak~vo~v`~~jg , Device id: 718f417d881005359374a3506c58259a24395e28 
2025-04-12 09:31:08 + : pb-IF4UUHcMDw== ip: axi~{a~~kdao` , Device id: 4eae98f2a9791efc4c6f1fdbddb7b08b168fa212 
2025-04-12 09:32:31 + : pb-IF4SU08EIg== ip: ak~vo~v`~~jg , Device id: 718f417d881005359374a3506c58259a24395e28 
2025-04-12 09:45:42 + : Server started 
2025-04-12 09:47:01 + : pb-IF4iU0QaEw== kicked > reason: Banned account from discord 
2025-04-12 09:50:24 + : pb-IF4WUUozUw== ip: an~}j`ai`yvc| , Device id: b174710afe1d4d185236ab37d1180663ad353ec5 
2025-04-12 09:50:28 + : pb-IF4GUHovLQ== ip: b}k~~`eajdwvb~m , Device id: 58a766139064d9a069eda97e480d7c271d415dda 
2025-04-12 09:52:31 + : pb-IF4BUnQ-PA== ip: a~o~}jea`bajd , Device id: 0ff6abc9b630a9833d3dac50af5feee551364d84 
2025-04-12 09:57:22 + : pb-IF5TUUwRLQ==|| kicked > new account 
2025-04-12 09:59:45 + : pb-IF4BUnQ-PA== ip: a~o~}kdaid}vb~a , Device id: 0ff6abc9b630a9833d3dac50af5feee551364d84 
2025-04-12 10:02:16 + : pb-IF4dUXY_JA== ip: dvvcyvawi~~j` , Device id: 38e14086020fbe5efd264a4b8b0707216ec7c9c8 
2025-04-12 10:10:07 + : pb-IF4TUUoDNA==|| kicked > new account 
2025-04-12 10:13:19 + : pb-IF4iU0QaEw== kicked > reason: Banned account from discord 
2025-04-12 10:18:08 + : pb-IF4WUUozUw== ip: an~}j`ai`yvc| , Device id: b174710afe1d4d185236ab37d1180663ad353ec5 
2025-04-12 10:18:11 + : pb-IF43UUsoEA==|| kicked > new account 
2025-04-12 10:28:42 + : Server started 
2025-04-12 10:29:08 + : pb-IF4WUUozUw== ip: an~}j`ai`yvc| , Device id: b174710afe1d4d185236ab37d1180663ad353ec5 
2025-04-12 10:29:14 + : pb-IF4WUUozUw== ip: an~}j`ai`yvc| , Device id: b174710afe1d4d185236ab37d1180663ad353ec5 
2025-04-12 10:31:57 + : pb-IF4-UUtaDg==|| kicked > new account 
2025-04-12 10:33:46 + : pb-IF4WUUozUw== ip: an~}j`ai`yvc| , Device id: b174710afe1d4d185236ab37d1180663ad353ec5 
2025-04-12 10:35:39 + : pb-IF5cUGoGBg== ip: b}k~~oiaj`vvaa , Device id: 17cc115a61371f6516c2189dc255a69f7bd3b47f 
2025-04-12 10:37:45 + : pb-IF4iU0QaEw== kicked > reason: Banned account from discord 
2025-04-12 10:42:14 + : pb-IF4WUUozUw== ip: an~}j`ai`yvc| , Device id: b174710afe1d4d185236ab37d1180663ad353ec5 
2025-04-12 10:43:00 + : pb-IF4BUnQ-PA== ip: a~o~}kdaid}vb~a , Device id: 0ff6abc9b630a9833d3dac50af5feee551364d84 
2025-04-12 10:44:34 + : pb-IF4KUUsOAw==|| kicked > new account 
2025-04-12 10:44:38 + : pb-IF5cUGoGBg== ip: b}k~~oiaj`vvaa , Device id: 17cc115a61371f6516c2189dc255a69f7bd3b47f 
2025-04-12 10:46:57 + : pb-IF4FUXcoHw== ip: d|vb|i~}a~~`d , Device id: f7aa721ca8d176a006008fb9bd5f56bfb75517d3 
2025-04-12 10:49:13 + : pb-IF5cUGoGBg== ip: b}k~~oiaj`vvaa , Device id: 17cc115a61371f6516c2189dc255a69f7bd3b47f 
2025-04-12 10:49:53 + : pb-IF4zUUk4EA== ip: cyvhzvcxvaw` , Device id: 3e96abd6bb2c0ae84b38e4358b97a2d2960fede7 
2025-04-12 10:51:47 + : pb-IF5cUUkILQ== ip: axn~~o~w`~} , Device id: 964191dbff7702a4e7b66ade4017e913f5978c30 
2025-04-12 10:52:57 + : pb-IF4FUXcoHw== ip: d|vb|i~}a~~`d , Device id: f7aa721ca8d176a006008fb9bd5f56bfb75517d3 
2025-04-12 10:53:09 + : pb-IF4zUUk4EA== ip: cyvhzvcxvaw` , Device id: 3e96abd6bb2c0ae84b38e4358b97a2d2960fede7 
2025-04-12 10:54:57 + : pb-IF4zUUk4EA== ip: cyvhzvcxvaw` , Device id: 3e96abd6bb2c0ae84b38e4358b97a2d2960fede7 
2025-04-12 10:55:54 + : pb-IF4BUnQ-PA== ip: a~o~}kdaid}vb~a , Device id: 0ff6abc9b630a9833d3dac50af5feee551364d84 
2025-04-12 10:57:20 + : pb-IF4NUUo6UA==|| kicked > new account 
2025-04-12 10:58:28 + : pb-IF4BUnQ-PA== ip: a~o~}kdaid}vb~a , Device id: 0ff6abc9b630a9833d3dac50af5feee551364d84 
2025-04-12 10:59:18 + : pb-IF4BUnQ-PA== ip: a~o~}kdaid}vb~a , Device id: 0ff6abc9b630a9833d3dac50af5feee551364d84 
2025-04-12 11:00:34 + : pb-IF4iU0QaEw== kicked > reason: Banned account from discord 
2025-04-12 11:01:01 + : pb-IF4dUUocJw== | kicked > reason:Banned account 
2025-04-12 11:01:31 + : pb-IF4FUXcoHw== ip: d|vb|i~}a~~`d , Device id: f7aa721ca8d176a006008fb9bd5f56bfb75517d3 
2025-04-12 11:01:31 + : pb-IF5cUGoGBg== ip: b}k~~oiaj`vvaa , Device id: 17cc115a61371f6516c2189dc255a69f7bd3b47f 
2025-04-12 11:02:33 + : pb-IF4zUUk4EA== ip: cyvhzvcxvaw` , Device id: 3e96abd6bb2c0ae84b38e4358b97a2d2960fede7 
2025-04-12 11:02:39 + : pb-IF4FUXcoHw== ip: d|vb|i~}a~~`d , Device id: f7aa721ca8d176a006008fb9bd5f56bfb75517d3 
2025-04-12 11:03:35 + : pb-IF4WUUozUw== ip: an~}j`ai`yvc| , Device id: b174710afe1d4d185236ab37d1180663ad353ec5 
2025-04-12 11:09:14 + : pb-IF4BUnQ-PA== ip: a~o~}jeaacaih| , Device id: 0ff6abc9b630a9833d3dac50af5feee551364d84 
2025-04-12 11:12:19 + : pb-IF4FUXcoHw== ip: d|vb|i~}a~~`d , Device id: f7aa721ca8d176a006008fb9bd5f56bfb75517d3 
2025-04-12 11:12:36 + : pb-IF4FUXcoHw== ip: d|vb|i~}a~~`d , Device id: f7aa721ca8d176a006008fb9bd5f56bfb75517d3 
2025-04-12 11:13:25 + : pb-IF4zUUk4EA== ip: cyvhzvcxvaw` , Device id: 3e96abd6bb2c0ae84b38e4358b97a2d2960fede7 
2025-04-12 11:15:36 + : pb-IF4FUXcoHw== ip: d|vb|i~}a~~`d , Device id: f7aa721ca8d176a006008fb9bd5f56bfb75517d3 
2025-04-12 11:16:45 + : pb-IF4zUUk4EA== ip: cyvhzvcxvaw` , Device id: 3e96abd6bb2c0ae84b38e4358b97a2d2960fede7 
2025-04-12 11:18:36 + : pb-IF4zUUk4EA== ip: cyvhzvcxvaw` , Device id: 3e96abd6bb2c0ae84b38e4358b97a2d2960fede7 
2025-04-12 11:18:45 + : pb-IF4zUUk4EA== ip: cyvhzvcxvaw` , Device id: 3e96abd6bb2c0ae84b38e4358b97a2d2960fede7 
2025-04-12 11:20:23 + : pb-IF4BUnQ-PA== ip: a~o~}jeaacaih| , Device id: 0ff6abc9b630a9833d3dac50af5feee551364d84 
2025-04-12 11:20:30 + : pb-IF5RURQ6NQ== ip: a}j~~nbaidxvb}l , Device id: dee72d9e248ffe47bd7fbba15b76306954e937ae 
2025-04-12 11:21:04 + : pb-IF4FUXcoHw== ip: d|vb|i~}a~~`d , Device id: f7aa721ca8d176a006008fb9bd5f56bfb75517d3 
2025-04-12 11:21:11 + : pb-IF4zUUk4EA== ip: cyvhzvcxvaw` , Device id: 3e96abd6bb2c0ae84b38e4358b97a2d2960fede7 
2025-04-12 11:23:03 + : pb-IF4FUXcoHw== ip: d|vb|i~}a~~`d , Device id: f7aa721ca8d176a006008fb9bd5f56bfb75517d3 
2025-04-12 11:25:43 + : pb-IF4zUUk4EA== started kick vote for pb-IF4BVGUmHw==. 
2025-04-12 11:26:13 + : Kick vote End 
2025-04-12 11:32:50 + : pb-IF4FUXcoHw== ip: d|vb|i~}a~~`d , Device id: f7aa721ca8d176a006008fb9bd5f56bfb75517d3 
2025-04-12 11:34:07 + : pb-IF4FUXcoHw== ip: d|vb|i~}a~~`d , Device id: f7aa721ca8d176a006008fb9bd5f56bfb75517d3 
2025-04-12 11:37:00 + : pb-IF4FUXcoHw== ip: d|vb|i~}a~~`d , Device id: f7aa721ca8d176a006008fb9bd5f56bfb75517d3 
2025-04-12 11:37:22 + : pb-IF4BUnQ-PA== ip: a~o~}jeaacaih| , Device id: 0ff6abc9b630a9833d3dac50af5feee551364d84 
2025-04-12 11:38:39 + : pb-IF4FUXcoHw== ip: d|vb|i~}a~~`d , Device id: f7aa721ca8d176a006008fb9bd5f56bfb75517d3 
2025-04-12 11:39:15 + : pb-IF4BUnQ-PA== ip: a~o~}jeaacaih| , Device id: 0ff6abc9b630a9833d3dac50af5feee551364d84 
2025-04-12 11:40:27 + : pb-IF4FUXcoHw== ip: d|vb|i~}a~~`d , Device id: f7aa721ca8d176a006008fb9bd5f56bfb75517d3 
2025-04-12 11:40:32 + : pb-IF4FUXcoHw== ip: d|vb|i~}a~~`d , Device id: f7aa721ca8d176a006008fb9bd5f56bfb75517d3 
2025-04-12 11:40:35 + : pb-IF4BUnQ-PA== ip: a~o~}jeaacaih| , Device id: 0ff6abc9b630a9833d3dac50af5feee551364d84 
2025-04-12 11:42:14 + : pb-IF4WUUozUw== ip: an~}j`ai`yvc| , Device id: b174710afe1d4d185236ab37d1180663ad353ec5 
2025-04-12 11:43:42 + : pb-IF4BUnQ-PA== ip: a~o~}jeaacaih| , Device id: 0ff6abc9b630a9833d3dac50af5feee551364d84 
2025-04-12 11:43:56 + : pb-IF4FUXcoHw== ip: d|vb|i~}a~~`d , Device id: f7aa721ca8d176a006008fb9bd5f56bfb75517d3 
2025-04-12 11:48:50 + : pb-IF4FUXcoHw== ip: d|vb|i~}a~~`d , Device id: f7aa721ca8d176a006008fb9bd5f56bfb75517d3 
2025-04-12 11:49:31 + : pb-IF4FUXcoHw== ip: d|vb|i~}a~~`d , Device id: f7aa721ca8d176a006008fb9bd5f56bfb75517d3 
2025-04-12 11:49:32 + : pb-IF4hUFRYBA== ip: azo~{`~~j`a`` , Device id: 462970ba88bbb136597f689f45ce0bf9aeaa7d68 
2025-04-12 11:49:40 + : pb-IF4zUUk4EA== ip: cyvhzvcxvaw` , Device id: 3e96abd6bb2c0ae84b38e4358b97a2d2960fede7 
2025-04-12 11:50:06 + : pb-IF4BUnQ-PA== ip: a~o~}kdaicxve{ , Device id: 0ff6abc9b630a9833d3dac50af5feee551364d84 
2025-04-12 11:50:48 + : pb-IF4FUXcoHw== ip: d|vb|i~}a~~`d , Device id: f7aa721ca8d176a006008fb9bd5f56bfb75517d3 
2025-04-12 11:52:04 + : pb-IF4FUXcoHw== ip: d|vb|i~}a~~`d , Device id: f7aa721ca8d176a006008fb9bd5f56bfb75517d3 
2025-04-12 12:02:36 + : pb-IF4BUnQ-PA== ip: a~o~}kdaicxve{ , Device id: 0ff6abc9b630a9833d3dac50af5feee551364d84 
2025-04-12 12:03:47 + : pb-IF4FUXcoHw== ip: d|vb|i~}a~~`d , Device id: f7aa721ca8d176a006008fb9bd5f56bfb75517d3 
2025-04-12 12:06:17 + : pb-IF4FUXcoHw== ip: d|vb|i~}a~~`d , Device id: f7aa721ca8d176a006008fb9bd5f56bfb75517d3 
2025-04-12 12:06:29 + : pb-IF4BUnQ-PA== ip: a~o~}kdaicxve{ , Device id: 0ff6abc9b630a9833d3dac50af5feee551364d84 
2025-04-12 12:08:48 + : pb-IF4BUnQ-PA== ip: a~o~}kdaicxve{ , Device id: 0ff6abc9b630a9833d3dac50af5feee551364d84 
2025-04-12 12:09:15 + : pb-IF4iU0QaEw== kicked > reason: Banned account from discord 
2025-04-12 12:11:51 + : pb-IF5VUUI-MQ== ip: azo~{a~}ifaidx , Device id: 3d65e0f42e4037e06ec196d195b50197e9f9ffd9 
2025-04-12 12:13:59 + : pb-IF4FUXcoHw== ip: d|vb|i~}a~~`d , Device id: f7aa721ca8d176a006008fb9bd5f56bfb75517d3 
2025-04-12 12:15:02 + : pb-IF4UUHcMDw== ip: axi~{a~~kdao` , Device id: 4eae98f2a9791efc4c6f1fdbddb7b08b168fa212 
2025-04-12 12:19:04 + : pb-IF4zUUk4EA== ip: cyvhzvcxvaw` , Device id: 3e96abd6bb2c0ae84b38e4358b97a2d2960fede7 
2025-04-12 12:25:25 + : pb-IF4gUHAoBw== ip: ak~}khai`xval , Device id: 69973012e821b106cd15cf9e8f37adffaf161686 
2025-04-12 12:31:49 + : pb-IF4BUnQ-PA== ip: a~o~}kdaicxve{ , Device id: 0ff6abc9b630a9833d3dac50af5feee551364d84 
2025-04-12 12:32:27 + : pb-IF4BVGUmHw== ip: dvvazvb|l~|k , Device id: 1470b5286499f0c75c0f1dc0c66a9b5c10541166 
2025-04-12 12:39:38 + : pb-IF5VUUI-MQ== | kicked for betraying 
2025-04-12 12:55:05 + : pb-IF4iU0QaEw== kicked > reason: Banned account from discord 
2025-04-12 13:00:19 + : pb-IF42VRMqMQ== ip: awk~wo~}mdajdv , Device id: 1929bbdc78024fe736c0101505b0aac5dff60d85 
2025-04-12 13:01:02 + : pb-IF5cUGoGBg== ip: b}k~}kiaiazvax , Device id: 17cc115a61371f6516c2189dc255a69f7bd3b47f 
2025-04-12 13:01:44 + : pb-IF5cUGoGBg== ip: b}k~}kiaiazvax , Device id: 17cc115a61371f6516c2189dc255a69f7bd3b47f 
2025-04-12 13:02:09 + : pb-IF5cUGoGBg== ip: b}k~}kiaiazvax , Device id: 17cc115a61371f6516c2189dc255a69f7bd3b47f 
2025-04-12 13:02:16 + : pb-IF5cUGoGBg== ip: b}k~}kiaiazvax , Device id: 17cc115a61371f6516c2189dc255a69f7bd3b47f 
2025-04-12 13:03:45 + : pb-IF5cUGoGBg== ip: b}k~}kiaiazvax , Device id: 17cc115a61371f6516c2189dc255a69f7bd3b47f 
2025-04-12 13:13:13 + : pb-IF4zUUk4EA== ip: cyvhzvcxvaw` , Device id: 3e96abd6bb2c0ae84b38e4358b97a2d2960fede7 
2025-04-12 13:17:43 + : pb-IF4iU0QaEw== kicked > reason: Banned account from discord 
2025-04-12 13:23:07 + : pb-IF4BUnQ-PA== ip: a~o~}kdaicxve{ , Device id: 0ff6abc9b630a9833d3dac50af5feee551364d84 
2025-04-12 13:24:21 + : pb-IF4BUnQ-PA== ip: a~o~}kdaicxve{ , Device id: 0ff6abc9b630a9833d3dac50af5feee551364d84 
2025-04-12 13:24:56 + : pb-IF5cUGoGBg== ip: b}k~}kiaiazvax , Device id: 17cc115a61371f6516c2189dc255a69f7bd3b47f 
2025-04-12 13:30:36 + : pb-IF5WU1QxEA== ip: awj~ym~vve} , Device id: 17290eb0ae0b1bd6b23d24478848bb9c72f23c53 
2025-04-12 13:32:52 + : pb-JiNJARFYXERGXFtDGEJUUFJBE0JZQ1NL ip: ak~~`iajb~vbi , Device id: 002c7cd5343333e75c9be752c4912cf97527dcdc 
2025-04-12 13:36:02 + : pb-IF5WU1QxEA== started kick vote for pb-IF4FUWUsMA==. 
2025-04-12 13:36:32 + : Kick vote End 
2025-04-12 13:40:12 + : pb-IF4iU0QaEw== kicked > reason: Banned account from discord 
2025-04-12 13:40:15 + : pb-IF4nUHMlAA== ip: bxveyvbzj~~ha , Device id: 7ff92ce871c60e85e3d2c8e0fb006cdc92017bdf 
2025-04-12 13:50:37 + : pb-IF4nUHMlAA== ip: bxveyvbzj~~ha , Device id: 7ff92ce871c60e85e3d2c8e0fb006cdc92017bdf 
2025-04-12 14:03:03 + : pb-IF4iU0QaEw== kicked > reason: Banned account from discord 
2025-04-12 14:05:41 + : pb-IF43VFg8Vg== ip: azj~z`~}maajaw , Device id: 4345502618cacfa9d2b4c501d3fc8308e1908c4c 
2025-04-12 14:06:51 + : pb-IF5XUU0jCw==|| kicked > new account 
2025-04-12 14:10:39 + : pb-IF43VFg8Vg== ip: azj~z`~}maajaw , Device id: 4345502618cacfa9d2b4c501d3fc8308e1908c4c 
2025-04-12 14:12:53 + : pb-IF43VFg8Vg== ip: azj~z`~}maajaw , Device id: 4345502618cacfa9d2b4c501d3fc8308e1908c4c 
2025-04-12 14:13:10 + : pb-IF4FUWUsMA== | kicked for betraying 
2025-04-12 14:18:02 + : pb-JiNJARFYXERGXFtDGEJUUFJBE0JZQ1NL started kick vote for pb-IF4LUFAgCA==. 
2025-04-12 14:18:32 + : Kick vote End 
2025-04-12 14:23:56 + : pb-IF4WUUozUw== ip: an~}j`ai`yvc| , Device id: b174710afe1d4d185236ab37d1180663ad353ec5 
2025-04-12 14:25:53 + : pb-IF4iU0QaEw== kicked > reason: Banned account from discord 
2025-04-12 14:36:28 + : pb-IF4PUUgmAA== ip: i}viwva|h~~lc , Device id: 8d222b3a70b1585702ddb249175860989fa636da 
2025-04-12 14:48:59 + : pb-IF4iU0QaEw== kicked > reason: Banned account from discord 
2025-04-12 15:20:09 + : Server started 
2025-04-12 15:21:37 + : pb-IF5cUGoGBg== ip: b}k~}kiaiazvax , Device id: 17cc115a61371f6516c2189dc255a69f7bd3b47f 
2025-04-12 15:25:30 + : pb-IF42UXEAUg== ip: bxvf~vf~vgx , Device id: a80e192da9426a56b71059e04b42fe0db5a50738 
2025-04-12 15:31:09 + : pb-IF4FUXcoHw== ip: d|vb|i~}`~~lg , Device id: f7aa721ca8d176a006008fb9bd5f56bfb75517d3 
2025-04-12 15:31:55 + : pb-IF4BUnQ-PA== ip: a~o~}jeaib{va{i , Device id: 0ff6abc9b630a9833d3dac50af5feee551364d84 
2025-04-12 15:34:06 + : pb-IF4iU0QaEw== kicked > reason: Banned account from discord 
2025-04-12 15:56:59 + : pb-IF4iU0QaEw== kicked > reason: Banned account from discord 
2025-04-12 16:10:22 + : pb-IF4iU0QaEw== kicked > reason: Banned account from discord 
2025-04-12 16:21:55 + : pb-IF4eUBZYEw== ip: bxvf}vb{m~}lf , Device id: 2c140e0607ffd3724d0f038dea86c0f577e600b0 
2025-04-12 16:26:19 + : pb-IF4WUUozUw== ip: an~}j`ai`yvc| , Device id: b174710afe1d4d185236ab37d1180663ad353ec5 
2025-04-12 16:32:40 + : pb-IF4iU0QaEw== kicked > reason: Banned account from discord 
2025-04-12 16:38:32 + : pb-IF4zAEYS ip: b}k~~`eancai`~ , Device id: 284288b406616deea5721583ea44228ba4cda860 
2025-04-12 16:52:04 + : pb-IF4BUnQ-PA== ip: a~o~}jeai`vva{` , Device id: 0ff6abc9b630a9833d3dac50af5feee551364d84 
2025-04-12 16:52:39 + : pb-IF4BUnQ-PA== ip: a~o~}jeai`vva{` , Device id: 0ff6abc9b630a9833d3dac50af5feee551364d84 
2025-04-12 16:54:52 + : pb-IF4HUUstJw==|| kicked > new account 
2025-04-12 16:56:13 + : pb-IF4iU0QaEw== kicked > reason: Banned account from discord 
2025-04-12 17:19:23 + : pb-IF4iU0QaEw== kicked > reason: Banned account from discord 
2025-04-12 17:38:56 + : pb-IF4AUXBdLA== ip: bxveyvh~vb|k , Device id: c5ef327caadca55eb8b5155ebbb0ca1d1f50259a 
2025-04-12 17:42:37 + : pb-IF4iU0QaEw== kicked > reason: Banned account from discord 
2025-04-12 17:44:17 + : pb-IF4dU3omNA== kicked > reason: Banned account from discord 
2025-04-12 18:28:36 + : pb-IF4iU0QaEw== kicked > reason: Banned account from discord 
2025-04-12 18:51:00 + : pb-IF4iU0QaEw== kicked > reason: Banned account from discord 
2025-04-12 19:00:59 + : pb-IF4dURRfCw== ip: d~va|m~yj~}k , Device id: 3b557c0473fc6948af1422f059b44944346b9753 
2025-04-12 19:14:13 + : pb-IF4iU0QaEw== kicked > reason: Banned account from discord 
2025-04-12 19:37:44 + : pb-IF4iU0QaEw== kicked > reason: Banned account from discord 
2025-04-12 20:00:04 + : pb-IF4iU0QaEw== kicked > reason: Banned account from discord 
2025-04-12 20:22:12 + : pb-IF4iU0QaEw== kicked > reason: Banned account from discord 
2025-04-12 20:39:43 + : pb-IF4zUUk4EA== ip: cyvhzvcxvaw` , Device id: 3e96abd6bb2c0ae84b38e4358b97a2d2960fede7 
2025-04-12 20:42:23 + : pb-IF4zUUk4EA== ip: cyvhzvcxvaw` , Device id: 3e96abd6bb2c0ae84b38e4358b97a2d2960fede7 
2025-04-12 20:43:36 + : pb-IF4zUUk4EA== ip: cyvhzvcxvaw` , Device id: 3e96abd6bb2c0ae84b38e4358b97a2d2960fede7 
2025-04-12 20:44:17 + : pb-IF4iU0QaEw== kicked > reason: Banned account from discord 
2025-04-12 20:47:50 + : pb-IF4PVHU8DA== ip: eaibyvb{`~{i , Device id: 359624b6e3d8f8a9c8462c7b41efa886527d42e4 
2025-04-12 20:50:37 + : pb-IF49UEQTMQ== started kick vote for pb-IF4zUUk4EA==. 
2025-04-12 20:51:07 + : Kick vote End 
2025-04-12 20:59:50 + : pb-IF4vUXAEFg== started kick vote for pb-IF4zUUk4EA==. 
2025-04-12 20:59:53 + : pb-JiNJARBTXEJEXV9BGENRXFVGGUNfQ1FA ip: dvvcyva}i~|` , Device id: 1f1e836aa4519a51b934674af2a3db5b5cae4ded 
2025-04-12 21:00:20 + : Kick vote End 
2025-04-12 21:01:29 + : pb-IF4vUXAEFg== ip: azj~za~|`~y , Device id: 814ee387e7ba33c80949ef85962b9d2389469575 
2025-04-12 21:02:06 + : pb-IF4uUUYxBw== ip: an~~aealdan` , Device id: a01b09846d56656459e1a6174c3e3b9610719f20 
2025-04-12 21:02:14 + : pb-IF4uUUYxBw== ip: an~~aealdan` , Device id: a01b09846d56656459e1a6174c3e3b9610719f20 
2025-04-12 21:02:16 + : pb-JiNJARBTXEJEXV9BGENRXFVGGUNfQ1FA ip: dvvcyva}i~|` , Device id: 1f1e836aa4519a51b934674af2a3db5b5cae4ded 
2025-04-12 21:05:11 + : pb-JiNJARBfV0NFW1ZFGURUXFZFE0VaQlVE ip: d}van~|o~xn , Device id: 147aa6e5bc30ad5cd9effb235c1f505738ab049f 
2025-04-12 21:06:39 + : pb-IF4iU0QaEw== kicked > reason: Banned account from discord 
2025-04-12 21:13:08 + : pb-JiNJARBfV0NFW1ZFGURUXFZFE0VaQlVE started kick vote for pb-IF4zUUk4EA==. 
2025-04-12 21:13:38 + : Kick vote End 
2025-04-12 21:16:37 + : pb-JiNJARBTXEJEXV9BGENRXFVGGUNfQ1FA | kicked for betraying 
2025-04-12 21:18:14 + : pb-IF4zUUk4EA== ip: cyvhzvcxvaw` , Device id: 3e96abd6bb2c0ae84b38e4358b97a2d2960fede7 
2025-04-12 21:20:23 + : pb-IF4uUUYxBw== | kicked for betraying 
2025-04-12 21:21:16 + : Server started 
2025-04-12 21:21:55 + : pb-IF4zUUk4EA== ip: cyvhzvcxvaw` , Device id: 3e96abd6bb2c0ae84b38e4358b97a2d2960fede7 
2025-04-12 21:22:28 + : pb-IF4xVVQpLg== ip: cyvhzvcxvaw` , Device id: fb49313f1213cd840b02c07bcd15f34aeb347185 
2025-04-12 21:27:03 + : pb-IF4PURkRFw== ip: a~o~~`aajd|vba , Device id: 8a26af3c205fcd911bf1edd8f0f463a1d4bf36f0 
2025-04-12 21:27:21 + : pb-IF4xVVQpLg== started kick vote for pb-IF4PURkRFw==. 
2025-04-12 21:27:24 + : pb-IF4PURkRFw== kicked by kickvotes. 
2025-04-12 21:29:15 + : pb-IF4iU0QaEw== kicked > reason: Banned account from discord 
2025-04-12 21:35:58 + : pb-IF5UDG8I ip: axi~{`~wm~~nd , Device id: ce09ec5ee34308e24b9b0bfa552e07050701e46d 
2025-04-12 21:42:10 + : pb-IF4xVVQpLg== started kick vote for pb-IF5TUxktCw==. 
2025-04-12 21:42:14 + : pb-IF5TUxktCw== kicked by kickvotes. 
2025-04-12 21:51:23 + : pb-IF4iU0QaEw== kicked > reason: Banned account from discord 
2025-04-12 22:26:29 + : pb-IF4zUUk4EA== ip: cyvhzvcxvaw` , Device id: 3e96abd6bb2c0ae84b38e4358b97a2d2960fede7 
2025-04-12 22:34:32 + : pb-IF4zUUk4EA== ip: cyvhzvcxvaw` , Device id: 3e96abd6bb2c0ae84b38e4358b97a2d2960fede7 
2025-04-12 22:40:45 + : pb-IF5WUXgTEQ== ip: b}k~~`gaia}vfx , Device id: 3ddc22b7df8f0980adc171a292b87b8300d20ad2 
2025-04-12 22:44:08 + : pb-IF43UnA4Vg== ip: azo~|m~}o~~mb , Device id: 780cd4cd4177771430dc680c124f6e1f98a863ba 
2025-04-12 22:57:35 + : pb-IF4iU0QaEw== kicked > reason: Banned account from discord 
2025-04-12 23:11:55 + : pb-IF4iU0QaEw== kicked > reason: Banned account from discord 
2025-04-12 23:23:54 + : pb-IF4zUUk4EA== ip: cyvhzvcxvaw` , Device id: 3e96abd6bb2c0ae84b38e4358b97a2d2960fede7 
2025-04-12 23:33:38 + : pb-IF4iU0QaEw== kicked > reason: Banned account from discord 
2025-04-12 23:55:45 + : pb-IF4iU0QaEw== kicked > reason: Banned account from discord 
2025-04-13 00:16:20 + : pb-IF4iU0QaEw== kicked > reason: Banned account from discord 
2025-04-13 00:39:19 + : pb-IF4iU0QaEw== kicked > reason: Banned account from discord 
2025-04-13 01:01:01 + : pb-IF4iU0QaEw== kicked > reason: Banned account from discord 
2025-04-13 01:15:22 + : pb-IF4FUXcoHw== ip: d|vb|i~}`~~kb , Device id: f7aa721ca8d176a006008fb9bd5f56bfb75517d3 
2025-04-13 01:22:22 + : pb-IF4iU0QaEw== kicked > reason: Banned account from discord 
2025-04-13 01:44:18 + : pb-IF4iU0QaEw== kicked > reason: Banned account from discord 
2025-04-13 01:48:01 + : pb-IF4PUUssIw==|| kicked > new account 
2025-04-13 01:57:21 + : pb-IF48UXkDMg== ip: d}vao~~acaka , Device id: 93e595bcb53ded9c9d966ad3a0df79539a1ab1b0 
2025-04-13 02:02:52 + : pb-IF5cUGoGBg== ip: bxveyvcaib , Device id: 17cc115a61371f6516c2189dc255a69f7bd3b47f 
2025-04-13 02:12:20 + : pb-IF4iU0QaEw== kicked > reason: Banned account from discord 
2025-04-13 02:18:57 + : Server started 
2025-04-13 02:23:54 + : pb-IF4iU0QaEw== kicked > reason: Banned account from discord 
2025-04-13 02:26:08 + : pb-IF5cUGoGBg== ip: bxveyvcaib , Device id: 17cc115a61371f6516c2189dc255a69f7bd3b47f 
2025-04-13 02:27:34 + : pb-IF4AUXAaIA== ip: azj~za~~lgaad , Device id: 79fab461df34bb0d5605d021746074ecbaa37579 
2025-04-13 02:27:42 + : pb-IF4BUnQ-PA== ip: a~o~}jeaa`ak` , Device id: 0ff6abc9b630a9833d3dac50af5feee551364d84 
2025-04-13 02:28:00 + : pb-IF4BUnQ-PA== ip: a~o~}jeaa`ak` , Device id: 0ff6abc9b630a9833d3dac50af5feee551364d84 
2025-04-13 02:49:31 + : Server started 
2025-04-13 03:06:02 + : pb-IF4oUXgnKg== ip: an~xo~~mfakh , Device id: 47a1dd94de6352049b14216cbe4ce3b16bd4c3d5 
2025-04-13 03:08:04 + : pb-IF40UXQqNg== ip: azo~zi~~l~}ib , Device id: e903031d7c6924690d9f6c404af987e0bc86df8b 
2025-04-13 03:10:15 + : pb-IF4iU0QaEw== kicked > reason: Banned account from discord 
2025-04-13 03:16:26 + : pb-IF5cUUwcPA==|| kicked > new account 
2025-04-13 03:20:34 + : pb-IF4JUUtaNw==|| kicked > new account 
2025-04-13 04:23:40 + : Server started 
2025-04-13 04:33:57 + : pb-IF4FUXcoHw== ip: d|vb|i~}`~~kb , Device id: f7aa721ca8d176a006008fb9bd5f56bfb75517d3 
2025-04-13 04:34:28 + : pb-IF4BUnQ-PA== ip: a~o~}jeaa`ak` , Device id: 0ff6abc9b630a9833d3dac50af5feee551364d84 
2025-04-13 04:37:44 + : pb-IF4iU0QaEw== kicked > reason: Banned account from discord 
2025-04-13 04:47:36 + : pb-IF4BUnQ-PA== ip: a~o~}jeaa`ak` , Device id: 0ff6abc9b630a9833d3dac50af5feee551364d84 
2025-04-13 05:01:07 + : pb-IF4iU0QaEw== kicked > reason: Banned account from discord 
2025-04-13 05:03:06 + : pb-IF4BUnQ-PA== ip: a~o~}jeaa`ak` , Device id: 0ff6abc9b630a9833d3dac50af5feee551364d84 
2025-04-13 05:05:23 + : pb-IF4BUnQ-PA== ip: a~o~}jeaa`ak` , Device id: 0ff6abc9b630a9833d3dac50af5feee551364d84 
2025-04-13 05:13:08 + : pb-IF4BUnQ-PA== ip: a~o~}jeaa`ak` , Device id: 0ff6abc9b630a9833d3dac50af5feee551364d84 
2025-04-13 05:18:38 + : pb-IF4WUUozUw== ip: an~}jaa`faicz , Device id: b174710afe1d4d185236ab37d1180663ad353ec5 
2025-04-13 05:18:53 + : pb-IF4BUnQ-PA== ip: a~o~}jeaa`ak` , Device id: 0ff6abc9b630a9833d3dac50af5feee551364d84 
2025-04-13 05:22:59 + : pb-IF4BUnQ-PA== ip: a~o~}jeaa`ak` , Device id: 0ff6abc9b630a9833d3dac50af5feee551364d84 
2025-04-13 05:23:55 + : Server started 
2025-04-13 05:23:56 + : pb-IF4iU0QaEw== kicked > reason: Banned account from discord 
2025-04-13 05:24:29 + : pb-IF4WUUozUw== ip: an~}jaa`faicz , Device id: b174710afe1d4d185236ab37d1180663ad353ec5 
2025-04-13 05:24:34 + : pb-IF4BUnQ-PA== ip: a~o~}jeaa`ak` , Device id: 0ff6abc9b630a9833d3dac50af5feee551364d84 
2025-04-13 05:29:35 + : pb-IF4wU28zAA== ip: azj~zo~~kgajb~ , Device id: db71f50ae9b9160b47718a0099ef5548a9945873 
2025-04-13 05:30:03 + : pb-IF49VxkBKw== ip: bxvevvi|vaa , Device id: fb74da2be68dd3996976928128d3632f9d637076 
2025-04-13 05:46:05 + : pb-IF4iU0QaEw== kicked > reason: Banned account from discord 
2025-04-13 06:04:23 + : pb-IF48UmUbUg== ip: azj~z`~}m`aah , Device id: 760561866ce2321a790811297c78d7781ba24c68 
2025-04-13 06:08:23 + : pb-IF4iU0QaEw== kicked > reason: Banned account from discord 
2025-04-13 06:09:06 + : pb-IF48UmUbUg== ip: azj~z`~}m`aah , Device id: 760561866ce2321a790811297c78d7781ba24c68 
2025-04-13 06:12:59 + : pb-IF4mUUY4AA== ip: aaihxvb|i~zm , Device id: ee63ee709265d604b28470f7ba0b05e574fe1a08 
2025-04-13 06:16:04 + : pb-IF4mUUY4AA== ip: aaihxvb|i~zm , Device id: ee63ee709265d604b28470f7ba0b05e574fe1a08 
2025-04-13 06:21:22 + : pb-IF4oUUUPNA== ip: aakiaia{va{i , Device id: 717eb316e6ba2d94aae42bbc78962d39b699470c 
2025-04-13 06:24:12 + : pb-IF4BUXQdLw== ip: a{a~}meajc~vcx , Device id: 92a7ad90de4cc30de3ba9b9d41d70edde064523c 
2025-04-13 06:29:24 + : pb-IF4GUUsBUQ==|| kicked > new account 
2025-04-13 06:30:53 + : pb-IF4iU0QaEw== kicked > reason: Banned account from discord 
2025-04-13 06:33:53 + : pb-IF4oUUUPNA== ip: aakiaia{va{i , Device id: 717eb316e6ba2d94aae42bbc78962d39b699470c 
2025-04-13 06:38:46 + : pb-IF4TUUodFg==|| kicked > new account 
2025-04-13 07:01:17 + : Server started 
2025-04-13 07:01:22 + : pb-IF4WUUozUw== ip: an~}jaa`faicz , Device id: b174710afe1d4d185236ab37d1180663ad353ec5 
2025-04-13 07:04:40 + : pb-IF5VUU0JPQ==|| kicked > new account 
2025-04-13 07:07:03 + : pb-IF4FUXcoHw== ip: d|vb|i~}`~~kb , Device id: f7aa721ca8d176a006008fb9bd5f56bfb75517d3 
2025-04-13 07:08:09 + : pb-IF4jU1QhEw== ip: bxvixvah~wn , Device id: be143f0f3eb461d2c74bb6f31132c236305af75d 
2025-04-13 07:11:56 + : pb-IF4iU0QaEw== kicked > reason: Banned account from discord 
